2026-01-17 07:20:52,110 - DeepPrint_prod - INFO - Iniciando treinamento em modo prod
2026-01-17 07:20:52,194 - DeepPrint_prod - INFO - GPU disponível: NVIDIA GeForce RTX 2070
2026-01-17 07:20:52,194 - DeepPrint_prod - INFO - Dispositivo: cuda:0
2026-01-17 07:20:53,660 - DeepPrint_prod - INFO - Número total de classes (origens únicas): 2120
2026-01-17 07:20:53,669 - DeepPrint_prod - INFO - Classificador configurado com 2120 classes
2026-01-17 07:20:53,680 - DeepPrint_prod - INFO - Center Loss inicializado com 2120 classes
2026-01-17 07:20:58,757 - DeepPrint_prod - INFO - Epoch 1 Batch 10/320 - Loss: 15.6227 - Mem: 1670.7MB
2026-01-17 07:21:03,007 - DeepPrint_prod - INFO - Epoch 1 Batch 20/320 - Loss: 15.7992 - Mem: 1670.8MB
2026-01-17 07:21:07,228 - DeepPrint_prod - INFO - Epoch 1 Batch 30/320 - Loss: 15.8874 - Mem: 1670.8MB
2026-01-17 07:21:11,456 - DeepPrint_prod - INFO - Epoch 1 Batch 40/320 - Loss: 15.9884 - Mem: 1670.8MB
2026-01-17 07:21:15,732 - DeepPrint_prod - INFO - Epoch 1 Batch 50/320 - Loss: 15.9970 - Mem: 1670.8MB
2026-01-17 07:21:20,042 - DeepPrint_prod - INFO - Epoch 1 Batch 60/320 - Loss: 15.9821 - Mem: 1670.9MB
2026-01-17 07:21:24,486 - DeepPrint_prod - INFO - Epoch 1 Batch 70/320 - Loss: 15.9604 - Mem: 1670.9MB
2026-01-17 07:21:28,805 - DeepPrint_prod - INFO - Epoch 1 Batch 80/320 - Loss: 15.9235 - Mem: 1670.9MB
2026-01-17 07:21:33,176 - DeepPrint_prod - INFO - Epoch 1 Batch 90/320 - Loss: 15.9045 - Mem: 1670.9MB
2026-01-17 07:21:37,508 - DeepPrint_prod - INFO - Epoch 1 Batch 100/320 - Loss: 15.8870 - Mem: 1670.9MB
2026-01-17 07:21:41,869 - DeepPrint_prod - INFO - Epoch 1 Batch 110/320 - Loss: 15.8623 - Mem: 1670.9MB
2026-01-17 07:21:46,245 - DeepPrint_prod - INFO - Epoch 1 Batch 120/320 - Loss: 15.8458 - Mem: 1670.9MB
2026-01-17 07:21:50,633 - DeepPrint_prod - INFO - Epoch 1 Batch 130/320 - Loss: 15.8267 - Mem: 1670.9MB
2026-01-17 07:21:55,085 - DeepPrint_prod - INFO - Epoch 1 Batch 140/320 - Loss: 15.8093 - Mem: 1670.9MB
2026-01-17 07:21:59,527 - DeepPrint_prod - INFO - Epoch 1 Batch 150/320 - Loss: 15.7895 - Mem: 1670.9MB
2026-01-17 07:22:03,959 - DeepPrint_prod - INFO - Epoch 1 Batch 160/320 - Loss: 15.7768 - Mem: 1670.9MB
2026-01-17 07:22:08,386 - DeepPrint_prod - INFO - Epoch 1 Batch 170/320 - Loss: 15.7644 - Mem: 1670.9MB
2026-01-17 07:22:12,840 - DeepPrint_prod - INFO - Epoch 1 Batch 180/320 - Loss: 15.7493 - Mem: 1671.0MB
2026-01-17 07:22:17,350 - DeepPrint_prod - INFO - Epoch 1 Batch 190/320 - Loss: 15.7340 - Mem: 1671.0MB
2026-01-17 07:22:21,827 - DeepPrint_prod - INFO - Epoch 1 Batch 200/320 - Loss: 15.7183 - Mem: 1671.0MB
2026-01-17 07:22:26,330 - DeepPrint_prod - INFO - Epoch 1 Batch 210/320 - Loss: 15.7039 - Mem: 1671.0MB
2026-01-17 07:22:30,836 - DeepPrint_prod - INFO - Epoch 1 Batch 220/320 - Loss: 15.6922 - Mem: 1671.0MB
2026-01-17 07:22:35,358 - DeepPrint_prod - INFO - Epoch 1 Batch 230/320 - Loss: 15.6765 - Mem: 1671.0MB
2026-01-17 07:22:39,921 - DeepPrint_prod - INFO - Epoch 1 Batch 240/320 - Loss: 15.6628 - Mem: 1671.0MB
2026-01-17 07:22:44,530 - DeepPrint_prod - INFO - Epoch 1 Batch 250/320 - Loss: 15.6484 - Mem: 1671.0MB
2026-01-17 07:22:49,090 - DeepPrint_prod - INFO - Epoch 1 Batch 260/320 - Loss: 15.6288 - Mem: 1671.0MB
2026-01-17 07:22:53,668 - DeepPrint_prod - INFO - Epoch 1 Batch 270/320 - Loss: 15.6153 - Mem: 1671.0MB
2026-01-17 07:22:58,259 - DeepPrint_prod - INFO - Epoch 1 Batch 280/320 - Loss: 15.5988 - Mem: 1671.0MB
2026-01-17 07:23:02,783 - DeepPrint_prod - INFO - Epoch 1 Batch 290/320 - Loss: 15.5841 - Mem: 1671.0MB
2026-01-17 07:23:07,400 - DeepPrint_prod - INFO - Epoch 1 Batch 300/320 - Loss: 15.5677 - Mem: 1671.0MB
2026-01-17 07:23:12,183 - DeepPrint_prod - INFO - Epoch 1 Batch 310/320 - Loss: 15.5516 - Mem: 1671.0MB
2026-01-17 07:23:16,770 - DeepPrint_prod - INFO - Epoch 1 Batch 320/320 - Loss: 15.5155 - Mem: 1701.6MB
2026-01-17 07:23:32,592 - DeepPrint_prod - INFO - Melhor modelo salvo em /media/DRAGONSTONE/MEGAsync/Forense/Papiloscopia/Compara_Metodos_Automaticos/Plataformas/Experimento/exp3_reranking/models/best_model.pt
2026-01-17 07:23:32,593 - DeepPrint_prod - INFO - Epoch 1 - Train Loss: 15.5155 - Val Loss: 16.8559
2026-01-17 07:23:37,410 - DeepPrint_prod - INFO - Epoch 2 Batch 10/320 - Loss: 14.8044 - Mem: 1756.8MB
2026-01-17 07:23:41,977 - DeepPrint_prod - INFO - Epoch 2 Batch 20/320 - Loss: 14.8288 - Mem: 1756.8MB
2026-01-17 07:23:46,523 - DeepPrint_prod - INFO - Epoch 2 Batch 30/320 - Loss: 14.8277 - Mem: 1756.8MB
2026-01-17 07:23:51,113 - DeepPrint_prod - INFO - Epoch 2 Batch 40/320 - Loss: 14.8151 - Mem: 1756.8MB
2026-01-17 07:23:55,699 - DeepPrint_prod - INFO - Epoch 2 Batch 50/320 - Loss: 14.8117 - Mem: 1756.8MB
2026-01-17 07:24:00,227 - DeepPrint_prod - INFO - Epoch 2 Batch 60/320 - Loss: 14.8008 - Mem: 1756.8MB
2026-01-17 07:24:04,784 - DeepPrint_prod - INFO - Epoch 2 Batch 70/320 - Loss: 14.7855 - Mem: 1756.8MB
2026-01-17 07:24:09,431 - DeepPrint_prod - INFO - Epoch 2 Batch 80/320 - Loss: 14.7746 - Mem: 1756.8MB
2026-01-17 07:24:13,927 - DeepPrint_prod - INFO - Epoch 2 Batch 90/320 - Loss: 14.7582 - Mem: 1756.8MB
2026-01-17 07:24:18,416 - DeepPrint_prod - INFO - Epoch 2 Batch 100/320 - Loss: 14.7554 - Mem: 1756.8MB
2026-01-17 07:24:22,935 - DeepPrint_prod - INFO - Epoch 2 Batch 110/320 - Loss: 14.7489 - Mem: 1756.8MB
2026-01-17 07:24:27,438 - DeepPrint_prod - INFO - Epoch 2 Batch 120/320 - Loss: 14.7455 - Mem: 1756.8MB
2026-01-17 07:24:31,942 - DeepPrint_prod - INFO - Epoch 2 Batch 130/320 - Loss: 14.7336 - Mem: 1756.8MB
2026-01-17 07:24:36,402 - DeepPrint_prod - INFO - Epoch 2 Batch 140/320 - Loss: 14.7269 - Mem: 1756.8MB
2026-01-17 07:24:40,932 - DeepPrint_prod - INFO - Epoch 2 Batch 150/320 - Loss: 14.7201 - Mem: 1756.8MB
2026-01-17 07:24:45,382 - DeepPrint_prod - INFO - Epoch 2 Batch 160/320 - Loss: 14.7079 - Mem: 1756.8MB
2026-01-17 07:24:49,890 - DeepPrint_prod - INFO - Epoch 2 Batch 170/320 - Loss: 14.7012 - Mem: 1756.8MB
2026-01-17 07:24:54,368 - DeepPrint_prod - INFO - Epoch 2 Batch 180/320 - Loss: 14.6862 - Mem: 1756.8MB
2026-01-17 07:24:58,847 - DeepPrint_prod - INFO - Epoch 2 Batch 190/320 - Loss: 14.6763 - Mem: 1756.8MB
2026-01-17 07:25:03,436 - DeepPrint_prod - INFO - Epoch 2 Batch 200/320 - Loss: 14.6649 - Mem: 1756.8MB
2026-01-17 07:25:07,921 - DeepPrint_prod - INFO - Epoch 2 Batch 210/320 - Loss: 14.6517 - Mem: 1756.8MB
2026-01-17 07:25:12,449 - DeepPrint_prod - INFO - Epoch 2 Batch 220/320 - Loss: 14.6398 - Mem: 1756.8MB
2026-01-17 07:25:16,979 - DeepPrint_prod - INFO - Epoch 2 Batch 230/320 - Loss: 14.6278 - Mem: 1756.8MB
2026-01-17 07:25:21,529 - DeepPrint_prod - INFO - Epoch 2 Batch 240/320 - Loss: 14.6150 - Mem: 1756.8MB
2026-01-17 07:25:26,056 - DeepPrint_prod - INFO - Epoch 2 Batch 250/320 - Loss: 14.6030 - Mem: 1756.8MB
2026-01-17 07:25:30,549 - DeepPrint_prod - INFO - Epoch 2 Batch 260/320 - Loss: 14.5925 - Mem: 1756.8MB
2026-01-17 07:25:35,042 - DeepPrint_prod - INFO - Epoch 2 Batch 270/320 - Loss: 14.5802 - Mem: 1756.8MB
2026-01-17 07:25:39,568 - DeepPrint_prod - INFO - Epoch 2 Batch 280/320 - Loss: 14.5674 - Mem: 1756.8MB
2026-01-17 07:25:44,111 - DeepPrint_prod - INFO - Epoch 2 Batch 290/320 - Loss: 14.5563 - Mem: 1756.8MB
2026-01-17 07:25:48,685 - DeepPrint_prod - INFO - Epoch 2 Batch 300/320 - Loss: 14.5456 - Mem: 1756.8MB
2026-01-17 07:25:53,231 - DeepPrint_prod - INFO - Epoch 2 Batch 310/320 - Loss: 14.5361 - Mem: 1756.8MB
2026-01-17 07:25:57,564 - DeepPrint_prod - INFO - Epoch 2 Batch 320/320 - Loss: 14.5045 - Mem: 1756.8MB
2026-01-17 07:26:14,617 - DeepPrint_prod - INFO - Melhor modelo salvo em /media/DRAGONSTONE/MEGAsync/Forense/Papiloscopia/Compara_Metodos_Automaticos/Plataformas/Experimento/exp3_reranking/models/best_model.pt
2026-01-17 07:26:14,618 - DeepPrint_prod - INFO - Epoch 2 - Train Loss: 14.5045 - Val Loss: 16.0303
2026-01-17 07:26:19,513 - DeepPrint_prod - INFO - Epoch 3 Batch 10/320 - Loss: 13.9142 - Mem: 1758.0MB
2026-01-17 07:26:24,004 - DeepPrint_prod - INFO - Epoch 3 Batch 20/320 - Loss: 13.9155 - Mem: 1758.0MB
2026-01-17 07:26:28,542 - DeepPrint_prod - INFO - Epoch 3 Batch 30/320 - Loss: 13.9078 - Mem: 1758.0MB
2026-01-17 07:26:33,045 - DeepPrint_prod - INFO - Epoch 3 Batch 40/320 - Loss: 13.9073 - Mem: 1758.0MB
2026-01-17 07:26:37,576 - DeepPrint_prod - INFO - Epoch 3 Batch 50/320 - Loss: 13.9015 - Mem: 1758.0MB
2026-01-17 07:26:42,085 - DeepPrint_prod - INFO - Epoch 3 Batch 60/320 - Loss: 13.8996 - Mem: 1758.0MB
2026-01-17 07:26:46,613 - DeepPrint_prod - INFO - Epoch 3 Batch 70/320 - Loss: 13.8926 - Mem: 1758.0MB
2026-01-17 07:26:51,170 - DeepPrint_prod - INFO - Epoch 3 Batch 80/320 - Loss: 13.8790 - Mem: 1758.0MB
2026-01-17 07:26:55,703 - DeepPrint_prod - INFO - Epoch 3 Batch 90/320 - Loss: 13.8695 - Mem: 1758.0MB
2026-01-17 07:27:00,227 - DeepPrint_prod - INFO - Epoch 3 Batch 100/320 - Loss: 13.8687 - Mem: 1758.0MB
2026-01-17 07:27:04,753 - DeepPrint_prod - INFO - Epoch 3 Batch 110/320 - Loss: 13.8580 - Mem: 1758.0MB
2026-01-17 07:27:09,263 - DeepPrint_prod - INFO - Epoch 3 Batch 120/320 - Loss: 13.8480 - Mem: 1758.0MB
2026-01-17 07:27:13,807 - DeepPrint_prod - INFO - Epoch 3 Batch 130/320 - Loss: 13.8341 - Mem: 1758.0MB
2026-01-17 07:27:18,386 - DeepPrint_prod - INFO - Epoch 3 Batch 140/320 - Loss: 13.8232 - Mem: 1758.0MB
2026-01-17 07:27:22,971 - DeepPrint_prod - INFO - Epoch 3 Batch 150/320 - Loss: 13.8139 - Mem: 1758.0MB
2026-01-17 07:27:27,511 - DeepPrint_prod - INFO - Epoch 3 Batch 160/320 - Loss: 13.8044 - Mem: 1758.0MB
2026-01-17 07:27:32,060 - DeepPrint_prod - INFO - Epoch 3 Batch 170/320 - Loss: 13.7946 - Mem: 1758.0MB
2026-01-17 07:27:36,624 - DeepPrint_prod - INFO - Epoch 3 Batch 180/320 - Loss: 13.7855 - Mem: 1758.0MB
2026-01-17 07:27:41,148 - DeepPrint_prod - INFO - Epoch 3 Batch 190/320 - Loss: 13.7760 - Mem: 1758.0MB
2026-01-17 07:27:45,668 - DeepPrint_prod - INFO - Epoch 3 Batch 200/320 - Loss: 13.7692 - Mem: 1758.0MB
2026-01-17 07:27:50,213 - DeepPrint_prod - INFO - Epoch 3 Batch 210/320 - Loss: 13.7592 - Mem: 1758.0MB
2026-01-17 07:27:54,785 - DeepPrint_prod - INFO - Epoch 3 Batch 220/320 - Loss: 13.7445 - Mem: 1758.0MB
2026-01-17 07:27:59,291 - DeepPrint_prod - INFO - Epoch 3 Batch 230/320 - Loss: 13.7300 - Mem: 1758.0MB
2026-01-17 07:28:03,813 - DeepPrint_prod - INFO - Epoch 3 Batch 240/320 - Loss: 13.7209 - Mem: 1758.0MB
2026-01-17 07:28:08,296 - DeepPrint_prod - INFO - Epoch 3 Batch 250/320 - Loss: 13.7102 - Mem: 1758.0MB
2026-01-17 07:28:12,778 - DeepPrint_prod - INFO - Epoch 3 Batch 260/320 - Loss: 13.6984 - Mem: 1758.0MB
2026-01-17 07:28:17,267 - DeepPrint_prod - INFO - Epoch 3 Batch 270/320 - Loss: 13.6878 - Mem: 1758.0MB
2026-01-17 07:28:21,782 - DeepPrint_prod - INFO - Epoch 3 Batch 280/320 - Loss: 13.6800 - Mem: 1758.0MB
2026-01-17 07:28:26,232 - DeepPrint_prod - INFO - Epoch 3 Batch 290/320 - Loss: 13.6685 - Mem: 1758.0MB
2026-01-17 07:28:30,785 - DeepPrint_prod - INFO - Epoch 3 Batch 300/320 - Loss: 13.6568 - Mem: 1758.0MB
2026-01-17 07:28:35,269 - DeepPrint_prod - INFO - Epoch 3 Batch 310/320 - Loss: 13.6466 - Mem: 1758.0MB
2026-01-17 07:28:39,533 - DeepPrint_prod - INFO - Epoch 3 Batch 320/320 - Loss: 13.6191 - Mem: 1758.0MB
2026-01-17 07:28:56,133 - DeepPrint_prod - INFO - Melhor modelo salvo em /media/DRAGONSTONE/MEGAsync/Forense/Papiloscopia/Compara_Metodos_Automaticos/Plataformas/Experimento/exp3_reranking/models/best_model.pt
2026-01-17 07:28:56,134 - DeepPrint_prod - INFO - Epoch 3 - Train Loss: 13.6191 - Val Loss: 15.1829
2026-01-17 07:29:01,008 - DeepPrint_prod - INFO - Epoch 4 Batch 10/320 - Loss: 13.0512 - Mem: 1758.1MB
2026-01-17 07:29:05,575 - DeepPrint_prod - INFO - Epoch 4 Batch 20/320 - Loss: 13.0742 - Mem: 1758.1MB
2026-01-17 07:29:10,105 - DeepPrint_prod - INFO - Epoch 4 Batch 30/320 - Loss: 13.0766 - Mem: 1758.1MB
2026-01-17 07:29:14,635 - DeepPrint_prod - INFO - Epoch 4 Batch 40/320 - Loss: 13.0677 - Mem: 1758.1MB
2026-01-17 07:29:19,172 - DeepPrint_prod - INFO - Epoch 4 Batch 50/320 - Loss: 13.0653 - Mem: 1758.1MB
2026-01-17 07:29:23,694 - DeepPrint_prod - INFO - Epoch 4 Batch 60/320 - Loss: 13.0546 - Mem: 1758.1MB
2026-01-17 07:29:28,247 - DeepPrint_prod - INFO - Epoch 4 Batch 70/320 - Loss: 13.0589 - Mem: 1758.1MB
2026-01-17 07:29:32,808 - DeepPrint_prod - INFO - Epoch 4 Batch 80/320 - Loss: 13.0611 - Mem: 1758.1MB
2026-01-17 07:29:37,369 - DeepPrint_prod - INFO - Epoch 4 Batch 90/320 - Loss: 13.0484 - Mem: 1758.1MB
2026-01-17 07:29:41,944 - DeepPrint_prod - INFO - Epoch 4 Batch 100/320 - Loss: 13.0380 - Mem: 1758.1MB
2026-01-17 07:29:46,497 - DeepPrint_prod - INFO - Epoch 4 Batch 110/320 - Loss: 13.0299 - Mem: 1758.1MB
2026-01-17 07:29:51,048 - DeepPrint_prod - INFO - Epoch 4 Batch 120/320 - Loss: 13.0233 - Mem: 1758.1MB
2026-01-17 07:29:55,592 - DeepPrint_prod - INFO - Epoch 4 Batch 130/320 - Loss: 13.0163 - Mem: 1758.1MB
2026-01-17 07:30:00,156 - DeepPrint_prod - INFO - Epoch 4 Batch 140/320 - Loss: 13.0095 - Mem: 1758.1MB
2026-01-17 07:30:04,744 - DeepPrint_prod - INFO - Epoch 4 Batch 150/320 - Loss: 13.0014 - Mem: 1758.1MB
2026-01-17 07:30:09,328 - DeepPrint_prod - INFO - Epoch 4 Batch 160/320 - Loss: 12.9943 - Mem: 1758.1MB
2026-01-17 07:30:13,886 - DeepPrint_prod - INFO - Epoch 4 Batch 170/320 - Loss: 12.9887 - Mem: 1758.1MB
2026-01-17 07:30:18,436 - DeepPrint_prod - INFO - Epoch 4 Batch 180/320 - Loss: 12.9850 - Mem: 1758.1MB
2026-01-17 07:30:23,024 - DeepPrint_prod - INFO - Epoch 4 Batch 190/320 - Loss: 12.9709 - Mem: 1758.1MB
2026-01-17 07:30:27,596 - DeepPrint_prod - INFO - Epoch 4 Batch 200/320 - Loss: 12.9645 - Mem: 1758.1MB
2026-01-17 07:30:32,139 - DeepPrint_prod - INFO - Epoch 4 Batch 210/320 - Loss: 12.9572 - Mem: 1758.1MB
2026-01-17 07:30:36,786 - DeepPrint_prod - INFO - Epoch 4 Batch 220/320 - Loss: 12.9485 - Mem: 1758.1MB
2026-01-17 07:30:41,329 - DeepPrint_prod - INFO - Epoch 4 Batch 230/320 - Loss: 12.9398 - Mem: 1758.1MB
2026-01-17 07:30:45,876 - DeepPrint_prod - INFO - Epoch 4 Batch 240/320 - Loss: 12.9316 - Mem: 1758.1MB
2026-01-17 07:30:50,457 - DeepPrint_prod - INFO - Epoch 4 Batch 250/320 - Loss: 12.9254 - Mem: 1758.1MB
2026-01-17 07:30:55,011 - DeepPrint_prod - INFO - Epoch 4 Batch 260/320 - Loss: 12.9172 - Mem: 1758.1MB
2026-01-17 07:30:59,595 - DeepPrint_prod - INFO - Epoch 4 Batch 270/320 - Loss: 12.9098 - Mem: 1758.1MB
2026-01-17 07:31:04,175 - DeepPrint_prod - INFO - Epoch 4 Batch 280/320 - Loss: 12.8985 - Mem: 1758.1MB
2026-01-17 07:31:08,764 - DeepPrint_prod - INFO - Epoch 4 Batch 290/320 - Loss: 12.8858 - Mem: 1758.1MB
2026-01-17 07:31:13,384 - DeepPrint_prod - INFO - Epoch 4 Batch 300/320 - Loss: 12.8769 - Mem: 1758.1MB
2026-01-17 07:31:17,905 - DeepPrint_prod - INFO - Epoch 4 Batch 310/320 - Loss: 12.8684 - Mem: 1758.1MB
2026-01-17 07:31:22,302 - DeepPrint_prod - INFO - Epoch 4 Batch 320/320 - Loss: 12.8434 - Mem: 1758.1MB
2026-01-17 07:31:39,096 - DeepPrint_prod - INFO - Melhor modelo salvo em /media/DRAGONSTONE/MEGAsync/Forense/Papiloscopia/Compara_Metodos_Automaticos/Plataformas/Experimento/exp3_reranking/models/best_model.pt
2026-01-17 07:31:39,096 - DeepPrint_prod - INFO - Epoch 4 - Train Loss: 12.8434 - Val Loss: 14.4132
2026-01-17 07:31:43,783 - DeepPrint_prod - INFO - Epoch 5 Batch 10/320 - Loss: 12.3742 - Mem: 1758.1MB
2026-01-17 07:31:48,099 - DeepPrint_prod - INFO - Epoch 5 Batch 20/320 - Loss: 12.3644 - Mem: 1758.1MB
2026-01-17 07:31:52,313 - DeepPrint_prod - INFO - Epoch 5 Batch 30/320 - Loss: 12.3618 - Mem: 1758.1MB
2026-01-17 07:31:56,421 - DeepPrint_prod - INFO - Epoch 5 Batch 40/320 - Loss: 12.3618 - Mem: 1758.1MB
2026-01-17 07:32:00,501 - DeepPrint_prod - INFO - Epoch 5 Batch 50/320 - Loss: 12.3617 - Mem: 1758.1MB
2026-01-17 07:32:04,586 - DeepPrint_prod - INFO - Epoch 5 Batch 60/320 - Loss: 12.3488 - Mem: 1758.1MB
2026-01-17 07:32:08,664 - DeepPrint_prod - INFO - Epoch 5 Batch 70/320 - Loss: 12.3458 - Mem: 1758.1MB
2026-01-17 07:32:12,774 - DeepPrint_prod - INFO - Epoch 5 Batch 80/320 - Loss: 12.3447 - Mem: 1758.1MB
2026-01-17 07:32:16,882 - DeepPrint_prod - INFO - Epoch 5 Batch 90/320 - Loss: 12.3334 - Mem: 1758.1MB
2026-01-17 07:32:21,000 - DeepPrint_prod - INFO - Epoch 5 Batch 100/320 - Loss: 12.3368 - Mem: 1758.1MB
2026-01-17 07:32:25,072 - DeepPrint_prod - INFO - Epoch 5 Batch 110/320 - Loss: 12.3339 - Mem: 1758.1MB
2026-01-17 07:32:29,153 - DeepPrint_prod - INFO - Epoch 5 Batch 120/320 - Loss: 12.3282 - Mem: 1758.1MB
2026-01-17 07:32:33,235 - DeepPrint_prod - INFO - Epoch 5 Batch 130/320 - Loss: 12.3220 - Mem: 1758.1MB
2026-01-17 07:32:37,369 - DeepPrint_prod - INFO - Epoch 5 Batch 140/320 - Loss: 12.3140 - Mem: 1758.1MB
2026-01-17 07:32:41,493 - DeepPrint_prod - INFO - Epoch 5 Batch 150/320 - Loss: 12.3078 - Mem: 1758.1MB
2026-01-17 07:32:45,588 - DeepPrint_prod - INFO - Epoch 5 Batch 160/320 - Loss: 12.3020 - Mem: 1758.1MB
2026-01-17 07:32:49,666 - DeepPrint_prod - INFO - Epoch 5 Batch 170/320 - Loss: 12.2951 - Mem: 1758.1MB
2026-01-17 07:32:53,759 - DeepPrint_prod - INFO - Epoch 5 Batch 180/320 - Loss: 12.2880 - Mem: 1758.1MB
2026-01-17 07:32:57,830 - DeepPrint_prod - INFO - Epoch 5 Batch 190/320 - Loss: 12.2813 - Mem: 1758.1MB
2026-01-17 07:33:02,002 - DeepPrint_prod - INFO - Epoch 5 Batch 200/320 - Loss: 12.2756 - Mem: 1758.1MB
2026-01-17 07:33:06,183 - DeepPrint_prod - INFO - Epoch 5 Batch 210/320 - Loss: 12.2669 - Mem: 1758.1MB
2026-01-17 07:33:10,239 - DeepPrint_prod - INFO - Epoch 5 Batch 220/320 - Loss: 12.2594 - Mem: 1758.1MB
2026-01-17 07:33:14,302 - DeepPrint_prod - INFO - Epoch 5 Batch 230/320 - Loss: 12.2540 - Mem: 1758.1MB
2026-01-17 07:33:18,406 - DeepPrint_prod - INFO - Epoch 5 Batch 240/320 - Loss: 12.2460 - Mem: 1758.1MB
2026-01-17 07:33:22,512 - DeepPrint_prod - INFO - Epoch 5 Batch 250/320 - Loss: 12.2375 - Mem: 1758.1MB
2026-01-17 07:33:26,619 - DeepPrint_prod - INFO - Epoch 5 Batch 260/320 - Loss: 12.2341 - Mem: 1758.1MB
2026-01-17 07:33:30,764 - DeepPrint_prod - INFO - Epoch 5 Batch 270/320 - Loss: 12.2228 - Mem: 1758.1MB
2026-01-17 07:33:34,867 - DeepPrint_prod - INFO - Epoch 5 Batch 280/320 - Loss: 12.2166 - Mem: 1758.1MB
2026-01-17 07:33:38,972 - DeepPrint_prod - INFO - Epoch 5 Batch 290/320 - Loss: 12.2096 - Mem: 1758.1MB
2026-01-17 07:33:43,087 - DeepPrint_prod - INFO - Epoch 5 Batch 300/320 - Loss: 12.1994 - Mem: 1758.1MB
2026-01-17 07:33:47,193 - DeepPrint_prod - INFO - Epoch 5 Batch 310/320 - Loss: 12.1918 - Mem: 1758.1MB
2026-01-17 07:33:51,141 - DeepPrint_prod - INFO - Epoch 5 Batch 320/320 - Loss: 12.1736 - Mem: 1758.1MB
2026-01-17 07:34:06,514 - DeepPrint_prod - INFO - Melhor modelo salvo em /media/DRAGONSTONE/MEGAsync/Forense/Papiloscopia/Compara_Metodos_Automaticos/Plataformas/Experimento/exp3_reranking/models/best_model.pt
2026-01-17 07:34:06,515 - DeepPrint_prod - INFO - Epoch 5 - Train Loss: 12.1736 - Val Loss: 13.7074
2026-01-17 07:34:10,862 - DeepPrint_prod - INFO - Epoch 6 Batch 10/320 - Loss: 11.7705 - Mem: 1758.2MB
2026-01-17 07:34:15,170 - DeepPrint_prod - INFO - Epoch 6 Batch 20/320 - Loss: 11.7623 - Mem: 1758.2MB
2026-01-17 07:34:19,760 - DeepPrint_prod - INFO - Epoch 6 Batch 30/320 - Loss: 11.7490 - Mem: 1758.2MB
2026-01-17 07:34:24,320 - DeepPrint_prod - INFO - Epoch 6 Batch 40/320 - Loss: 11.7381 - Mem: 1758.2MB
2026-01-17 07:34:28,891 - DeepPrint_prod - INFO - Epoch 6 Batch 50/320 - Loss: 11.7453 - Mem: 1758.2MB
2026-01-17 07:34:33,495 - DeepPrint_prod - INFO - Epoch 6 Batch 60/320 - Loss: 11.7492 - Mem: 1758.2MB
2026-01-17 07:34:38,059 - DeepPrint_prod - INFO - Epoch 6 Batch 70/320 - Loss: 11.7521 - Mem: 1758.2MB
2026-01-17 07:34:42,708 - DeepPrint_prod - INFO - Epoch 6 Batch 80/320 - Loss: 11.7443 - Mem: 1758.2MB
2026-01-17 07:34:47,324 - DeepPrint_prod - INFO - Epoch 6 Batch 90/320 - Loss: 11.7341 - Mem: 1758.2MB
2026-01-17 07:34:52,333 - DeepPrint_prod - INFO - Epoch 6 Batch 100/320 - Loss: 11.7339 - Mem: 1758.2MB
2026-01-17 07:34:57,457 - DeepPrint_prod - INFO - Epoch 6 Batch 110/320 - Loss: 11.7294 - Mem: 1758.2MB
2026-01-17 07:35:02,875 - DeepPrint_prod - INFO - Epoch 6 Batch 120/320 - Loss: 11.7272 - Mem: 1758.2MB
2026-01-17 07:35:08,185 - DeepPrint_prod - INFO - Epoch 6 Batch 130/320 - Loss: 11.7151 - Mem: 1758.2MB
2026-01-17 07:35:13,580 - DeepPrint_prod - INFO - Epoch 6 Batch 140/320 - Loss: 11.7131 - Mem: 1758.2MB
2026-01-17 07:35:20,006 - DeepPrint_prod - INFO - Epoch 6 Batch 150/320 - Loss: 11.7068 - Mem: 1758.2MB
2026-01-17 07:35:25,760 - DeepPrint_prod - INFO - Epoch 6 Batch 160/320 - Loss: 11.7021 - Mem: 1758.2MB
2026-01-17 07:35:30,869 - DeepPrint_prod - INFO - Epoch 6 Batch 170/320 - Loss: 11.6938 - Mem: 1758.2MB
2026-01-17 07:35:35,871 - DeepPrint_prod - INFO - Epoch 6 Batch 180/320 - Loss: 11.6894 - Mem: 1758.2MB
2026-01-17 07:35:41,082 - DeepPrint_prod - INFO - Epoch 6 Batch 190/320 - Loss: 11.6850 - Mem: 1758.2MB
2026-01-17 07:35:46,397 - DeepPrint_prod - INFO - Epoch 6 Batch 200/320 - Loss: 11.6793 - Mem: 1758.2MB
2026-01-17 07:35:51,409 - DeepPrint_prod - INFO - Epoch 6 Batch 210/320 - Loss: 11.6733 - Mem: 1758.2MB
2026-01-17 07:35:56,754 - DeepPrint_prod - INFO - Epoch 6 Batch 220/320 - Loss: 11.6674 - Mem: 1758.2MB
2026-01-17 07:36:02,164 - DeepPrint_prod - INFO - Epoch 6 Batch 230/320 - Loss: 11.6574 - Mem: 1758.2MB
2026-01-17 07:36:07,146 - DeepPrint_prod - INFO - Epoch 6 Batch 240/320 - Loss: 11.6508 - Mem: 1758.2MB
2026-01-17 07:36:11,719 - DeepPrint_prod - INFO - Epoch 6 Batch 250/320 - Loss: 11.6460 - Mem: 1758.2MB
2026-01-17 07:36:16,226 - DeepPrint_prod - INFO - Epoch 6 Batch 260/320 - Loss: 11.6384 - Mem: 1758.2MB
2026-01-17 07:36:20,775 - DeepPrint_prod - INFO - Epoch 6 Batch 270/320 - Loss: 11.6337 - Mem: 1758.2MB
2026-01-17 07:36:25,242 - DeepPrint_prod - INFO - Epoch 6 Batch 280/320 - Loss: 11.6274 - Mem: 1758.2MB
2026-01-17 07:36:29,775 - DeepPrint_prod - INFO - Epoch 6 Batch 290/320 - Loss: 11.6183 - Mem: 1758.2MB
2026-01-17 07:36:34,247 - DeepPrint_prod - INFO - Epoch 6 Batch 300/320 - Loss: 11.6118 - Mem: 1758.2MB
2026-01-17 07:36:38,721 - DeepPrint_prod - INFO - Epoch 6 Batch 310/320 - Loss: 11.6042 - Mem: 1758.2MB
2026-01-17 07:36:43,160 - DeepPrint_prod - INFO - Epoch 6 Batch 320/320 - Loss: 11.5855 - Mem: 1758.2MB
2026-01-17 07:36:59,616 - DeepPrint_prod - INFO - Melhor modelo salvo em /media/DRAGONSTONE/MEGAsync/Forense/Papiloscopia/Compara_Metodos_Automaticos/Plataformas/Experimento/exp3_reranking/models/best_model.pt
2026-01-17 07:36:59,617 - DeepPrint_prod - INFO - Epoch 6 - Train Loss: 11.5855 - Val Loss: 13.1155
2026-01-17 07:37:04,551 - DeepPrint_prod - INFO - Epoch 7 Batch 10/320 - Loss: 11.2702 - Mem: 1758.5MB
2026-01-17 07:37:09,049 - DeepPrint_prod - INFO - Epoch 7 Batch 20/320 - Loss: 11.2473 - Mem: 1758.5MB
2026-01-17 07:37:13,589 - DeepPrint_prod - INFO - Epoch 7 Batch 30/320 - Loss: 11.2381 - Mem: 1758.5MB
2026-01-17 07:37:18,139 - DeepPrint_prod - INFO - Epoch 7 Batch 40/320 - Loss: 11.2365 - Mem: 1758.5MB
2026-01-17 07:37:22,794 - DeepPrint_prod - INFO - Epoch 7 Batch 50/320 - Loss: 11.2281 - Mem: 1758.5MB
2026-01-17 07:37:27,319 - DeepPrint_prod - INFO - Epoch 7 Batch 60/320 - Loss: 11.2284 - Mem: 1758.5MB
2026-01-17 07:37:31,878 - DeepPrint_prod - INFO - Epoch 7 Batch 70/320 - Loss: 11.2278 - Mem: 1758.5MB
2026-01-17 07:37:36,434 - DeepPrint_prod - INFO - Epoch 7 Batch 80/320 - Loss: 11.2236 - Mem: 1758.5MB
2026-01-17 07:37:41,064 - DeepPrint_prod - INFO - Epoch 7 Batch 90/320 - Loss: 11.2169 - Mem: 1758.5MB
2026-01-17 07:37:45,650 - DeepPrint_prod - INFO - Epoch 7 Batch 100/320 - Loss: 11.2160 - Mem: 1758.5MB
2026-01-17 07:37:50,265 - DeepPrint_prod - INFO - Epoch 7 Batch 110/320 - Loss: 11.2066 - Mem: 1758.5MB
2026-01-17 07:37:54,861 - DeepPrint_prod - INFO - Epoch 7 Batch 120/320 - Loss: 11.2000 - Mem: 1758.5MB
2026-01-17 07:37:59,474 - DeepPrint_prod - INFO - Epoch 7 Batch 130/320 - Loss: 11.1914 - Mem: 1758.5MB
2026-01-17 07:38:04,172 - DeepPrint_prod - INFO - Epoch 7 Batch 140/320 - Loss: 11.1825 - Mem: 1758.5MB
2026-01-17 07:38:08,972 - DeepPrint_prod - INFO - Epoch 7 Batch 150/320 - Loss: 11.1844 - Mem: 1758.5MB
2026-01-17 07:38:13,972 - DeepPrint_prod - INFO - Epoch 7 Batch 160/320 - Loss: 11.1786 - Mem: 1758.5MB
2026-01-17 07:38:18,612 - DeepPrint_prod - INFO - Epoch 7 Batch 170/320 - Loss: 11.1766 - Mem: 1758.5MB
2026-01-17 07:38:23,184 - DeepPrint_prod - INFO - Epoch 7 Batch 180/320 - Loss: 11.1750 - Mem: 1758.5MB
2026-01-17 07:38:28,074 - DeepPrint_prod - INFO - Epoch 7 Batch 190/320 - Loss: 11.1689 - Mem: 1758.5MB
2026-01-17 07:38:33,019 - DeepPrint_prod - INFO - Epoch 7 Batch 200/320 - Loss: 11.1633 - Mem: 1758.5MB
2026-01-17 07:38:37,540 - DeepPrint_prod - INFO - Epoch 7 Batch 210/320 - Loss: 11.1573 - Mem: 1758.5MB
2026-01-17 07:38:42,121 - DeepPrint_prod - INFO - Epoch 7 Batch 220/320 - Loss: 11.1511 - Mem: 1758.5MB
2026-01-17 07:38:46,695 - DeepPrint_prod - INFO - Epoch 7 Batch 230/320 - Loss: 11.1430 - Mem: 1758.5MB
2026-01-17 07:38:51,189 - DeepPrint_prod - INFO - Epoch 7 Batch 240/320 - Loss: 11.1377 - Mem: 1758.5MB
2026-01-17 07:38:55,793 - DeepPrint_prod - INFO - Epoch 7 Batch 250/320 - Loss: 11.1309 - Mem: 1758.5MB
2026-01-17 07:39:00,410 - DeepPrint_prod - INFO - Epoch 7 Batch 260/320 - Loss: 11.1266 - Mem: 1758.5MB
2026-01-17 07:39:04,964 - DeepPrint_prod - INFO - Epoch 7 Batch 270/320 - Loss: 11.1210 - Mem: 1758.5MB
2026-01-17 07:39:09,478 - DeepPrint_prod - INFO - Epoch 7 Batch 280/320 - Loss: 11.1144 - Mem: 1758.5MB
2026-01-17 07:39:14,024 - DeepPrint_prod - INFO - Epoch 7 Batch 290/320 - Loss: 11.1100 - Mem: 1758.5MB
2026-01-17 07:39:18,811 - DeepPrint_prod - INFO - Epoch 7 Batch 300/320 - Loss: 11.1043 - Mem: 1758.5MB
2026-01-17 07:39:23,437 - DeepPrint_prod - INFO - Epoch 7 Batch 310/320 - Loss: 11.0985 - Mem: 1758.5MB
2026-01-17 07:39:28,106 - DeepPrint_prod - INFO - Epoch 7 Batch 320/320 - Loss: 11.0828 - Mem: 1758.5MB
2026-01-17 07:39:45,204 - DeepPrint_prod - INFO - Melhor modelo salvo em /media/DRAGONSTONE/MEGAsync/Forense/Papiloscopia/Compara_Metodos_Automaticos/Plataformas/Experimento/exp3_reranking/models/best_model.pt
2026-01-17 07:39:45,205 - DeepPrint_prod - INFO - Epoch 7 - Train Loss: 11.0828 - Val Loss: 12.5994
2026-01-17 07:39:50,568 - DeepPrint_prod - INFO - Epoch 8 Batch 10/320 - Loss: 10.7462 - Mem: 1758.5MB
2026-01-17 07:39:54,936 - DeepPrint_prod - INFO - Epoch 8 Batch 20/320 - Loss: 10.7512 - Mem: 1758.5MB
2026-01-17 07:39:59,150 - DeepPrint_prod - INFO - Epoch 8 Batch 30/320 - Loss: 10.7601 - Mem: 1758.5MB
2026-01-17 07:40:03,303 - DeepPrint_prod - INFO - Epoch 8 Batch 40/320 - Loss: 10.7583 - Mem: 1758.5MB
2026-01-17 07:40:07,377 - DeepPrint_prod - INFO - Epoch 8 Batch 50/320 - Loss: 10.7553 - Mem: 1758.5MB
2026-01-17 07:40:11,457 - DeepPrint_prod - INFO - Epoch 8 Batch 60/320 - Loss: 10.7534 - Mem: 1758.5MB
2026-01-17 07:40:15,542 - DeepPrint_prod - INFO - Epoch 8 Batch 70/320 - Loss: 10.7493 - Mem: 1758.5MB
2026-01-17 07:40:19,860 - DeepPrint_prod - INFO - Epoch 8 Batch 80/320 - Loss: 10.7531 - Mem: 1758.5MB
2026-01-17 07:40:24,134 - DeepPrint_prod - INFO - Epoch 8 Batch 90/320 - Loss: 10.7424 - Mem: 1758.5MB
2026-01-17 07:40:28,475 - DeepPrint_prod - INFO - Epoch 8 Batch 100/320 - Loss: 10.7393 - Mem: 1758.5MB
2026-01-17 07:40:32,812 - DeepPrint_prod - INFO - Epoch 8 Batch 110/320 - Loss: 10.7348 - Mem: 1758.5MB
2026-01-17 07:40:36,870 - DeepPrint_prod - INFO - Epoch 8 Batch 120/320 - Loss: 10.7298 - Mem: 1758.5MB
2026-01-17 07:40:40,992 - DeepPrint_prod - INFO - Epoch 8 Batch 130/320 - Loss: 10.7281 - Mem: 1758.5MB
2026-01-17 07:40:45,735 - DeepPrint_prod - INFO - Epoch 8 Batch 140/320 - Loss: 10.7296 - Mem: 1758.5MB
2026-01-17 07:40:50,453 - DeepPrint_prod - INFO - Epoch 8 Batch 150/320 - Loss: 10.7222 - Mem: 1758.5MB
2026-01-17 07:40:55,337 - DeepPrint_prod - INFO - Epoch 8 Batch 160/320 - Loss: 10.7185 - Mem: 1758.5MB
2026-01-17 07:40:59,827 - DeepPrint_prod - INFO - Epoch 8 Batch 170/320 - Loss: 10.7163 - Mem: 1758.5MB
2026-01-17 07:41:03,897 - DeepPrint_prod - INFO - Epoch 8 Batch 180/320 - Loss: 10.7093 - Mem: 1758.5MB
2026-01-17 07:41:08,350 - DeepPrint_prod - INFO - Epoch 8 Batch 190/320 - Loss: 10.7099 - Mem: 1758.5MB
2026-01-17 07:41:12,507 - DeepPrint_prod - INFO - Epoch 8 Batch 200/320 - Loss: 10.7035 - Mem: 1758.5MB
2026-01-17 07:41:16,704 - DeepPrint_prod - INFO - Epoch 8 Batch 210/320 - Loss: 10.6997 - Mem: 1758.5MB
2026-01-17 07:41:20,848 - DeepPrint_prod - INFO - Epoch 8 Batch 220/320 - Loss: 10.6939 - Mem: 1758.5MB
2026-01-17 07:41:25,000 - DeepPrint_prod - INFO - Epoch 8 Batch 230/320 - Loss: 10.6908 - Mem: 1758.5MB
2026-01-17 07:41:29,102 - DeepPrint_prod - INFO - Epoch 8 Batch 240/320 - Loss: 10.6869 - Mem: 1758.5MB
2026-01-17 07:41:33,449 - DeepPrint_prod - INFO - Epoch 8 Batch 250/320 - Loss: 10.6814 - Mem: 1758.5MB
2026-01-17 07:41:38,064 - DeepPrint_prod - INFO - Epoch 8 Batch 260/320 - Loss: 10.6772 - Mem: 1758.5MB
2026-01-17 07:41:42,959 - DeepPrint_prod - INFO - Epoch 8 Batch 270/320 - Loss: 10.6708 - Mem: 1758.5MB
2026-01-17 07:41:47,627 - DeepPrint_prod - INFO - Epoch 8 Batch 280/320 - Loss: 10.6665 - Mem: 1758.5MB
2026-01-17 07:41:52,254 - DeepPrint_prod - INFO - Epoch 8 Batch 290/320 - Loss: 10.6618 - Mem: 1758.5MB
2026-01-17 07:41:56,964 - DeepPrint_prod - INFO - Epoch 8 Batch 300/320 - Loss: 10.6545 - Mem: 1758.5MB
2026-01-17 07:42:01,886 - DeepPrint_prod - INFO - Epoch 8 Batch 310/320 - Loss: 10.6481 - Mem: 1758.5MB
2026-01-17 07:42:05,784 - DeepPrint_prod - INFO - Epoch 8 Batch 320/320 - Loss: 10.6343 - Mem: 1758.5MB
2026-01-17 07:42:21,039 - DeepPrint_prod - INFO - Melhor modelo salvo em /media/DRAGONSTONE/MEGAsync/Forense/Papiloscopia/Compara_Metodos_Automaticos/Plataformas/Experimento/exp3_reranking/models/best_model.pt
2026-01-17 07:42:21,040 - DeepPrint_prod - INFO - Epoch 8 - Train Loss: 10.6343 - Val Loss: 12.1543
2026-01-17 07:42:26,955 - DeepPrint_prod - INFO - Epoch 9 Batch 10/320 - Loss: 10.3398 - Mem: 1758.5MB
2026-01-17 07:42:32,357 - DeepPrint_prod - INFO - Epoch 9 Batch 20/320 - Loss: 10.3419 - Mem: 1758.5MB
2026-01-17 07:42:37,101 - DeepPrint_prod - INFO - Epoch 9 Batch 30/320 - Loss: 10.3393 - Mem: 1758.5MB
2026-01-17 07:42:41,346 - DeepPrint_prod - INFO - Epoch 9 Batch 40/320 - Loss: 10.3519 - Mem: 1758.5MB
2026-01-17 07:42:45,426 - DeepPrint_prod - INFO - Epoch 9 Batch 50/320 - Loss: 10.3528 - Mem: 1758.5MB
2026-01-17 07:42:49,553 - DeepPrint_prod - INFO - Epoch 9 Batch 60/320 - Loss: 10.3514 - Mem: 1758.5MB
2026-01-17 07:42:53,637 - DeepPrint_prod - INFO - Epoch 9 Batch 70/320 - Loss: 10.3452 - Mem: 1758.5MB
2026-01-17 07:42:57,731 - DeepPrint_prod - INFO - Epoch 9 Batch 80/320 - Loss: 10.3399 - Mem: 1758.5MB
2026-01-17 07:43:01,915 - DeepPrint_prod - INFO - Epoch 9 Batch 90/320 - Loss: 10.3312 - Mem: 1758.5MB
2026-01-17 07:43:06,183 - DeepPrint_prod - INFO - Epoch 9 Batch 100/320 - Loss: 10.3253 - Mem: 1758.5MB
2026-01-17 07:43:10,789 - DeepPrint_prod - INFO - Epoch 9 Batch 110/320 - Loss: 10.3253 - Mem: 1758.5MB
2026-01-17 07:43:15,648 - DeepPrint_prod - INFO - Epoch 9 Batch 120/320 - Loss: 10.3274 - Mem: 1758.5MB
2026-01-17 07:43:20,294 - DeepPrint_prod - INFO - Epoch 9 Batch 130/320 - Loss: 10.3250 - Mem: 1758.5MB
2026-01-17 07:43:24,895 - DeepPrint_prod - INFO - Epoch 9 Batch 140/320 - Loss: 10.3193 - Mem: 1758.5MB
2026-01-17 07:43:29,507 - DeepPrint_prod - INFO - Epoch 9 Batch 150/320 - Loss: 10.3188 - Mem: 1758.5MB
2026-01-17 07:43:34,103 - DeepPrint_prod - INFO - Epoch 9 Batch 160/320 - Loss: 10.3176 - Mem: 1758.5MB
2026-01-17 07:43:38,669 - DeepPrint_prod - INFO - Epoch 9 Batch 170/320 - Loss: 10.3169 - Mem: 1758.5MB
2026-01-17 07:43:43,236 - DeepPrint_prod - INFO - Epoch 9 Batch 180/320 - Loss: 10.3093 - Mem: 1758.5MB
2026-01-17 07:43:47,723 - DeepPrint_prod - INFO - Epoch 9 Batch 190/320 - Loss: 10.3062 - Mem: 1758.5MB
2026-01-17 07:43:52,000 - DeepPrint_prod - INFO - Epoch 9 Batch 200/320 - Loss: 10.3049 - Mem: 1758.5MB
2026-01-17 07:43:56,450 - DeepPrint_prod - INFO - Epoch 9 Batch 210/320 - Loss: 10.3028 - Mem: 1758.5MB
2026-01-17 07:44:01,139 - DeepPrint_prod - INFO - Epoch 9 Batch 220/320 - Loss: 10.2974 - Mem: 1758.5MB
2026-01-17 07:44:05,494 - DeepPrint_prod - INFO - Epoch 9 Batch 230/320 - Loss: 10.2926 - Mem: 1758.5MB
2026-01-17 07:44:09,553 - DeepPrint_prod - INFO - Epoch 9 Batch 240/320 - Loss: 10.2913 - Mem: 1758.5MB
2026-01-17 07:44:13,627 - DeepPrint_prod - INFO - Epoch 9 Batch 250/320 - Loss: 10.2875 - Mem: 1758.5MB
2026-01-17 07:44:17,849 - DeepPrint_prod - INFO - Epoch 9 Batch 260/320 - Loss: 10.2823 - Mem: 1758.5MB
2026-01-17 07:44:22,082 - DeepPrint_prod - INFO - Epoch 9 Batch 270/320 - Loss: 10.2796 - Mem: 1758.5MB
2026-01-17 07:44:26,292 - DeepPrint_prod - INFO - Epoch 9 Batch 280/320 - Loss: 10.2744 - Mem: 1758.5MB
2026-01-17 07:44:30,330 - DeepPrint_prod - INFO - Epoch 9 Batch 290/320 - Loss: 10.2702 - Mem: 1758.5MB
2026-01-17 07:44:34,470 - DeepPrint_prod - INFO - Epoch 9 Batch 300/320 - Loss: 10.2658 - Mem: 1758.5MB
2026-01-17 07:44:38,606 - DeepPrint_prod - INFO - Epoch 9 Batch 310/320 - Loss: 10.2618 - Mem: 1758.5MB
2026-01-17 07:44:42,662 - DeepPrint_prod - INFO - Epoch 9 Batch 320/320 - Loss: 10.2499 - Mem: 1758.5MB
2026-01-17 07:44:57,932 - DeepPrint_prod - INFO - Melhor modelo salvo em /media/DRAGONSTONE/MEGAsync/Forense/Papiloscopia/Compara_Metodos_Automaticos/Plataformas/Experimento/exp3_reranking/models/best_model.pt
2026-01-17 07:44:57,933 - DeepPrint_prod - INFO - Epoch 9 - Train Loss: 10.2499 - Val Loss: 11.7525
2026-01-17 07:45:02,323 - DeepPrint_prod - INFO - Epoch 10 Batch 10/320 - Loss: 9.9048 - Mem: 1758.5MB
2026-01-17 07:45:06,409 - DeepPrint_prod - INFO - Epoch 10 Batch 20/320 - Loss: 9.9316 - Mem: 1758.5MB
2026-01-17 07:45:10,492 - DeepPrint_prod - INFO - Epoch 10 Batch 30/320 - Loss: 9.9443 - Mem: 1758.5MB
2026-01-17 07:45:14,601 - DeepPrint_prod - INFO - Epoch 10 Batch 40/320 - Loss: 9.9461 - Mem: 1758.5MB
2026-01-17 07:45:18,676 - DeepPrint_prod - INFO - Epoch 10 Batch 50/320 - Loss: 9.9629 - Mem: 1758.5MB
2026-01-17 07:45:22,825 - DeepPrint_prod - INFO - Epoch 10 Batch 60/320 - Loss: 9.9755 - Mem: 1758.5MB
2026-01-17 07:45:27,062 - DeepPrint_prod - INFO - Epoch 10 Batch 70/320 - Loss: 9.9821 - Mem: 1758.5MB
2026-01-17 07:45:31,231 - DeepPrint_prod - INFO - Epoch 10 Batch 80/320 - Loss: 9.9793 - Mem: 1758.5MB
2026-01-17 07:45:35,464 - DeepPrint_prod - INFO - Epoch 10 Batch 90/320 - Loss: 9.9767 - Mem: 1758.5MB
2026-01-17 07:45:39,561 - DeepPrint_prod - INFO - Epoch 10 Batch 100/320 - Loss: 9.9747 - Mem: 1758.5MB
2026-01-17 07:45:43,696 - DeepPrint_prod - INFO - Epoch 10 Batch 110/320 - Loss: 9.9711 - Mem: 1758.5MB
2026-01-17 07:45:47,752 - DeepPrint_prod - INFO - Epoch 10 Batch 120/320 - Loss: 9.9645 - Mem: 1758.5MB
2026-01-17 07:45:51,856 - DeepPrint_prod - INFO - Epoch 10 Batch 130/320 - Loss: 9.9631 - Mem: 1758.5MB
2026-01-17 07:45:55,969 - DeepPrint_prod - INFO - Epoch 10 Batch 140/320 - Loss: 9.9625 - Mem: 1758.5MB
2026-01-17 07:46:00,445 - DeepPrint_prod - INFO - Epoch 10 Batch 150/320 - Loss: 9.9559 - Mem: 1758.5MB
2026-01-17 07:46:05,035 - DeepPrint_prod - INFO - Epoch 10 Batch 160/320 - Loss: 9.9576 - Mem: 1758.5MB
2026-01-17 07:46:09,572 - DeepPrint_prod - INFO - Epoch 10 Batch 170/320 - Loss: 9.9571 - Mem: 1758.5MB
2026-01-17 07:46:14,102 - DeepPrint_prod - INFO - Epoch 10 Batch 180/320 - Loss: 9.9536 - Mem: 1758.5MB
2026-01-17 07:46:18,656 - DeepPrint_prod - INFO - Epoch 10 Batch 190/320 - Loss: 9.9515 - Mem: 1758.5MB
2026-01-17 07:46:23,211 - DeepPrint_prod - INFO - Epoch 10 Batch 200/320 - Loss: 9.9476 - Mem: 1758.5MB
2026-01-17 07:46:27,798 - DeepPrint_prod - INFO - Epoch 10 Batch 210/320 - Loss: 9.9466 - Mem: 1758.5MB
2026-01-17 07:46:32,348 - DeepPrint_prod - INFO - Epoch 10 Batch 220/320 - Loss: 9.9440 - Mem: 1758.5MB
2026-01-17 07:46:36,922 - DeepPrint_prod - INFO - Epoch 10 Batch 230/320 - Loss: 9.9411 - Mem: 1758.5MB
2026-01-17 07:46:41,449 - DeepPrint_prod - INFO - Epoch 10 Batch 240/320 - Loss: 9.9391 - Mem: 1758.5MB
2026-01-17 07:46:45,984 - DeepPrint_prod - INFO - Epoch 10 Batch 250/320 - Loss: 9.9347 - Mem: 1758.5MB
2026-01-17 07:46:50,281 - DeepPrint_prod - INFO - Epoch 10 Batch 260/320 - Loss: 9.9305 - Mem: 1758.5MB
2026-01-17 07:46:54,347 - DeepPrint_prod - INFO - Epoch 10 Batch 270/320 - Loss: 9.9254 - Mem: 1758.5MB
2026-01-17 07:46:58,426 - DeepPrint_prod - INFO - Epoch 10 Batch 280/320 - Loss: 9.9242 - Mem: 1758.5MB
2026-01-17 07:47:02,515 - DeepPrint_prod - INFO - Epoch 10 Batch 290/320 - Loss: 9.9212 - Mem: 1758.5MB
2026-01-17 07:47:06,598 - DeepPrint_prod - INFO - Epoch 10 Batch 300/320 - Loss: 9.9182 - Mem: 1758.5MB
2026-01-17 07:47:10,851 - DeepPrint_prod - INFO - Epoch 10 Batch 310/320 - Loss: 9.9158 - Mem: 1758.5MB
2026-01-17 07:47:15,212 - DeepPrint_prod - INFO - Epoch 10 Batch 320/320 - Loss: 9.9062 - Mem: 1758.5MB
2026-01-17 07:47:31,694 - DeepPrint_prod - INFO - Melhor modelo salvo em /media/DRAGONSTONE/MEGAsync/Forense/Papiloscopia/Compara_Metodos_Automaticos/Plataformas/Experimento/exp3_reranking/models/best_model.pt
2026-01-17 07:47:31,695 - DeepPrint_prod - INFO - Epoch 10 - Train Loss: 9.9062 - Val Loss: 11.4072
2026-01-17 07:47:36,533 - DeepPrint_prod - INFO - Epoch 11 Batch 10/320 - Loss: 9.7174 - Mem: 1758.5MB
2026-01-17 07:47:41,095 - DeepPrint_prod - INFO - Epoch 11 Batch 20/320 - Loss: 9.6837 - Mem: 1758.5MB
2026-01-17 07:47:45,676 - DeepPrint_prod - INFO - Epoch 11 Batch 30/320 - Loss: 9.6867 - Mem: 1758.5MB
2026-01-17 07:47:50,235 - DeepPrint_prod - INFO - Epoch 11 Batch 40/320 - Loss: 9.6843 - Mem: 1758.5MB
2026-01-17 07:47:54,841 - DeepPrint_prod - INFO - Epoch 11 Batch 50/320 - Loss: 9.6883 - Mem: 1758.5MB
2026-01-17 07:47:59,443 - DeepPrint_prod - INFO - Epoch 11 Batch 60/320 - Loss: 9.6969 - Mem: 1758.5MB
2026-01-17 07:48:03,928 - DeepPrint_prod - INFO - Epoch 11 Batch 70/320 - Loss: 9.6901 - Mem: 1758.5MB
2026-01-17 07:48:08,419 - DeepPrint_prod - INFO - Epoch 11 Batch 80/320 - Loss: 9.6848 - Mem: 1758.5MB
2026-01-17 07:48:12,937 - DeepPrint_prod - INFO - Epoch 11 Batch 90/320 - Loss: 9.6787 - Mem: 1758.5MB
2026-01-17 07:48:17,413 - DeepPrint_prod - INFO - Epoch 11 Batch 100/320 - Loss: 9.6776 - Mem: 1758.5MB
2026-01-17 07:48:21,882 - DeepPrint_prod - INFO - Epoch 11 Batch 110/320 - Loss: 9.6782 - Mem: 1758.5MB
2026-01-17 07:48:26,341 - DeepPrint_prod - INFO - Epoch 11 Batch 120/320 - Loss: 9.6726 - Mem: 1758.5MB
2026-01-17 07:48:30,858 - DeepPrint_prod - INFO - Epoch 11 Batch 130/320 - Loss: 9.6740 - Mem: 1758.5MB
2026-01-17 07:48:35,313 - DeepPrint_prod - INFO - Epoch 11 Batch 140/320 - Loss: 9.6730 - Mem: 1758.5MB
2026-01-17 07:48:39,861 - DeepPrint_prod - INFO - Epoch 11 Batch 150/320 - Loss: 9.6690 - Mem: 1758.5MB
2026-01-17 07:48:44,319 - DeepPrint_prod - INFO - Epoch 11 Batch 160/320 - Loss: 9.6675 - Mem: 1758.5MB
2026-01-17 07:48:48,743 - DeepPrint_prod - INFO - Epoch 11 Batch 170/320 - Loss: 9.6640 - Mem: 1758.5MB
2026-01-17 07:48:53,182 - DeepPrint_prod - INFO - Epoch 11 Batch 180/320 - Loss: 9.6611 - Mem: 1758.5MB
2026-01-17 07:48:57,624 - DeepPrint_prod - INFO - Epoch 11 Batch 190/320 - Loss: 9.6580 - Mem: 1758.5MB
2026-01-17 07:49:01,745 - DeepPrint_prod - INFO - Epoch 11 Batch 200/320 - Loss: 9.6573 - Mem: 1758.5MB
2026-01-17 07:49:05,828 - DeepPrint_prod - INFO - Epoch 11 Batch 210/320 - Loss: 9.6565 - Mem: 1758.5MB
2026-01-17 07:49:09,902 - DeepPrint_prod - INFO - Epoch 11 Batch 220/320 - Loss: 9.6533 - Mem: 1758.5MB
2026-01-17 07:49:14,033 - DeepPrint_prod - INFO - Epoch 11 Batch 230/320 - Loss: 9.6483 - Mem: 1758.5MB
2026-01-17 07:49:18,101 - DeepPrint_prod - INFO - Epoch 11 Batch 240/320 - Loss: 9.6477 - Mem: 1758.5MB
2026-01-17 07:49:22,226 - DeepPrint_prod - INFO - Epoch 11 Batch 250/320 - Loss: 9.6444 - Mem: 1758.5MB
2026-01-17 07:49:26,695 - DeepPrint_prod - INFO - Epoch 11 Batch 260/320 - Loss: 9.6391 - Mem: 1758.5MB
2026-01-17 07:49:31,234 - DeepPrint_prod - INFO - Epoch 11 Batch 270/320 - Loss: 9.6358 - Mem: 1758.5MB
2026-01-17 07:49:35,703 - DeepPrint_prod - INFO - Epoch 11 Batch 280/320 - Loss: 9.6336 - Mem: 1758.5MB
2026-01-17 07:49:40,322 - DeepPrint_prod - INFO - Epoch 11 Batch 290/320 - Loss: 9.6314 - Mem: 1758.5MB
2026-01-17 07:49:44,838 - DeepPrint_prod - INFO - Epoch 11 Batch 300/320 - Loss: 9.6272 - Mem: 1758.5MB
2026-01-17 07:49:49,376 - DeepPrint_prod - INFO - Epoch 11 Batch 310/320 - Loss: 9.6257 - Mem: 1758.5MB
2026-01-17 07:49:53,729 - DeepPrint_prod - INFO - Epoch 11 Batch 320/320 - Loss: 9.6173 - Mem: 1758.5MB
2026-01-17 07:50:09,974 - DeepPrint_prod - INFO - Melhor modelo salvo em /media/DRAGONSTONE/MEGAsync/Forense/Papiloscopia/Compara_Metodos_Automaticos/Plataformas/Experimento/exp3_reranking/models/best_model.pt
2026-01-17 07:50:09,975 - DeepPrint_prod - INFO - Epoch 11 - Train Loss: 9.6173 - Val Loss: 11.1187
2026-01-17 07:50:14,914 - DeepPrint_prod - INFO - Epoch 12 Batch 10/320 - Loss: 9.3746 - Mem: 1758.5MB
2026-01-17 07:50:19,454 - DeepPrint_prod - INFO - Epoch 12 Batch 20/320 - Loss: 9.3780 - Mem: 1758.5MB
2026-01-17 07:50:24,026 - DeepPrint_prod - INFO - Epoch 12 Batch 30/320 - Loss: 9.3903 - Mem: 1758.5MB
2026-01-17 07:50:28,571 - DeepPrint_prod - INFO - Epoch 12 Batch 40/320 - Loss: 9.3745 - Mem: 1758.5MB
2026-01-17 07:50:33,075 - DeepPrint_prod - INFO - Epoch 12 Batch 50/320 - Loss: 9.3907 - Mem: 1758.5MB
2026-01-17 07:50:37,586 - DeepPrint_prod - INFO - Epoch 12 Batch 60/320 - Loss: 9.3937 - Mem: 1758.5MB
2026-01-17 07:50:42,140 - DeepPrint_prod - INFO - Epoch 12 Batch 70/320 - Loss: 9.3991 - Mem: 1758.5MB
2026-01-17 07:50:46,560 - DeepPrint_prod - INFO - Epoch 12 Batch 80/320 - Loss: 9.4025 - Mem: 1758.5MB
2026-01-17 07:50:50,699 - DeepPrint_prod - INFO - Epoch 12 Batch 90/320 - Loss: 9.4111 - Mem: 1758.5MB
2026-01-17 07:50:54,803 - DeepPrint_prod - INFO - Epoch 12 Batch 100/320 - Loss: 9.4121 - Mem: 1758.5MB
2026-01-17 07:50:58,909 - DeepPrint_prod - INFO - Epoch 12 Batch 110/320 - Loss: 9.4152 - Mem: 1758.5MB
2026-01-17 07:51:03,099 - DeepPrint_prod - INFO - Epoch 12 Batch 120/320 - Loss: 9.4124 - Mem: 1758.5MB
2026-01-17 07:51:07,237 - DeepPrint_prod - INFO - Epoch 12 Batch 130/320 - Loss: 9.4118 - Mem: 1758.5MB
2026-01-17 07:51:11,424 - DeepPrint_prod - INFO - Epoch 12 Batch 140/320 - Loss: 9.4096 - Mem: 1758.5MB
2026-01-17 07:51:15,534 - DeepPrint_prod - INFO - Epoch 12 Batch 150/320 - Loss: 9.4121 - Mem: 1758.5MB
2026-01-17 07:51:19,739 - DeepPrint_prod - INFO - Epoch 12 Batch 160/320 - Loss: 9.4114 - Mem: 1758.5MB
2026-01-17 07:51:24,110 - DeepPrint_prod - INFO - Epoch 12 Batch 170/320 - Loss: 9.4105 - Mem: 1758.5MB
2026-01-17 07:51:28,314 - DeepPrint_prod - INFO - Epoch 12 Batch 180/320 - Loss: 9.4057 - Mem: 1758.5MB
2026-01-17 07:51:32,365 - DeepPrint_prod - INFO - Epoch 12 Batch 190/320 - Loss: 9.4025 - Mem: 1758.5MB
2026-01-17 07:51:36,412 - DeepPrint_prod - INFO - Epoch 12 Batch 200/320 - Loss: 9.3981 - Mem: 1758.5MB
2026-01-17 07:51:40,461 - DeepPrint_prod - INFO - Epoch 12 Batch 210/320 - Loss: 9.3938 - Mem: 1758.5MB
2026-01-17 07:51:44,542 - DeepPrint_prod - INFO - Epoch 12 Batch 220/320 - Loss: 9.3925 - Mem: 1758.5MB
2026-01-17 07:51:48,600 - DeepPrint_prod - INFO - Epoch 12 Batch 230/320 - Loss: 9.3903 - Mem: 1758.5MB
2026-01-17 07:51:52,648 - DeepPrint_prod - INFO - Epoch 12 Batch 240/320 - Loss: 9.3878 - Mem: 1758.5MB
2026-01-17 07:51:56,651 - DeepPrint_prod - INFO - Epoch 12 Batch 250/320 - Loss: 9.3842 - Mem: 1758.5MB
2026-01-17 07:52:00,774 - DeepPrint_prod - INFO - Epoch 12 Batch 260/320 - Loss: 9.3832 - Mem: 1758.5MB
2026-01-17 07:52:04,841 - DeepPrint_prod - INFO - Epoch 12 Batch 270/320 - Loss: 9.3795 - Mem: 1758.5MB
2026-01-17 07:52:08,930 - DeepPrint_prod - INFO - Epoch 12 Batch 280/320 - Loss: 9.3767 - Mem: 1758.5MB
2026-01-17 07:52:12,998 - DeepPrint_prod - INFO - Epoch 12 Batch 290/320 - Loss: 9.3716 - Mem: 1758.5MB
2026-01-17 07:52:17,108 - DeepPrint_prod - INFO - Epoch 12 Batch 300/320 - Loss: 9.3709 - Mem: 1758.5MB
2026-01-17 07:52:21,180 - DeepPrint_prod - INFO - Epoch 12 Batch 310/320 - Loss: 9.3684 - Mem: 1758.5MB
2026-01-17 07:52:25,105 - DeepPrint_prod - INFO - Epoch 12 Batch 320/320 - Loss: 9.3619 - Mem: 1758.5MB
2026-01-17 07:52:39,773 - DeepPrint_prod - INFO - Melhor modelo salvo em /media/DRAGONSTONE/MEGAsync/Forense/Papiloscopia/Compara_Metodos_Automaticos/Plataformas/Experimento/exp3_reranking/models/best_model.pt
2026-01-17 07:52:39,774 - DeepPrint_prod - INFO - Epoch 12 - Train Loss: 9.3619 - Val Loss: 10.8521
2026-01-17 07:52:44,156 - DeepPrint_prod - INFO - Epoch 13 Batch 10/320 - Loss: 9.1423 - Mem: 1758.5MB
2026-01-17 07:52:48,235 - DeepPrint_prod - INFO - Epoch 13 Batch 20/320 - Loss: 9.1700 - Mem: 1758.5MB
2026-01-17 07:52:52,326 - DeepPrint_prod - INFO - Epoch 13 Batch 30/320 - Loss: 9.1704 - Mem: 1758.5MB
2026-01-17 07:52:56,421 - DeepPrint_prod - INFO - Epoch 13 Batch 40/320 - Loss: 9.1734 - Mem: 1758.5MB
2026-01-17 07:53:00,501 - DeepPrint_prod - INFO - Epoch 13 Batch 50/320 - Loss: 9.1795 - Mem: 1758.5MB
2026-01-17 07:53:04,564 - DeepPrint_prod - INFO - Epoch 13 Batch 60/320 - Loss: 9.1809 - Mem: 1758.5MB
2026-01-17 07:53:08,601 - DeepPrint_prod - INFO - Epoch 13 Batch 70/320 - Loss: 9.1805 - Mem: 1758.5MB
2026-01-17 07:53:12,657 - DeepPrint_prod - INFO - Epoch 13 Batch 80/320 - Loss: 9.1769 - Mem: 1758.5MB
2026-01-17 07:53:16,735 - DeepPrint_prod - INFO - Epoch 13 Batch 90/320 - Loss: 9.1823 - Mem: 1758.5MB
2026-01-17 07:53:21,059 - DeepPrint_prod - INFO - Epoch 13 Batch 100/320 - Loss: 9.1838 - Mem: 1758.5MB
2026-01-17 07:53:25,346 - DeepPrint_prod - INFO - Epoch 13 Batch 110/320 - Loss: 9.1812 - Mem: 1758.5MB
2026-01-17 07:53:29,820 - DeepPrint_prod - INFO - Epoch 13 Batch 120/320 - Loss: 9.1803 - Mem: 1758.5MB
2026-01-17 07:53:34,009 - DeepPrint_prod - INFO - Epoch 13 Batch 130/320 - Loss: 9.1745 - Mem: 1758.5MB
2026-01-17 07:53:38,047 - DeepPrint_prod - INFO - Epoch 13 Batch 140/320 - Loss: 9.1745 - Mem: 1758.5MB
2026-01-17 07:53:42,222 - DeepPrint_prod - INFO - Epoch 13 Batch 150/320 - Loss: 9.1720 - Mem: 1758.5MB
2026-01-17 07:53:46,363 - DeepPrint_prod - INFO - Epoch 13 Batch 160/320 - Loss: 9.1731 - Mem: 1758.5MB
2026-01-17 07:53:50,504 - DeepPrint_prod - INFO - Epoch 13 Batch 170/320 - Loss: 9.1736 - Mem: 1758.5MB
2026-01-17 07:53:54,611 - DeepPrint_prod - INFO - Epoch 13 Batch 180/320 - Loss: 9.1719 - Mem: 1758.5MB
2026-01-17 07:53:58,959 - DeepPrint_prod - INFO - Epoch 13 Batch 190/320 - Loss: 9.1679 - Mem: 1758.5MB
2026-01-17 07:54:03,550 - DeepPrint_prod - INFO - Epoch 13 Batch 200/320 - Loss: 9.1669 - Mem: 1758.5MB
2026-01-17 07:54:08,064 - DeepPrint_prod - INFO - Epoch 13 Batch 210/320 - Loss: 9.1646 - Mem: 1758.5MB
2026-01-17 07:54:12,505 - DeepPrint_prod - INFO - Epoch 13 Batch 220/320 - Loss: 9.1627 - Mem: 1758.5MB
2026-01-17 07:54:16,979 - DeepPrint_prod - INFO - Epoch 13 Batch 230/320 - Loss: 9.1591 - Mem: 1758.5MB
2026-01-17 07:54:21,457 - DeepPrint_prod - INFO - Epoch 13 Batch 240/320 - Loss: 9.1564 - Mem: 1758.5MB
