2026-02-01 15:16:26,954 - Experiment_exp0_baseline - INFO - Iniciando experimento: DeepPrint Baseline
2026-02-01 15:16:26,955 - Experiment_exp0_baseline - INFO - Modo: debug
2026-02-01 15:16:26,955 - Experiment_exp0_baseline - INFO - ================================================================================
2026-02-01 15:16:26,955 - Experiment_exp0_baseline - INFO - Experimento: DeepPrint Baseline
2026-02-01 15:16:26,955 - Experiment_exp0_baseline - INFO - Descrição: DeepPrint original completo (LocTexMinu): STN + 2 branches, 192 dims total
2026-02-01 15:16:26,955 - Experiment_exp0_baseline - INFO - ================================================================================
2026-02-01 15:16:26,955 - Experiment_exp0_baseline - INFO - Carregando bases de dados...
2026-02-01 15:16:26,955 - Experiment_exp0_baseline - INFO - Modo DEBUG: usando 200 amostras do SFinge (com minutiae)
2026-02-01 15:16:28,242 - Experiment_exp0_baseline - INFO - === SFinge ===
2026-02-01 15:16:28,243 - Experiment_exp0_baseline - INFO - Total de imagens: 84000
2026-02-01 15:16:28,243 - Experiment_exp0_baseline - INFO - Total de origens únicas: 8000
2026-02-01 15:16:28,243 - Experiment_exp0_baseline - INFO - Versões por origem: min=10, max=12, média=10.5
2026-02-01 15:16:28,243 - Experiment_exp0_baseline - INFO - Dataset dividido: train=140, val=30, test=30
2026-02-01 15:16:28,243 - Experiment_exp0_baseline - INFO - Criando modelo: baseline com 96+96=192 dimensões
2026-02-01 15:16:29,029 - Experiment_exp0_baseline - INFO - Iniciando treinamento...
2026-02-01 15:17:44,683 - Experiment_exp0_baseline - INFO - ================================================================================
2026-02-01 15:17:44,683 - Experiment_exp0_baseline - INFO - Avaliação no conjunto de teste:
2026-02-01 15:17:44,683 - Experiment_exp0_baseline - INFO - ================================================================================
2026-02-01 15:17:45,174 - Experiment_exp0_baseline - INFO - Embeddings extraídos: (30, 192)
2026-02-01 15:17:45,175 - Experiment_exp0_baseline - INFO - Pares genuínos: 135
2026-02-01 15:17:45,175 - Experiment_exp0_baseline - INFO - Pares impostores: 60
2026-02-01 15:17:45,178 - Experiment_exp0_baseline - INFO - EER: 0.1648
2026-02-01 15:17:45,178 - Experiment_exp0_baseline - INFO - FAR@FRR=0.1: 0.2500
2026-02-01 15:17:45,178 - Experiment_exp0_baseline - INFO - FAR@FRR=0.01: 0.6833
2026-02-01 15:17:45,178 - Experiment_exp0_baseline - INFO - Scores genuínos: média=0.9999, std=0.0000
2026-02-01 15:17:45,178 - Experiment_exp0_baseline - INFO - Scores impostores: média=0.9998, std=0.0001
2026-02-01 15:17:45,178 - Experiment_exp0_baseline - INFO - Resultados salvos em /media/DRAGONSTONE/MEGAsync/Forense/Papiloscopia/Compara_Metodos_Automaticos/Plataformas/Experimento/exp0_baseline/results/test_results_debug.json
2026-02-01 15:17:45,178 - Experiment_exp0_baseline - INFO - Iniciando validação cruzada...
2026-02-01 15:17:45,395 - Experiment_exp0_baseline - INFO - Fold 1/5
2026-02-01 15:17:46,018 - Experiment_exp0_baseline - INFO - Fold 1 - EER: 0.3333
2026-02-01 15:17:46,018 - Experiment_exp0_baseline - INFO - Fold 1 - Rank-1: 1.0000
2026-02-01 15:17:46,018 - Experiment_exp0_baseline - INFO - Fold 2/5
2026-02-01 15:17:46,634 - Experiment_exp0_baseline - INFO - Fold 2 - EER: 0.3333
2026-02-01 15:17:46,634 - Experiment_exp0_baseline - INFO - Fold 2 - Rank-1: 0.8333
2026-02-01 15:17:46,634 - Experiment_exp0_baseline - INFO - Fold 3/5
2026-02-01 15:17:47,244 - Experiment_exp0_baseline - INFO - Fold 3 - EER: 0.3333
2026-02-01 15:17:47,244 - Experiment_exp0_baseline - INFO - Fold 3 - Rank-1: 1.0000
2026-02-01 15:17:47,244 - Experiment_exp0_baseline - INFO - Fold 4/5
2026-02-01 15:17:47,848 - Experiment_exp0_baseline - INFO - Fold 4 - EER: 0.0000
2026-02-01 15:17:47,848 - Experiment_exp0_baseline - INFO - Fold 4 - Rank-1: 0.8333
2026-02-01 15:17:47,848 - Experiment_exp0_baseline - INFO - Fold 5/5
2026-02-01 15:17:48,445 - Experiment_exp0_baseline - INFO - Fold 5 - EER: 0.0000
2026-02-01 15:17:48,445 - Experiment_exp0_baseline - INFO - Fold 5 - Rank-1: 1.0000
2026-02-01 15:17:48,448 - Experiment_exp0_baseline - INFO - Resultados salvos em /media/DRAGONSTONE/MEGAsync/Forense/Papiloscopia/Compara_Metodos_Automaticos/Plataformas/Experimento/exp0_baseline/results/cv_results_debug.json
2026-02-01 15:17:48,448 - Experiment_exp0_baseline - INFO - ================================================================================
2026-02-01 15:17:48,448 - Experiment_exp0_baseline - INFO - Resultados da Validação Cruzada:
2026-02-01 15:17:48,448 - Experiment_exp0_baseline - INFO - ================================================================================
2026-02-01 15:17:48,449 - Experiment_exp0_baseline - INFO - rank_1: 0.9333 (CI: [0.8320, 1.0347])
2026-02-01 15:17:48,449 - Experiment_exp0_baseline - INFO - rank_5: 0.0000 (CI: [0.0000, 0.0000])
2026-02-01 15:17:48,449 - Experiment_exp0_baseline - INFO - rank_10: 0.0000 (CI: [0.0000, 0.0000])
2026-02-01 15:17:48,449 - Experiment_exp0_baseline - INFO - rank_20: 0.0000 (CI: [0.0000, 0.0000])
2026-02-01 15:17:48,449 - Experiment_exp0_baseline - INFO - eer: 0.2000 (CI: [-0.0028, 0.4028])
2026-02-01 15:17:48,449 - Experiment_exp0_baseline - INFO - far_at_frr_0.1: 0.3667 (CI: [-0.0554, 0.7888])
2026-02-01 15:17:48,449 - Experiment_exp0_baseline - INFO - far_at_frr_0.01: 0.3667 (CI: [-0.0554, 0.7888])
2026-02-01 15:17:48,449 - Experiment_exp0_baseline - INFO - ================================================================================
2026-02-01 15:17:48,449 - Experiment_exp0_baseline - INFO - Avaliação Pairwise (todas-contra-todas):
2026-02-01 15:17:48,449 - Experiment_exp0_baseline - INFO - ================================================================================
2026-02-01 15:17:48,451 - Experiment_exp0_baseline - INFO - Avaliação pairwise com 30 amostras
2026-02-01 15:17:48,451 - Experiment_exp0_baseline - INFO - Total de comparações: 465
2026-02-01 15:17:48,451 - Experiment_exp0_baseline - INFO - Carregando qualidades NFIQ2...
2026-02-01 15:17:48,501 - Experiment_exp0_baseline - INFO - Qualidades carregadas: 960 arquivos
2026-02-01 15:17:48,501 - Experiment_exp0_baseline - INFO - Qualidade média: 44.5
2026-02-01 15:17:48,514 - Experiment_exp0_baseline - INFO - Extraindo embeddings...
2026-02-01 15:17:49,076 - Experiment_exp0_baseline - INFO - Embeddings extraídos: (30, 192)
2026-02-01 15:17:49,076 - Experiment_exp0_baseline - INFO - Realizando comparações todas-contra-todas...
2026-02-01 15:17:49,077 - Experiment_exp0_baseline - INFO - Iniciando 465 comparações (30 amostras)
2026-02-01 15:17:49,594 - Experiment_exp0_baseline - INFO - Comparações concluídas em 0.10s
2026-02-01 15:17:49,594 - Experiment_exp0_baseline - INFO - Pares genuínos: 135, Pares impostores: 300
2026-02-01 15:17:49,594 - Experiment_exp0_baseline - INFO - Memória pico: 1649.8 MB
2026-02-01 15:17:49,595 - Experiment_exp0_baseline - INFO - Resultados salvos em /media/DRAGONSTONE/MEGAsync/Forense/Papiloscopia/Compara_Metodos_Automaticos/Plataformas/Experimento/exp0_baseline/results/pairwise_comparisons_debug.csv
2026-02-01 15:17:49,595 - Experiment_exp0_baseline - INFO - Estatísticas salvas em /media/DRAGONSTONE/MEGAsync/Forense/Papiloscopia/Compara_Metodos_Automaticos/Plataformas/Experimento/exp0_baseline/results/pairwise_stats_debug.json
2026-02-01 15:17:49,595 - Experiment_exp0_baseline - INFO - Comparações realizadas: 465
2026-02-01 15:17:49,595 - Experiment_exp0_baseline - INFO - Pares genuínos: 135
2026-02-01 15:17:49,595 - Experiment_exp0_baseline - INFO - Pares impostores: 300
2026-02-01 15:17:49,595 - Experiment_exp0_baseline - INFO - Tempo total: 0.10s
2026-02-01 15:17:49,595 - Experiment_exp0_baseline - INFO - Memória pico: 1649.8 MB
2026-02-01 15:17:49,596 - Experiment_exp0_baseline - INFO - CSV salvo em: /media/DRAGONSTONE/MEGAsync/Forense/Papiloscopia/Compara_Metodos_Automaticos/Plataformas/Experimento/exp0_baseline/results/pairwise_comparisons_debug.csv
2026-02-01 15:17:49,596 - Experiment_exp0_baseline - INFO - ================================================================================
2026-02-01 15:17:49,596 - Experiment_exp0_baseline - INFO - Experimento concluído com sucesso!
