2026-01-19 17:51:35,542 - Experiment_exp0_baseline - INFO - Iniciando experimento: DeepPrint Baseline
2026-01-19 17:51:35,542 - Experiment_exp0_baseline - INFO - Modo: prod
2026-01-19 17:51:35,542 - Experiment_exp0_baseline - INFO - ================================================================================
2026-01-19 17:51:35,542 - Experiment_exp0_baseline - INFO - Experimento: DeepPrint Baseline
2026-01-19 17:51:35,542 - Experiment_exp0_baseline - INFO - Descrição: DeepPrint puro sem modificações
2026-01-19 17:51:35,542 - Experiment_exp0_baseline - INFO - ================================================================================
2026-01-19 17:51:35,542 - Experiment_exp0_baseline - INFO - Carregando bases de dados...
2026-01-19 17:51:35,542 - Experiment_exp0_baseline - INFO - Modo SFinge-only: treinando apenas com base SFinge (FP_gen_0)
2026-01-19 17:51:35,725 - Experiment_exp0_baseline - INFO - === SFinge ===
2026-01-19 17:51:35,725 - Experiment_exp0_baseline - INFO - Total de imagens: 17400
2026-01-19 17:51:35,725 - Experiment_exp0_baseline - INFO - Total de origens únicas: 1740
2026-01-19 17:51:35,725 - Experiment_exp0_baseline - INFO - Versões por origem: min=10, max=10, média=10.0
2026-01-19 17:51:35,725 - Experiment_exp0_baseline - INFO - Dataset dividido: train=12180, val=2610, test=2610
2026-01-19 17:51:35,726 - Experiment_exp0_baseline - INFO - Criando modelo: baseline com 512 dimensões
2026-01-19 17:51:37,156 - Experiment_exp0_baseline - INFO - Iniciando treinamento...
2026-01-20 01:35:12,581 - Experiment_exp0_baseline - INFO - ================================================================================
2026-01-20 01:35:12,581 - Experiment_exp0_baseline - INFO - Avaliação no conjunto de teste:
2026-01-20 01:35:12,581 - Experiment_exp0_baseline - INFO - ================================================================================
2026-01-20 01:35:26,190 - Experiment_exp0_baseline - INFO - Embeddings extraídos: (2610, 512)
2026-01-20 01:35:31,702 - Experiment_exp0_baseline - INFO - Pares genuínos: 11745
2026-01-20 01:35:31,702 - Experiment_exp0_baseline - INFO - Pares impostores: 3393000
2026-01-20 01:35:31,718 - Experiment_exp0_baseline - INFO - EER: 0.5000
2026-01-20 01:35:31,718 - Experiment_exp0_baseline - INFO - FAR@FRR=0.1: 1.0000
2026-01-20 01:35:31,718 - Experiment_exp0_baseline - INFO - FAR@FRR=0.01: 1.0000
2026-01-20 01:35:31,719 - Experiment_exp0_baseline - INFO - Scores genuínos: média=1.0000, std=0.0000
2026-01-20 01:35:31,725 - Experiment_exp0_baseline - INFO - Scores impostores: média=1.0000, std=0.0000
2026-01-20 01:35:31,725 - Experiment_exp0_baseline - INFO - Resultados salvos em /media/DRAGONSTONE/MEGAsync/Forense/Papiloscopia/Compara_Metodos_Automaticos/Plataformas/Experimento/exp0_baseline/results/test_results_prod.json
2026-01-20 01:35:31,726 - Experiment_exp0_baseline - INFO - Iniciando validação cruzada...
2026-01-20 01:35:46,396 - Experiment_exp0_baseline - INFO - Fold 1/5
2026-01-20 01:35:59,571 - Experiment_exp0_baseline - INFO - Fold 1 - EER: 0.5000
2026-01-20 01:35:59,571 - Experiment_exp0_baseline - INFO - Fold 1 - Rank-1: 0.0038
2026-01-20 01:35:59,571 - Experiment_exp0_baseline - INFO - Fold 2/5
2026-01-20 01:36:13,135 - Experiment_exp0_baseline - INFO - Fold 2 - EER: 0.5000
2026-01-20 01:36:13,135 - Experiment_exp0_baseline - INFO - Fold 2 - Rank-1: 0.0038
2026-01-20 01:36:13,135 - Experiment_exp0_baseline - INFO - Fold 3/5
2026-01-20 01:36:26,872 - Experiment_exp0_baseline - INFO - Fold 3 - EER: 0.5000
2026-01-20 01:36:26,872 - Experiment_exp0_baseline - INFO - Fold 3 - Rank-1: 0.0096
2026-01-20 01:36:26,872 - Experiment_exp0_baseline - INFO - Fold 4/5
2026-01-20 01:36:40,770 - Experiment_exp0_baseline - INFO - Fold 4 - EER: 0.5000
2026-01-20 01:36:40,770 - Experiment_exp0_baseline - INFO - Fold 4 - Rank-1: 0.0096
2026-01-20 01:36:40,770 - Experiment_exp0_baseline - INFO - Fold 5/5
2026-01-20 01:36:54,707 - Experiment_exp0_baseline - INFO - Fold 5 - EER: 0.5000
2026-01-20 01:36:54,707 - Experiment_exp0_baseline - INFO - Fold 5 - Rank-1: 0.0057
2026-01-20 01:36:54,724 - Experiment_exp0_baseline - INFO - Resultados salvos em /media/DRAGONSTONE/MEGAsync/Forense/Papiloscopia/Compara_Metodos_Automaticos/Plataformas/Experimento/exp0_baseline/results/cv_results_prod.json
2026-01-20 01:36:54,725 - Experiment_exp0_baseline - INFO - ================================================================================
2026-01-20 01:36:54,725 - Experiment_exp0_baseline - INFO - Resultados da Validação Cruzada:
2026-01-20 01:36:54,725 - Experiment_exp0_baseline - INFO - ================================================================================
2026-01-20 01:36:54,725 - Experiment_exp0_baseline - INFO - rank_1: 0.0065 (CI: [0.0033, 0.0097])
2026-01-20 01:36:54,725 - Experiment_exp0_baseline - INFO - rank_5: 0.0245 (CI: [0.0172, 0.0318])
2026-01-20 01:36:54,725 - Experiment_exp0_baseline - INFO - rank_10: 0.0406 (CI: [0.0305, 0.0507])
2026-01-20 01:36:54,725 - Experiment_exp0_baseline - INFO - rank_20: 0.0728 (CI: [0.0554, 0.0901])
2026-01-20 01:36:54,725 - Experiment_exp0_baseline - INFO - eer: 0.5000 (CI: [0.5000, 0.5000])
2026-01-20 01:36:54,725 - Experiment_exp0_baseline - INFO - far_at_frr_0.1: 1.0000 (CI: [1.0000, 1.0000])
2026-01-20 01:36:54,733 - Experiment_exp0_baseline - INFO - far_at_frr_0.01: 1.0000 (CI: [1.0000, 1.0000])
2026-01-20 01:36:54,733 - Experiment_exp0_baseline - INFO - ================================================================================
2026-01-20 01:36:54,733 - Experiment_exp0_baseline - INFO - Avaliação Pairwise (todas-contra-todas):
2026-01-20 01:36:54,733 - Experiment_exp0_baseline - INFO - ================================================================================
2026-01-20 01:36:54,748 - Experiment_exp0_baseline - INFO - Avaliação pairwise com 2610 amostras
2026-01-20 01:36:54,748 - Experiment_exp0_baseline - INFO - Total de comparações: 3407355
2026-01-20 01:36:54,748 - Experiment_exp0_baseline - INFO - Carregando qualidades NFIQ2...
2026-01-20 01:36:54,801 - Experiment_exp0_baseline - INFO - Qualidades carregadas: 240 arquivos
2026-01-20 01:36:54,801 - Experiment_exp0_baseline - INFO - Qualidade média: 44.5
2026-01-20 01:36:54,811 - Experiment_exp0_baseline - INFO - Extraindo embeddings...
2026-01-20 01:37:08,573 - Experiment_exp0_baseline - INFO - Embeddings extraídos: (2610, 512)
2026-01-20 01:37:08,573 - Experiment_exp0_baseline - INFO - Realizando comparações todas-contra-todas...
2026-01-20 01:37:08,574 - Experiment_exp0_baseline - INFO - Iniciando 3407355 comparações (2610 amostras)
2026-01-20 01:41:15,440 - Experiment_exp0_baseline - INFO - Comparações concluídas em 246.06s
2026-01-20 01:41:15,441 - Experiment_exp0_baseline - INFO - Pares genuínos: 11745, Pares impostores: 3393000
2026-01-20 01:41:15,441 - Experiment_exp0_baseline - INFO - Memória pico: 1703.7 MB
2026-01-20 01:41:15,441 - Experiment_exp0_baseline - INFO - Resultados salvos em /media/DRAGONSTONE/MEGAsync/Forense/Papiloscopia/Compara_Metodos_Automaticos/Plataformas/Experimento/exp0_baseline/results/pairwise_comparisons_prod.csv
2026-01-20 01:41:15,471 - Experiment_exp0_baseline - INFO - Estatísticas salvas em /media/DRAGONSTONE/MEGAsync/Forense/Papiloscopia/Compara_Metodos_Automaticos/Plataformas/Experimento/exp0_baseline/results/pairwise_stats_prod.json
2026-01-20 01:41:15,471 - Experiment_exp0_baseline - INFO - Comparações realizadas: 3407355
2026-01-20 01:41:15,471 - Experiment_exp0_baseline - INFO - Pares genuínos: 11745
2026-01-20 01:41:15,471 - Experiment_exp0_baseline - INFO - Pares impostores: 3393000
2026-01-20 01:41:15,471 - Experiment_exp0_baseline - INFO - Tempo total: 246.06s
2026-01-20 01:41:15,471 - Experiment_exp0_baseline - INFO - Memória pico: 1703.7 MB
2026-01-20 01:41:15,471 - Experiment_exp0_baseline - INFO - CSV salvo em: /media/DRAGONSTONE/MEGAsync/Forense/Papiloscopia/Compara_Metodos_Automaticos/Plataformas/Experimento/exp0_baseline/results/pairwise_comparisons_prod.csv
2026-01-20 01:41:15,471 - Experiment_exp0_baseline - INFO - ================================================================================
2026-01-20 01:41:15,471 - Experiment_exp0_baseline - INFO - Experimento concluído com sucesso!
2026-01-20 08:54:46,366 - Experiment_exp0_baseline - INFO - Iniciando experimento: DeepPrint Baseline
2026-01-20 08:54:46,366 - Experiment_exp0_baseline - INFO - Modo: prod
2026-01-20 08:54:46,366 - Experiment_exp0_baseline - INFO - ================================================================================
2026-01-20 08:54:46,366 - Experiment_exp0_baseline - INFO - Experimento: DeepPrint Baseline
2026-01-20 08:54:46,366 - Experiment_exp0_baseline - INFO - Descrição: DeepPrint puro sem modificações
2026-01-20 08:54:46,367 - Experiment_exp0_baseline - INFO - ================================================================================
2026-01-20 08:54:46,367 - Experiment_exp0_baseline - INFO - Carregando bases de dados...
2026-01-20 08:54:46,367 - Experiment_exp0_baseline - INFO - Modo SFinge+FVC: treinando com SFinge (FP_gen_0) + bases FVC
2026-01-20 08:54:46,561 - Experiment_exp0_baseline - INFO - === FVC ===
2026-01-20 08:54:46,562 - Experiment_exp0_baseline - INFO - Total de imagens: 960
2026-01-20 08:54:46,562 - Experiment_exp0_baseline - INFO - Total de origens únicas: 120
2026-01-20 08:54:46,562 - Experiment_exp0_baseline - INFO - Imagens por dataset: {'FVC2000': 320, 'FVC2002': 320, 'FVC2004': 320}
2026-01-20 08:54:46,562 - Experiment_exp0_baseline - INFO - Versões por origem: min=8, max=8, média=8.0
2026-01-20 08:54:46,563 - Experiment_exp0_baseline - INFO - === SFinge ===
2026-01-20 08:54:46,563 - Experiment_exp0_baseline - INFO - Total de imagens: 17400
2026-01-20 08:54:46,563 - Experiment_exp0_baseline - INFO - Total de origens únicas: 1740
2026-01-20 08:54:46,564 - Experiment_exp0_baseline - INFO - Versões por origem: min=10, max=10, média=10.0
2026-01-20 08:54:46,564 - Experiment_exp0_baseline - INFO - Dataset dividido: train=12852, val=2754, test=2754
2026-01-20 08:54:46,564 - Experiment_exp0_baseline - INFO - Criando modelo: baseline com 512 dimensões
2026-01-20 08:54:48,277 - Experiment_exp0_baseline - INFO - Iniciando treinamento...
2026-01-20 09:05:50,317 - Experiment_exp0_baseline - INFO - Iniciando experimento: DeepPrint Baseline
2026-01-20 09:05:50,318 - Experiment_exp0_baseline - INFO - Modo: prod
2026-01-20 09:05:50,318 - Experiment_exp0_baseline - INFO - ================================================================================
2026-01-20 09:05:50,318 - Experiment_exp0_baseline - INFO - Experimento: DeepPrint Baseline
2026-01-20 09:05:50,318 - Experiment_exp0_baseline - INFO - Descrição: DeepPrint puro sem modificações
2026-01-20 09:05:50,318 - Experiment_exp0_baseline - INFO - ================================================================================
2026-01-20 09:05:50,318 - Experiment_exp0_baseline - INFO - Carregando bases de dados...
2026-01-20 09:05:50,318 - Experiment_exp0_baseline - INFO - Modo SFinge+FVC: treinando com SFinge (FP_gen_0) + bases FVC
2026-01-20 09:05:50,497 - Experiment_exp0_baseline - INFO - === FVC ===
2026-01-20 09:05:50,497 - Experiment_exp0_baseline - INFO - Total de imagens: 960
2026-01-20 09:05:50,497 - Experiment_exp0_baseline - INFO - Total de origens únicas: 120
2026-01-20 09:05:50,497 - Experiment_exp0_baseline - INFO - Imagens por dataset: {'FVC2000': 320, 'FVC2002': 320, 'FVC2004': 320}
2026-01-20 09:05:50,497 - Experiment_exp0_baseline - INFO - Versões por origem: min=8, max=8, média=8.0
2026-01-20 09:05:50,498 - Experiment_exp0_baseline - INFO - === SFinge ===
2026-01-20 09:05:50,498 - Experiment_exp0_baseline - INFO - Total de imagens: 17400
2026-01-20 09:05:50,498 - Experiment_exp0_baseline - INFO - Total de origens únicas: 1740
2026-01-20 09:05:50,498 - Experiment_exp0_baseline - INFO - Versões por origem: min=10, max=10, média=10.0
2026-01-20 09:05:50,498 - Experiment_exp0_baseline - INFO - Dataset dividido: train=12852, val=2754, test=2754
2026-01-20 09:05:50,499 - Experiment_exp0_baseline - INFO - Criando modelo: baseline com 512 dimensões
2026-01-20 09:05:52,087 - Experiment_exp0_baseline - INFO - Iniciando treinamento...
2026-01-21 05:54:05,892 - Experiment_exp0_baseline - INFO - ================================================================================
2026-01-21 05:54:05,892 - Experiment_exp0_baseline - INFO - Avaliação no conjunto de teste:
2026-01-21 05:54:05,892 - Experiment_exp0_baseline - INFO - ================================================================================
2026-01-21 05:54:20,097 - Experiment_exp0_baseline - INFO - Embeddings extraídos: (2754, 512)
2026-01-21 05:54:26,415 - Experiment_exp0_baseline - INFO - Pares genuínos: 12249
2026-01-21 05:54:26,415 - Experiment_exp0_baseline - INFO - Pares impostores: 3778632
2026-01-21 07:13:43,097 - Experiment_exp0_baseline - INFO - EER: 0.2139
2026-01-21 07:13:43,097 - Experiment_exp0_baseline - INFO - FAR@FRR=0.1: 0.3162
2026-01-21 07:13:43,097 - Experiment_exp0_baseline - INFO - FAR@FRR=0.01: 0.7323
2026-01-21 07:13:43,097 - Experiment_exp0_baseline - INFO - Scores genuínos: média=0.9868, std=0.0919
2026-01-21 07:13:43,104 - Experiment_exp0_baseline - INFO - Scores impostores: média=0.6803, std=0.3583
2026-01-21 07:13:43,107 - Experiment_exp0_baseline - INFO - Resultados salvos em /media/DRAGONSTONE/MEGAsync/Forense/Papiloscopia/Compara_Metodos_Automaticos/Plataformas/Experimento/exp0_baseline/results/test_results_prod.json
2026-01-21 07:13:43,113 - Experiment_exp0_baseline - INFO - Iniciando validação cruzada...
2026-01-21 07:13:58,339 - Experiment_exp0_baseline - INFO - Fold 1/5
2026-01-21 07:14:11,775 - Experiment_exp0_baseline - INFO - Fold 1 - EER: 0.0121
2026-01-21 07:14:11,775 - Experiment_exp0_baseline - INFO - Fold 1 - Rank-1: 0.0817
2026-01-21 07:14:11,775 - Experiment_exp0_baseline - INFO - Fold 2/5
2026-01-21 07:14:25,233 - Experiment_exp0_baseline - INFO - Fold 2 - EER: 0.0138
2026-01-21 07:14:25,233 - Experiment_exp0_baseline - INFO - Fold 2 - Rank-1: 0.0690
2026-01-21 07:14:25,234 - Experiment_exp0_baseline - INFO - Fold 3/5
2026-01-21 07:14:38,776 - Experiment_exp0_baseline - INFO - Fold 3 - EER: 0.0178
2026-01-21 07:14:38,776 - Experiment_exp0_baseline - INFO - Fold 3 - Rank-1: 0.0635
2026-01-21 07:14:38,776 - Experiment_exp0_baseline - INFO - Fold 4/5
2026-01-21 07:14:52,446 - Experiment_exp0_baseline - INFO - Fold 4 - EER: 0.0096
2026-01-21 07:14:52,446 - Experiment_exp0_baseline - INFO - Fold 4 - Rank-1: 0.0871
2026-01-21 07:14:52,446 - Experiment_exp0_baseline - INFO - Fold 5/5
2026-01-21 07:15:06,215 - Experiment_exp0_baseline - INFO - Fold 5 - EER: 0.0050
2026-01-21 07:15:06,215 - Experiment_exp0_baseline - INFO - Fold 5 - Rank-1: 0.0927
2026-01-21 07:15:06,218 - Experiment_exp0_baseline - INFO - Resultados salvos em /media/DRAGONSTONE/MEGAsync/Forense/Papiloscopia/Compara_Metodos_Automaticos/Plataformas/Experimento/exp0_baseline/results/cv_results_prod.json
2026-01-21 07:15:06,219 - Experiment_exp0_baseline - INFO - ================================================================================
2026-01-21 07:15:06,219 - Experiment_exp0_baseline - INFO - Resultados da Validação Cruzada:
2026-01-21 07:15:06,219 - Experiment_exp0_baseline - INFO - ================================================================================
2026-01-21 07:15:06,219 - Experiment_exp0_baseline - INFO - rank_1: 0.0788 (CI: [0.0652, 0.0924])
2026-01-21 07:15:06,219 - Experiment_exp0_baseline - INFO - rank_5: 0.1939 (CI: [0.1728, 0.2150])
2026-01-21 07:15:06,219 - Experiment_exp0_baseline - INFO - rank_10: 0.3032 (CI: [0.2803, 0.3260])
2026-01-21 07:15:06,219 - Experiment_exp0_baseline - INFO - rank_20: 0.4336 (CI: [0.4176, 0.4496])
2026-01-21 07:15:06,219 - Experiment_exp0_baseline - INFO - eer: 0.0116 (CI: [0.0064, 0.0169])
2026-01-21 07:15:06,219 - Experiment_exp0_baseline - INFO - far_at_frr_0.1: 0.0133 (CI: [0.0073, 0.0193])
2026-01-21 07:15:06,219 - Experiment_exp0_baseline - INFO - far_at_frr_0.01: 0.0233 (CI: [0.0127, 0.0338])
2026-01-21 07:15:06,219 - Experiment_exp0_baseline - INFO - ================================================================================
2026-01-21 07:15:06,219 - Experiment_exp0_baseline - INFO - Avaliação Pairwise (todas-contra-todas):
2026-01-21 07:15:06,219 - Experiment_exp0_baseline - INFO - ================================================================================
2026-01-21 07:15:06,225 - Experiment_exp0_baseline - INFO - Avaliação pairwise com 2754 amostras
2026-01-21 07:15:06,225 - Experiment_exp0_baseline - INFO - Total de comparações: 3793635
2026-01-21 07:15:06,226 - Experiment_exp0_baseline - INFO - Carregando qualidades NFIQ2...
2026-01-21 07:15:06,282 - Experiment_exp0_baseline - INFO - Qualidades carregadas: 240 arquivos
2026-01-21 07:15:06,282 - Experiment_exp0_baseline - INFO - Qualidade média: 44.5
2026-01-21 07:15:06,292 - Experiment_exp0_baseline - INFO - Extraindo embeddings...
2026-01-21 07:15:19,877 - Experiment_exp0_baseline - INFO - Embeddings extraídos: (2754, 512)
2026-01-21 07:15:19,877 - Experiment_exp0_baseline - INFO - Realizando comparações todas-contra-todas...
2026-01-21 07:15:19,878 - Experiment_exp0_baseline - INFO - Iniciando 3793635 comparações (2754 amostras)
2026-01-21 07:19:55,807 - Experiment_exp0_baseline - INFO - Comparações concluídas em 275.20s
2026-01-21 07:19:55,807 - Experiment_exp0_baseline - INFO - Pares genuínos: 12249, Pares impostores: 3778632
2026-01-21 07:19:55,807 - Experiment_exp0_baseline - INFO - Memória pico: 1255.8 MB
2026-01-21 07:19:55,807 - Experiment_exp0_baseline - INFO - Resultados salvos em /media/DRAGONSTONE/MEGAsync/Forense/Papiloscopia/Compara_Metodos_Automaticos/Plataformas/Experimento/exp0_baseline/results/pairwise_comparisons_prod.csv
2026-01-21 07:19:55,845 - Experiment_exp0_baseline - INFO - Estatísticas salvas em /media/DRAGONSTONE/MEGAsync/Forense/Papiloscopia/Compara_Metodos_Automaticos/Plataformas/Experimento/exp0_baseline/results/pairwise_stats_prod.json
2026-01-21 07:19:55,845 - Experiment_exp0_baseline - INFO - Comparações realizadas: 3793635
2026-01-21 07:19:55,845 - Experiment_exp0_baseline - INFO - Pares genuínos: 12249
2026-01-21 07:19:55,845 - Experiment_exp0_baseline - INFO - Pares impostores: 3778632
2026-01-21 07:19:55,846 - Experiment_exp0_baseline - INFO - Tempo total: 275.20s
2026-01-21 07:19:55,846 - Experiment_exp0_baseline - INFO - Memória pico: 1255.8 MB
2026-01-21 07:19:55,846 - Experiment_exp0_baseline - INFO - CSV salvo em: /media/DRAGONSTONE/MEGAsync/Forense/Papiloscopia/Compara_Metodos_Automaticos/Plataformas/Experimento/exp0_baseline/results/pairwise_comparisons_prod.csv
2026-01-21 07:19:55,846 - Experiment_exp0_baseline - INFO - ================================================================================
2026-01-21 07:19:55,846 - Experiment_exp0_baseline - INFO - Experimento concluído com sucesso!
2026-01-24 18:08:35,145 - Experiment_exp0_baseline - INFO - Iniciando experimento: DeepPrint Baseline
2026-01-24 18:08:35,146 - Experiment_exp0_baseline - INFO - Modo: prod
2026-01-24 18:08:35,146 - Experiment_exp0_baseline - INFO - ================================================================================
2026-01-24 18:08:35,146 - Experiment_exp0_baseline - INFO - Experimento: DeepPrint Baseline
2026-01-24 18:08:35,146 - Experiment_exp0_baseline - INFO - Descrição: DeepPrint original completo (LocTexMinu): STN + 2 branches, 192 dims total
2026-01-24 18:08:35,146 - Experiment_exp0_baseline - INFO - ================================================================================
2026-01-24 18:08:35,146 - Experiment_exp0_baseline - INFO - Carregando bases de dados...
2026-01-24 18:08:35,146 - Experiment_exp0_baseline - INFO - Modo PROD padrão: treinando com SFinge (FP_gen_0 + FP_gen_1 - 84.000 imagens)
2026-01-24 18:08:36,189 - Experiment_exp0_baseline - INFO - === SFinge ===
2026-01-24 18:08:36,189 - Experiment_exp0_baseline - INFO - Total de imagens: 84000
2026-01-24 18:08:36,189 - Experiment_exp0_baseline - INFO - Total de origens únicas: 801
2026-01-24 18:08:36,189 - Experiment_exp0_baseline - INFO - Versões por origem: min=10, max=120, média=104.9
2026-01-24 18:08:36,189 - Experiment_exp0_baseline - INFO - Dataset dividido: train=58600, val=12640, test=12760
2026-01-24 18:08:36,190 - Experiment_exp0_baseline - INFO - Criando modelo: baseline com 96+96=192 dimensões
2026-01-24 18:08:36,959 - Experiment_exp0_baseline - INFO - Iniciando treinamento...
2026-01-24 18:10:43,288 - Experiment_exp0_baseline - INFO - Iniciando experimento: DeepPrint Baseline
2026-01-24 18:10:43,288 - Experiment_exp0_baseline - INFO - Modo: prod
2026-01-24 18:10:43,288 - Experiment_exp0_baseline - INFO - ================================================================================
2026-01-24 18:10:43,288 - Experiment_exp0_baseline - INFO - Experimento: DeepPrint Baseline
2026-01-24 18:10:43,288 - Experiment_exp0_baseline - INFO - Descrição: DeepPrint original completo (LocTexMinu): STN + 2 branches, 192 dims total
2026-01-24 18:10:43,288 - Experiment_exp0_baseline - INFO - ================================================================================
2026-01-24 18:10:43,288 - Experiment_exp0_baseline - INFO - Carregando bases de dados...
2026-01-24 18:10:43,288 - Experiment_exp0_baseline - INFO - Modo PROD padrão: treinando com SFinge (FP_gen_0 + FP_gen_1 - 84.000 imagens)
2026-01-24 18:10:44,318 - Experiment_exp0_baseline - INFO - === SFinge ===
2026-01-24 18:10:44,319 - Experiment_exp0_baseline - INFO - Total de imagens: 84000
2026-01-24 18:10:44,319 - Experiment_exp0_baseline - INFO - Total de origens únicas: 801
2026-01-24 18:10:44,319 - Experiment_exp0_baseline - INFO - Versões por origem: min=10, max=120, média=104.9
2026-01-24 18:10:44,319 - Experiment_exp0_baseline - INFO - Dataset dividido: train=58600, val=12640, test=12760
2026-01-24 18:10:44,319 - Experiment_exp0_baseline - INFO - Criando modelo: baseline com 96+96=192 dimensões
2026-01-24 18:10:45,063 - Experiment_exp0_baseline - INFO - Iniciando treinamento...
2026-01-25 11:15:22,597 - Experiment_exp0_baseline - INFO - ================================================================================
2026-01-25 11:15:22,604 - Experiment_exp0_baseline - INFO - Avaliação no conjunto de teste:
2026-01-25 11:15:22,604 - Experiment_exp0_baseline - INFO - ================================================================================
2026-01-25 11:17:33,309 - Experiment_exp0_baseline - INFO - Embeddings extraídos: (12760, 192)
2026-01-25 11:17:37,341 - Experiment_exp0_baseline - INFO - Pares genuínos: 671220
2026-01-25 11:17:37,341 - Experiment_exp0_baseline - INFO - Pares impostores: 1276000
2026-01-25 11:17:37,351 - Experiment_exp0_baseline - INFO - EER: 0.5000
2026-01-25 11:17:37,351 - Experiment_exp0_baseline - INFO - FAR@FRR=0.1: 1.0000
2026-01-25 11:17:37,351 - Experiment_exp0_baseline - INFO - FAR@FRR=0.01: 1.0000
2026-01-25 11:17:37,353 - Experiment_exp0_baseline - INFO - Scores genuínos: média=1.0000, std=0.0000
2026-01-25 11:17:37,355 - Experiment_exp0_baseline - INFO - Scores impostores: média=1.0000, std=0.0000
2026-01-25 11:17:37,359 - Experiment_exp0_baseline - INFO - Resultados salvos em /media/DRAGONSTONE/MEGAsync/Forense/Papiloscopia/Compara_Metodos_Automaticos/Plataformas/Experimento/exp0_baseline/results/test_results_prod.json
2026-01-25 11:17:37,359 - Experiment_exp0_baseline - INFO - Iniciando validação cruzada...
2026-01-25 11:18:56,419 - Experiment_exp0_baseline - INFO - Fold 1/5
2026-01-25 11:21:01,266 - Experiment_exp0_baseline - INFO - Fold 1 - EER: 0.5000
2026-01-25 11:21:01,266 - Experiment_exp0_baseline - INFO - Fold 1 - Rank-1: 0.0082
2026-01-25 11:21:01,267 - Experiment_exp0_baseline - INFO - Fold 2/5
2026-01-25 11:23:11,628 - Experiment_exp0_baseline - INFO - Fold 2 - EER: 0.5000
2026-01-25 11:23:11,628 - Experiment_exp0_baseline - INFO - Fold 2 - Rank-1: 0.0082
2026-01-25 11:23:11,629 - Experiment_exp0_baseline - INFO - Fold 3/5
2026-01-25 11:25:22,304 - Experiment_exp0_baseline - INFO - Fold 3 - EER: 0.5000
2026-01-25 11:25:22,304 - Experiment_exp0_baseline - INFO - Fold 3 - Rank-1: 0.0082
2026-01-25 11:25:22,304 - Experiment_exp0_baseline - INFO - Fold 4/5
2026-01-25 11:27:32,965 - Experiment_exp0_baseline - INFO - Fold 4 - EER: 0.5000
2026-01-25 11:27:32,965 - Experiment_exp0_baseline - INFO - Fold 4 - Rank-1: 0.0082
2026-01-25 11:27:32,965 - Experiment_exp0_baseline - INFO - Fold 5/5
2026-01-25 11:29:43,505 - Experiment_exp0_baseline - INFO - Fold 5 - EER: 0.5000
2026-01-25 11:29:43,505 - Experiment_exp0_baseline - INFO - Fold 5 - Rank-1: 0.0082
2026-01-25 11:29:43,513 - Experiment_exp0_baseline - INFO - Resultados salvos em /media/DRAGONSTONE/MEGAsync/Forense/Papiloscopia/Compara_Metodos_Automaticos/Plataformas/Experimento/exp0_baseline/results/cv_results_prod.json
2026-01-25 11:29:43,513 - Experiment_exp0_baseline - INFO - ================================================================================
2026-01-25 11:29:43,513 - Experiment_exp0_baseline - INFO - Resultados da Validação Cruzada:
2026-01-25 11:29:43,513 - Experiment_exp0_baseline - INFO - ================================================================================
2026-01-25 11:29:43,513 - Experiment_exp0_baseline - INFO - rank_1: 0.0082 (CI: [0.0082, 0.0082])
2026-01-25 11:29:43,513 - Experiment_exp0_baseline - INFO - rank_5: 0.0400 (CI: [0.0400, 0.0400])
2026-01-25 11:29:43,513 - Experiment_exp0_baseline - INFO - rank_10: 0.0799 (CI: [0.0799, 0.0799])
2026-01-25 11:29:43,513 - Experiment_exp0_baseline - INFO - rank_20: 0.1563 (CI: [0.1563, 0.1563])
2026-01-25 11:29:43,513 - Experiment_exp0_baseline - INFO - eer: 0.5000 (CI: [0.5000, 0.5000])
2026-01-25 11:29:43,513 - Experiment_exp0_baseline - INFO - far_at_frr_0.1: 1.0000 (CI: [1.0000, 1.0000])
2026-01-25 11:29:43,513 - Experiment_exp0_baseline - INFO - far_at_frr_0.01: 1.0000 (CI: [1.0000, 1.0000])
2026-01-25 11:29:43,513 - Experiment_exp0_baseline - INFO - ================================================================================
2026-01-25 11:29:43,513 - Experiment_exp0_baseline - INFO - Avaliação Pairwise (todas-contra-todas):
2026-01-25 11:29:43,513 - Experiment_exp0_baseline - INFO - ================================================================================
2026-01-25 11:29:43,568 - Experiment_exp0_baseline - INFO - Avaliação pairwise com 12760 amostras
2026-01-25 11:29:43,568 - Experiment_exp0_baseline - INFO - Total de comparações: 81415180
2026-01-25 11:29:43,568 - Experiment_exp0_baseline - INFO - Carregando qualidades NFIQ2...
2026-01-25 11:29:43,643 - Experiment_exp0_baseline - INFO - Qualidades carregadas: 960 arquivos
2026-01-25 11:29:43,643 - Experiment_exp0_baseline - INFO - Qualidade média: 44.5
2026-01-25 11:29:43,657 - Experiment_exp0_baseline - INFO - Extraindo embeddings...
2026-01-25 11:31:55,248 - Experiment_exp0_baseline - INFO - Embeddings extraídos: (12760, 192)
2026-01-25 11:31:55,251 - Experiment_exp0_baseline - INFO - Realizando comparações todas-contra-todas...
2026-01-25 11:31:55,251 - Experiment_exp0_baseline - INFO - Iniciando 81415180 comparações (12760 amostras)
2026-01-25 16:19:55,396 - Experiment_exp0_baseline - INFO - Iniciando experimento: DeepPrint Baseline
2026-01-25 16:19:55,400 - Experiment_exp0_baseline - INFO - Modo: prod
2026-01-25 16:19:55,400 - Experiment_exp0_baseline - INFO - ================================================================================
2026-01-25 16:19:55,400 - Experiment_exp0_baseline - INFO - Experimento: DeepPrint Baseline
2026-01-25 16:19:55,400 - Experiment_exp0_baseline - INFO - Descrição: DeepPrint original completo (LocTexMinu): STN + 2 branches, 192 dims total
2026-01-25 16:19:55,400 - Experiment_exp0_baseline - INFO - ================================================================================
2026-01-25 16:19:55,400 - Experiment_exp0_baseline - INFO - Carregando bases de dados...
2026-01-25 16:19:55,401 - Experiment_exp0_baseline - INFO - Modo PROD padrão: treinando com SFinge (FP_gen_0 + FP_gen_1 - 84.000 imagens)
2026-01-25 16:19:56,802 - Experiment_exp0_baseline - ERROR - Erro ao carregar datasets: FingerprintDataset.__init__() got an unexpected keyword argument 'aggressive_augment'
2026-01-25 16:22:18,147 - Experiment_exp0_baseline - INFO - Iniciando experimento: DeepPrint Baseline
2026-01-25 16:22:18,147 - Experiment_exp0_baseline - INFO - Modo: prod
2026-01-25 16:22:18,147 - Experiment_exp0_baseline - INFO - ================================================================================
2026-01-25 16:22:18,147 - Experiment_exp0_baseline - INFO - Experimento: DeepPrint Baseline
2026-01-25 16:22:18,147 - Experiment_exp0_baseline - INFO - Descrição: DeepPrint original completo (LocTexMinu): STN + 2 branches, 192 dims total
2026-01-25 16:22:18,147 - Experiment_exp0_baseline - INFO - ================================================================================
2026-01-25 16:22:18,147 - Experiment_exp0_baseline - INFO - Carregando bases de dados...
2026-01-25 16:22:18,147 - Experiment_exp0_baseline - INFO - Modo PROD padrão: treinando com SFinge (FP_gen_0 + FP_gen_1 - 84.000 imagens)
2026-01-25 16:22:19,504 - Experiment_exp0_baseline - ERROR - Erro ao carregar datasets: FingerprintDataset.__init__() got an unexpected keyword argument 'aggressive_augment'
2026-01-25 16:26:14,924 - Experiment_exp0_baseline - INFO - Iniciando experimento: DeepPrint Baseline
2026-01-25 16:26:14,924 - Experiment_exp0_baseline - INFO - Modo: prod
2026-01-25 16:26:14,925 - Experiment_exp0_baseline - INFO - ================================================================================
2026-01-25 16:26:14,925 - Experiment_exp0_baseline - INFO - Experimento: DeepPrint Baseline
2026-01-25 16:26:14,925 - Experiment_exp0_baseline - INFO - Descrição: DeepPrint original completo (LocTexMinu): STN + 2 branches, 192 dims total
2026-01-25 16:26:14,925 - Experiment_exp0_baseline - INFO - ================================================================================
2026-01-25 16:26:14,925 - Experiment_exp0_baseline - INFO - Carregando bases de dados...
2026-01-25 16:26:14,925 - Experiment_exp0_baseline - INFO - Modo PROD padrão: treinando com SFinge (FP_gen_0 + FP_gen_1 - 84.000 imagens)
2026-01-25 16:26:16,396 - Experiment_exp0_baseline - INFO - === SFinge ===
2026-01-25 16:26:16,396 - Experiment_exp0_baseline - INFO - Total de imagens: 84000
2026-01-25 16:26:16,396 - Experiment_exp0_baseline - INFO - Total de origens únicas: 801
2026-01-25 16:26:16,396 - Experiment_exp0_baseline - INFO - Versões por origem: min=10, max=120, média=104.9
2026-01-25 16:26:16,396 - Experiment_exp0_baseline - INFO - Dataset dividido: train=58600, val=12640, test=12760
2026-01-25 16:26:16,398 - Experiment_exp0_baseline - INFO - Criando modelo: baseline com 96+96=192 dimensões
2026-01-25 16:26:17,164 - Experiment_exp0_baseline - INFO - Iniciando treinamento...
2026-01-25 16:32:40,740 - Experiment_exp0_baseline - INFO - Iniciando experimento: DeepPrint Baseline
2026-01-25 16:32:40,740 - Experiment_exp0_baseline - INFO - Modo: prod
2026-01-25 16:32:40,740 - Experiment_exp0_baseline - INFO - ================================================================================
2026-01-25 16:32:40,740 - Experiment_exp0_baseline - INFO - Experimento: DeepPrint Baseline
2026-01-25 16:32:40,740 - Experiment_exp0_baseline - INFO - Descrição: DeepPrint original completo (LocTexMinu): STN + 2 branches, 192 dims total
2026-01-25 16:32:40,740 - Experiment_exp0_baseline - INFO - ================================================================================
2026-01-25 16:32:40,740 - Experiment_exp0_baseline - INFO - Carregando bases de dados...
2026-01-25 16:32:40,740 - Experiment_exp0_baseline - INFO - Modo PROD padrão: treinando com SFinge (FP_gen_0 + FP_gen_1 - 84.000 imagens)
2026-01-25 16:32:42,236 - Experiment_exp0_baseline - INFO - === SFinge ===
2026-01-25 16:32:42,236 - Experiment_exp0_baseline - INFO - Total de imagens: 84000
2026-01-25 16:32:42,236 - Experiment_exp0_baseline - INFO - Total de origens únicas: 801
2026-01-25 16:32:42,236 - Experiment_exp0_baseline - INFO - Versões por origem: min=10, max=120, média=104.9
2026-01-25 16:32:42,236 - Experiment_exp0_baseline - INFO - Dataset dividido: train=58600, val=12640, test=12760
2026-01-25 16:32:42,237 - Experiment_exp0_baseline - INFO - Criando modelo: baseline com 96+96=192 dimensões
2026-01-25 16:32:43,025 - Experiment_exp0_baseline - INFO - Iniciando treinamento...
2026-01-25 17:26:10,308 - Experiment_exp0_baseline - INFO - Iniciando experimento: DeepPrint Baseline
2026-01-25 17:26:10,315 - Experiment_exp0_baseline - INFO - Modo: prod
2026-01-25 17:26:10,315 - Experiment_exp0_baseline - INFO - ================================================================================
2026-01-25 17:26:10,315 - Experiment_exp0_baseline - INFO - Experimento: DeepPrint Baseline
2026-01-25 17:26:10,315 - Experiment_exp0_baseline - INFO - Descrição: DeepPrint original completo (LocTexMinu): STN + 2 branches, 192 dims total
2026-01-25 17:26:10,316 - Experiment_exp0_baseline - INFO - ================================================================================
2026-01-25 17:26:10,316 - Experiment_exp0_baseline - INFO - Carregando bases de dados...
2026-01-25 17:26:10,316 - Experiment_exp0_baseline - INFO - Modo PROD padrão: treinando com SFinge (FP_gen_0 + FP_gen_1 - 84.000 imagens)
2026-01-25 17:26:11,676 - Experiment_exp0_baseline - INFO - === SFinge ===
2026-01-25 17:26:11,676 - Experiment_exp0_baseline - INFO - Total de imagens: 84000
2026-01-25 17:26:11,676 - Experiment_exp0_baseline - INFO - Total de origens únicas: 801
2026-01-25 17:26:11,676 - Experiment_exp0_baseline - INFO - Versões por origem: min=10, max=120, média=104.9
2026-01-25 17:26:11,676 - Experiment_exp0_baseline - INFO - Dataset dividido: train=58600, val=12640, test=12760
2026-01-25 17:26:11,676 - Experiment_exp0_baseline - INFO - Criando modelo: baseline com 96+96=192 dimensões
2026-01-25 17:26:12,491 - Experiment_exp0_baseline - INFO - Iniciando treinamento...
2026-01-25 17:26:34,403 - Experiment_exp0_baseline - INFO - Iniciando experimento: DeepPrint Baseline
2026-01-25 17:26:34,403 - Experiment_exp0_baseline - INFO - Modo: prod
2026-01-25 17:26:34,403 - Experiment_exp0_baseline - INFO - ================================================================================
2026-01-25 17:26:34,403 - Experiment_exp0_baseline - INFO - Experimento: DeepPrint Baseline
2026-01-25 17:26:34,403 - Experiment_exp0_baseline - INFO - Descrição: DeepPrint original completo (LocTexMinu): STN + 2 branches, 192 dims total
2026-01-25 17:26:34,403 - Experiment_exp0_baseline - INFO - ================================================================================
2026-01-25 17:26:34,403 - Experiment_exp0_baseline - INFO - Carregando bases de dados...
2026-01-25 17:26:34,404 - Experiment_exp0_baseline - INFO - Modo PROD padrão: treinando com SFinge (FP_gen_0 + FP_gen_1 - 84.000 imagens)
2026-01-25 17:26:35,737 - Experiment_exp0_baseline - INFO - === SFinge ===
2026-01-25 17:26:35,737 - Experiment_exp0_baseline - INFO - Total de imagens: 84000
2026-01-25 17:26:35,737 - Experiment_exp0_baseline - INFO - Total de origens únicas: 801
2026-01-25 17:26:35,737 - Experiment_exp0_baseline - INFO - Versões por origem: min=10, max=120, média=104.9
2026-01-25 17:26:35,737 - Experiment_exp0_baseline - INFO - Dataset dividido: train=58600, val=12640, test=12760
2026-01-25 17:26:35,738 - Experiment_exp0_baseline - INFO - Criando modelo: baseline com 96+96=192 dimensões
2026-01-25 17:26:36,538 - Experiment_exp0_baseline - INFO - Iniciando treinamento...
2026-01-25 17:30:31,311 - Experiment_exp0_baseline - INFO - Iniciando experimento: DeepPrint Baseline
2026-01-25 17:30:31,311 - Experiment_exp0_baseline - INFO - Modo: prod
2026-01-25 17:30:31,311 - Experiment_exp0_baseline - INFO - ================================================================================
2026-01-25 17:30:31,312 - Experiment_exp0_baseline - INFO - Experimento: DeepPrint Baseline
2026-01-25 17:30:31,312 - Experiment_exp0_baseline - INFO - Descrição: DeepPrint original completo (LocTexMinu): STN + 2 branches, 192 dims total
2026-01-25 17:30:31,312 - Experiment_exp0_baseline - INFO - ================================================================================
2026-01-25 17:30:31,312 - Experiment_exp0_baseline - INFO - Carregando bases de dados...
2026-01-25 17:30:31,312 - Experiment_exp0_baseline - INFO - Modo PROD padrão: treinando com SFinge (FP_gen_0 + FP_gen_1 - 84.000 imagens)
2026-01-25 17:30:32,608 - Experiment_exp0_baseline - INFO - === SFinge ===
2026-01-25 17:30:32,608 - Experiment_exp0_baseline - INFO - Total de imagens: 84000
2026-01-25 17:30:32,608 - Experiment_exp0_baseline - INFO - Total de origens únicas: 801
2026-01-25 17:30:32,608 - Experiment_exp0_baseline - INFO - Versões por origem: min=10, max=120, média=104.9
2026-01-25 17:30:32,608 - Experiment_exp0_baseline - INFO - Dataset dividido: train=58600, val=12640, test=12760
2026-01-25 17:30:32,609 - Experiment_exp0_baseline - INFO - Criando modelo: baseline com 96+96=192 dimensões
2026-01-25 17:30:33,329 - Experiment_exp0_baseline - INFO - Iniciando treinamento...
2026-01-25 17:42:42,660 - Experiment_exp0_baseline - INFO - Iniciando experimento: DeepPrint Baseline
2026-01-25 17:42:42,660 - Experiment_exp0_baseline - INFO - Modo: prod
2026-01-25 17:42:42,660 - Experiment_exp0_baseline - INFO - ================================================================================
2026-01-25 17:42:42,660 - Experiment_exp0_baseline - INFO - Experimento: DeepPrint Baseline
2026-01-25 17:42:42,660 - Experiment_exp0_baseline - INFO - Descrição: DeepPrint original completo (LocTexMinu): STN + 2 branches, 192 dims total
2026-01-25 17:42:42,660 - Experiment_exp0_baseline - INFO - ================================================================================
2026-01-25 17:42:42,660 - Experiment_exp0_baseline - INFO - Carregando bases de dados...
2026-01-25 17:42:42,660 - Experiment_exp0_baseline - INFO - Modo PROD padrão: treinando com SFinge (FP_gen_0 + FP_gen_1 - 84.000 imagens)
2026-01-25 17:42:43,952 - Experiment_exp0_baseline - INFO - === SFinge ===
2026-01-25 17:42:43,952 - Experiment_exp0_baseline - INFO - Total de imagens: 84000
2026-01-25 17:42:43,952 - Experiment_exp0_baseline - INFO - Total de origens únicas: 8000
2026-01-25 17:42:43,952 - Experiment_exp0_baseline - INFO - Versões por origem: min=10, max=12, média=10.5
2026-01-25 17:42:43,952 - Experiment_exp0_baseline - INFO - Dataset dividido: train=58812, val=12626, test=12562
2026-01-25 17:42:43,953 - Experiment_exp0_baseline - INFO - Criando modelo: baseline com 96+96=192 dimensões
2026-01-25 17:42:44,664 - Experiment_exp0_baseline - INFO - Iniciando treinamento...
2026-01-25 21:14:02,609 - Experiment_exp0_baseline - INFO - Iniciando experimento: DeepPrint Baseline
2026-01-25 21:14:02,610 - Experiment_exp0_baseline - INFO - Modo: prod
2026-01-25 21:14:02,610 - Experiment_exp0_baseline - INFO - ================================================================================
2026-01-25 21:14:02,610 - Experiment_exp0_baseline - INFO - Experimento: DeepPrint Baseline
2026-01-25 21:14:02,610 - Experiment_exp0_baseline - INFO - Descrição: DeepPrint original completo (LocTexMinu): STN + 2 branches, 192 dims total
2026-01-25 21:14:02,610 - Experiment_exp0_baseline - INFO - ================================================================================
2026-01-25 21:14:02,610 - Experiment_exp0_baseline - INFO - Carregando bases de dados...
2026-01-25 21:14:02,610 - Experiment_exp0_baseline - INFO - Modo PROD padrão: treinando com SFinge (FP_gen_0 + FP_gen_1 - 84.000 imagens)
2026-01-25 21:14:04,027 - Experiment_exp0_baseline - INFO - === SFinge ===
2026-01-25 21:14:04,027 - Experiment_exp0_baseline - INFO - Total de imagens: 84000
2026-01-25 21:14:04,027 - Experiment_exp0_baseline - INFO - Total de origens únicas: 8000
2026-01-25 21:14:04,027 - Experiment_exp0_baseline - INFO - Versões por origem: min=10, max=12, média=10.5
2026-01-25 21:14:04,027 - Experiment_exp0_baseline - INFO - Dataset dividido: train=58812, val=12626, test=12562
2026-01-25 21:14:04,027 - Experiment_exp0_baseline - INFO - Criando modelo: baseline com 96+96=192 dimensões
2026-01-25 21:14:04,749 - Experiment_exp0_baseline - INFO - Iniciando treinamento...
2026-01-28 10:19:10,878 - Experiment_exp0_baseline - INFO - Iniciando experimento: DeepPrint Baseline
2026-01-28 10:19:10,878 - Experiment_exp0_baseline - INFO - Modo: prod
2026-01-28 10:19:10,878 - Experiment_exp0_baseline - INFO - ================================================================================
2026-01-28 10:19:10,879 - Experiment_exp0_baseline - INFO - Experimento: DeepPrint Baseline
2026-01-28 10:19:10,879 - Experiment_exp0_baseline - INFO - Descrição: DeepPrint original completo (LocTexMinu): STN + 2 branches, 192 dims total
2026-01-28 10:19:10,879 - Experiment_exp0_baseline - INFO - ================================================================================
2026-01-28 10:19:10,879 - Experiment_exp0_baseline - INFO - Carregando bases de dados...
2026-01-28 10:19:10,879 - Experiment_exp0_baseline - INFO - Modo PROD padrão: treinando com SFinge (FP_gen_0 + FP_gen_1 - 84.000 imagens)
2026-01-28 10:19:12,255 - Experiment_exp0_baseline - INFO - === SFinge ===
2026-01-28 10:19:12,255 - Experiment_exp0_baseline - INFO - Total de imagens: 84000
2026-01-28 10:19:12,255 - Experiment_exp0_baseline - INFO - Total de origens únicas: 8000
2026-01-28 10:19:12,255 - Experiment_exp0_baseline - INFO - Versões por origem: min=10, max=12, média=10.5
2026-01-28 10:19:12,255 - Experiment_exp0_baseline - INFO - Dataset dividido: train=60000, val=12000, test=12000
2026-01-28 10:19:12,255 - Experiment_exp0_baseline - INFO - Criando modelo: baseline com 96+96=192 dimensões
2026-01-28 10:19:13,012 - Experiment_exp0_baseline - INFO - Iniciando treinamento...
2026-01-28 12:04:46,710 - Experiment_exp0_baseline - INFO - Iniciando experimento: DeepPrint Baseline
2026-01-28 12:04:46,713 - Experiment_exp0_baseline - INFO - Modo: prod
2026-01-28 12:04:46,713 - Experiment_exp0_baseline - INFO - ================================================================================
2026-01-28 12:04:46,713 - Experiment_exp0_baseline - INFO - Experimento: DeepPrint Baseline
2026-01-28 12:04:46,713 - Experiment_exp0_baseline - INFO - Descrição: DeepPrint original completo (LocTexMinu): STN + 2 branches, 192 dims total
2026-01-28 12:04:46,713 - Experiment_exp0_baseline - INFO - ================================================================================
2026-01-28 12:04:46,714 - Experiment_exp0_baseline - INFO - Carregando bases de dados...
2026-01-28 12:04:46,714 - Experiment_exp0_baseline - INFO - Modo PROD padrão: treinando com SFinge (FP_gen_0 + FP_gen_1 - 84.000 imagens)
2026-01-28 12:04:48,716 - Experiment_exp0_baseline - INFO - === SFinge ===
2026-01-28 12:04:48,717 - Experiment_exp0_baseline - INFO - Total de imagens: 84000
2026-01-28 12:04:48,717 - Experiment_exp0_baseline - INFO - Total de origens únicas: 8000
2026-01-28 12:04:48,717 - Experiment_exp0_baseline - INFO - Versões por origem: min=10, max=12, média=10.5
2026-01-28 12:04:48,717 - Experiment_exp0_baseline - INFO - Dataset dividido: train=60000, val=12000, test=12000
2026-01-28 12:04:48,717 - Experiment_exp0_baseline - INFO - Criando modelo: baseline com 96+96=192 dimensões
2026-01-28 12:04:49,533 - Experiment_exp0_baseline - INFO - Iniciando treinamento...
2026-01-28 12:08:51,629 - Experiment_exp0_baseline - INFO - Iniciando experimento: DeepPrint Baseline
2026-01-28 12:08:51,630 - Experiment_exp0_baseline - INFO - Modo: prod
2026-01-28 12:08:51,630 - Experiment_exp0_baseline - INFO - ================================================================================
2026-01-28 12:08:51,630 - Experiment_exp0_baseline - INFO - Experimento: DeepPrint Baseline
2026-01-28 12:08:51,630 - Experiment_exp0_baseline - INFO - Descrição: DeepPrint original completo (LocTexMinu): STN + 2 branches, 192 dims total
2026-01-28 12:08:51,630 - Experiment_exp0_baseline - INFO - ================================================================================
2026-01-28 12:08:51,630 - Experiment_exp0_baseline - INFO - Carregando bases de dados...
2026-01-28 12:08:51,630 - Experiment_exp0_baseline - INFO - Modo PROD padrão: treinando com SFinge (FP_gen_0 + FP_gen_1 - 84.000 imagens)
2026-01-28 12:08:52,973 - Experiment_exp0_baseline - INFO - === SFinge ===
2026-01-28 12:08:52,973 - Experiment_exp0_baseline - INFO - Total de imagens: 84000
2026-01-28 12:08:52,973 - Experiment_exp0_baseline - INFO - Total de origens únicas: 8000
2026-01-28 12:08:52,973 - Experiment_exp0_baseline - INFO - Versões por origem: min=10, max=12, média=10.5
2026-01-28 12:08:52,973 - Experiment_exp0_baseline - INFO - Dataset dividido: train=60000, val=12000, test=12000
2026-01-28 12:08:52,974 - Experiment_exp0_baseline - INFO - Criando modelo: baseline com 96+96=192 dimensões
2026-01-28 12:08:53,704 - Experiment_exp0_baseline - INFO - Iniciando treinamento...
2026-01-29 05:24:41,337 - Experiment_exp0_baseline - INFO - ================================================================================
2026-01-29 05:24:41,344 - Experiment_exp0_baseline - INFO - Avaliação no conjunto de teste:
2026-01-29 05:24:41,344 - Experiment_exp0_baseline - INFO - ================================================================================
2026-01-29 13:35:58,422 - Experiment_exp0_baseline - INFO - Iniciando experimento: DeepPrint Baseline
2026-01-29 13:35:58,422 - Experiment_exp0_baseline - INFO - Modo: prod
2026-01-29 13:35:58,422 - Experiment_exp0_baseline - INFO - ================================================================================
2026-01-29 13:35:58,422 - Experiment_exp0_baseline - INFO - Experimento: DeepPrint Baseline
2026-01-29 13:35:58,423 - Experiment_exp0_baseline - INFO - Descrição: DeepPrint original completo (LocTexMinu): STN + 2 branches, 192 dims total
2026-01-29 13:35:58,423 - Experiment_exp0_baseline - INFO - ================================================================================
2026-01-29 13:35:58,423 - Experiment_exp0_baseline - INFO - Carregando bases de dados...
2026-01-29 13:35:58,423 - Experiment_exp0_baseline - INFO - Modo SFinge-only: treinando apenas com base SFinge (FP_gen_0 + FP_gen_1)
2026-01-29 13:36:00,268 - Experiment_exp0_baseline - INFO - === SFinge ===
2026-01-29 13:36:00,268 - Experiment_exp0_baseline - INFO - Total de imagens: 84000
2026-01-29 13:36:00,268 - Experiment_exp0_baseline - INFO - Total de origens únicas: 8000
2026-01-29 13:36:00,268 - Experiment_exp0_baseline - INFO - Versões por origem: min=10, max=12, média=10.5
2026-01-29 13:36:00,268 - Experiment_exp0_baseline - INFO - Dataset dividido: train=60000, val=12000, test=12000
2026-01-29 13:36:00,269 - Experiment_exp0_baseline - INFO - Criando modelo: baseline com 96+96=192 dimensões
2026-01-29 13:36:00,983 - Experiment_exp0_baseline - INFO - Iniciando treinamento...
2026-01-29 13:36:33,854 - Experiment_exp0_baseline - INFO - Iniciando experimento: DeepPrint Baseline
2026-01-29 13:36:33,854 - Experiment_exp0_baseline - INFO - Modo: prod
2026-01-29 13:36:33,854 - Experiment_exp0_baseline - INFO - ================================================================================
2026-01-29 13:36:33,854 - Experiment_exp0_baseline - INFO - Experimento: DeepPrint Baseline
2026-01-29 13:36:33,854 - Experiment_exp0_baseline - INFO - Descrição: DeepPrint original completo (LocTexMinu): STN + 2 branches, 192 dims total
2026-01-29 13:36:33,854 - Experiment_exp0_baseline - INFO - ================================================================================
2026-01-29 13:36:33,854 - Experiment_exp0_baseline - INFO - Carregando bases de dados...
2026-01-29 13:36:33,854 - Experiment_exp0_baseline - INFO - Modo SFinge-only: treinando apenas com base SFinge (FP_gen_0 + FP_gen_1)
2026-01-29 13:36:35,152 - Experiment_exp0_baseline - INFO - === SFinge ===
2026-01-29 13:36:35,152 - Experiment_exp0_baseline - INFO - Total de imagens: 84000
2026-01-29 13:36:35,152 - Experiment_exp0_baseline - INFO - Total de origens únicas: 8000
2026-01-29 13:36:35,153 - Experiment_exp0_baseline - INFO - Versões por origem: min=10, max=12, média=10.5
2026-01-29 13:36:35,153 - Experiment_exp0_baseline - INFO - Dataset dividido: train=60000, val=12000, test=12000
2026-01-29 13:36:35,153 - Experiment_exp0_baseline - INFO - Criando modelo: baseline com 96+96=192 dimensões
2026-01-29 13:36:35,881 - Experiment_exp0_baseline - INFO - Iniciando treinamento...
2026-01-29 13:38:11,841 - Experiment_exp0_baseline - INFO - Iniciando experimento: DeepPrint Baseline
2026-01-29 13:38:11,841 - Experiment_exp0_baseline - INFO - Modo: prod
2026-01-29 13:38:11,841 - Experiment_exp0_baseline - INFO - ================================================================================
2026-01-29 13:38:11,841 - Experiment_exp0_baseline - INFO - Experimento: DeepPrint Baseline
2026-01-29 13:38:11,841 - Experiment_exp0_baseline - INFO - Descrição: DeepPrint original completo (LocTexMinu): STN + 2 branches, 192 dims total
2026-01-29 13:38:11,841 - Experiment_exp0_baseline - INFO - ================================================================================
2026-01-29 13:38:11,841 - Experiment_exp0_baseline - INFO - Carregando bases de dados...
2026-01-29 13:38:11,841 - Experiment_exp0_baseline - INFO - Modo SFinge-only: treinando apenas com base SFinge (FP_gen_0 + FP_gen_1)
2026-01-29 13:38:13,347 - Experiment_exp0_baseline - INFO - === SFinge ===
2026-01-29 13:38:13,348 - Experiment_exp0_baseline - INFO - Total de imagens: 84000
2026-01-29 13:38:13,348 - Experiment_exp0_baseline - INFO - Total de origens únicas: 8000
2026-01-29 13:38:13,348 - Experiment_exp0_baseline - INFO - Versões por origem: min=10, max=12, média=10.5
2026-01-29 13:38:13,348 - Experiment_exp0_baseline - INFO - Dataset dividido: train=60000, val=12000, test=12000
2026-01-29 13:38:13,348 - Experiment_exp0_baseline - INFO - Criando modelo: baseline com 96+96=192 dimensões
2026-01-29 13:38:14,127 - Experiment_exp0_baseline - INFO - Iniciando treinamento...
2026-01-29 13:39:00,303 - Experiment_exp0_baseline - INFO - Iniciando experimento: DeepPrint Baseline
2026-01-29 13:39:00,303 - Experiment_exp0_baseline - INFO - Modo: prod
2026-01-29 13:39:00,303 - Experiment_exp0_baseline - INFO - ================================================================================
2026-01-29 13:39:00,303 - Experiment_exp0_baseline - INFO - Experimento: DeepPrint Baseline
2026-01-29 13:39:00,303 - Experiment_exp0_baseline - INFO - Descrição: DeepPrint original completo (LocTexMinu): STN + 2 branches, 192 dims total
2026-01-29 13:39:00,303 - Experiment_exp0_baseline - INFO - ================================================================================
2026-01-29 13:39:00,303 - Experiment_exp0_baseline - INFO - Carregando bases de dados...
2026-01-29 13:39:00,303 - Experiment_exp0_baseline - INFO - Modo SFinge-only: treinando apenas com base SFinge (FP_gen_0 + FP_gen_1)
2026-01-29 13:39:01,664 - Experiment_exp0_baseline - INFO - === SFinge ===
2026-01-29 13:39:01,664 - Experiment_exp0_baseline - INFO - Total de imagens: 84000
2026-01-29 13:39:01,664 - Experiment_exp0_baseline - INFO - Total de origens únicas: 8000
2026-01-29 13:39:01,664 - Experiment_exp0_baseline - INFO - Versões por origem: min=10, max=12, média=10.5
2026-01-29 13:39:01,664 - Experiment_exp0_baseline - INFO - Dataset dividido: train=60000, val=12000, test=12000
2026-01-29 13:39:01,665 - Experiment_exp0_baseline - INFO - Criando modelo: baseline com 96+96=192 dimensões
2026-01-29 13:39:02,475 - Experiment_exp0_baseline - INFO - Iniciando treinamento...
2026-01-29 13:46:53,755 - Experiment_exp0_baseline - INFO - Iniciando experimento: DeepPrint Baseline
2026-01-29 13:46:53,755 - Experiment_exp0_baseline - INFO - Modo: prod
2026-01-29 13:46:53,755 - Experiment_exp0_baseline - INFO - ================================================================================
2026-01-29 13:46:53,755 - Experiment_exp0_baseline - INFO - Experimento: DeepPrint Baseline
2026-01-29 13:46:53,755 - Experiment_exp0_baseline - INFO - Descrição: DeepPrint original completo (LocTexMinu): STN + 2 branches, 192 dims total
2026-01-29 13:46:53,755 - Experiment_exp0_baseline - INFO - ================================================================================
2026-01-29 13:46:53,755 - Experiment_exp0_baseline - INFO - Carregando bases de dados...
2026-01-29 13:46:53,755 - Experiment_exp0_baseline - INFO - Modo SFinge-only: treinando apenas com base SFinge (FP_gen_0 + FP_gen_1)
2026-01-29 13:46:55,281 - Experiment_exp0_baseline - INFO - === SFinge ===
2026-01-29 13:46:55,281 - Experiment_exp0_baseline - INFO - Total de imagens: 84000
2026-01-29 13:46:55,281 - Experiment_exp0_baseline - INFO - Total de origens únicas: 8000
2026-01-29 13:46:55,281 - Experiment_exp0_baseline - INFO - Versões por origem: min=10, max=12, média=10.5
2026-01-29 13:46:55,281 - Experiment_exp0_baseline - INFO - Dataset dividido: train=60000, val=12000, test=12000
2026-01-29 13:46:55,282 - Experiment_exp0_baseline - INFO - Criando modelo: baseline com 96+96=192 dimensões
2026-01-29 13:46:56,181 - Experiment_exp0_baseline - INFO - Modo de avaliação: carregando best_model.pt
2026-01-29 13:46:58,703 - Experiment_exp0_baseline - INFO - ================================================================================
2026-01-29 13:46:58,703 - Experiment_exp0_baseline - INFO - Avaliação no conjunto de teste:
2026-01-29 13:46:58,703 - Experiment_exp0_baseline - INFO - ================================================================================
2026-01-29 13:49:00,022 - Experiment_exp0_baseline - INFO - Embeddings extraídos: (12000, 192)
2026-01-29 13:49:00,703 - Experiment_exp0_baseline - INFO - Pares genuínos: 66000
2026-01-29 13:49:00,703 - Experiment_exp0_baseline - INFO - Pares impostores: 144000
2026-01-29 13:49:00,704 - Experiment_exp0_baseline - INFO - EER: 0.5000
2026-01-29 13:49:00,705 - Experiment_exp0_baseline - INFO - FAR@FRR=0.1: 1.0000
2026-01-29 13:49:00,705 - Experiment_exp0_baseline - INFO - FAR@FRR=0.01: 1.0000
2026-01-29 13:49:00,705 - Experiment_exp0_baseline - INFO - Scores genuínos: média=1.0000, std=0.0000
2026-01-29 13:49:00,705 - Experiment_exp0_baseline - INFO - Scores impostores: média=1.0000, std=0.0000
2026-01-29 13:49:00,706 - Experiment_exp0_baseline - INFO - Resultados salvos em /media/DRAGONSTONE/MEGAsync/Forense/Papiloscopia/Compara_Metodos_Automaticos/Plataformas/Experimento/exp0_baseline/results/test_results_prod.json
2026-01-29 13:49:00,707 - Experiment_exp0_baseline - INFO - Iniciando validação cruzada...
2026-01-29 13:50:15,880 - Experiment_exp0_baseline - INFO - Fold 1/5
2026-01-29 13:53:55,296 - Experiment_exp0_baseline - INFO - Iniciando experimento: DeepPrint Baseline
2026-01-29 13:53:55,296 - Experiment_exp0_baseline - INFO - Modo: prod
2026-01-29 13:53:55,296 - Experiment_exp0_baseline - INFO - ================================================================================
2026-01-29 13:53:55,296 - Experiment_exp0_baseline - INFO - Experimento: DeepPrint Baseline
2026-01-29 13:53:55,296 - Experiment_exp0_baseline - INFO - Descrição: DeepPrint original completo (LocTexMinu): STN + 2 branches, 192 dims total
2026-01-29 13:53:55,296 - Experiment_exp0_baseline - INFO - ================================================================================
2026-01-29 13:53:55,297 - Experiment_exp0_baseline - INFO - Carregando bases de dados...
2026-01-29 13:53:55,297 - Experiment_exp0_baseline - INFO - Modo SFinge-only: treinando apenas com base SFinge (FP_gen_0 + FP_gen_1)
2026-01-29 13:53:56,584 - Experiment_exp0_baseline - INFO - === SFinge ===
2026-01-29 13:53:56,584 - Experiment_exp0_baseline - INFO - Total de imagens: 84000
2026-01-29 13:53:56,584 - Experiment_exp0_baseline - INFO - Total de origens únicas: 8000
2026-01-29 13:53:56,584 - Experiment_exp0_baseline - INFO - Versões por origem: min=10, max=12, média=10.5
2026-01-29 13:53:56,584 - Experiment_exp0_baseline - INFO - Dataset dividido: train=60000, val=12000, test=12000
2026-01-29 13:53:56,585 - Experiment_exp0_baseline - INFO - Criando modelo: baseline com 96+96=192 dimensões
2026-01-29 13:53:57,312 - Experiment_exp0_baseline - INFO - Modo de avaliação: carregando best_model.pt
2026-01-29 13:53:58,193 - Experiment_exp0_baseline - INFO - ================================================================================
2026-01-29 13:53:58,193 - Experiment_exp0_baseline - INFO - Avaliação no conjunto de teste:
2026-01-29 13:53:58,193 - Experiment_exp0_baseline - INFO - ================================================================================
2026-01-29 13:56:01,400 - Experiment_exp0_baseline - INFO - Embeddings extraídos: (12000, 192)
2026-01-29 13:56:01,995 - Experiment_exp0_baseline - INFO - Pares genuínos: 66000
2026-01-29 13:56:01,996 - Experiment_exp0_baseline - INFO - Pares impostores: 144000
2026-01-29 13:56:01,997 - Experiment_exp0_baseline - INFO - EER: 0.5000
2026-01-29 13:56:01,997 - Experiment_exp0_baseline - INFO - FAR@FRR=0.1: 1.0000
2026-01-29 13:56:01,997 - Experiment_exp0_baseline - INFO - FAR@FRR=0.01: 1.0000
2026-01-29 13:56:01,997 - Experiment_exp0_baseline - INFO - Scores genuínos: média=1.0000, std=0.0000
2026-01-29 13:56:01,997 - Experiment_exp0_baseline - INFO - Scores impostores: média=1.0000, std=0.0000
2026-01-29 13:56:01,998 - Experiment_exp0_baseline - INFO - Resultados salvos em /media/DRAGONSTONE/MEGAsync/Forense/Papiloscopia/Compara_Metodos_Automaticos/Plataformas/Experimento/exp0_baseline/results/test_results_prod.json
2026-01-29 13:56:01,998 - Experiment_exp0_baseline - INFO - Iniciando validação cruzada...
2026-01-29 13:57:17,478 - Experiment_exp0_baseline - INFO - Fold 1/5
2026-01-29 13:58:53,999 - Experiment_exp0_baseline - INFO - Iniciando experimento: DeepPrint Baseline
2026-01-29 13:58:53,999 - Experiment_exp0_baseline - INFO - Modo: prod
2026-01-29 13:58:53,999 - Experiment_exp0_baseline - INFO - ================================================================================
2026-01-29 13:58:53,999 - Experiment_exp0_baseline - INFO - Experimento: DeepPrint Baseline
2026-01-29 13:58:54,000 - Experiment_exp0_baseline - INFO - Descrição: DeepPrint original completo (LocTexMinu): STN + 2 branches, 192 dims total
2026-01-29 13:58:54,000 - Experiment_exp0_baseline - INFO - ================================================================================
2026-01-29 13:58:54,000 - Experiment_exp0_baseline - INFO - Carregando bases de dados...
2026-01-29 13:58:54,000 - Experiment_exp0_baseline - INFO - Modo SFinge-only: treinando apenas com base SFinge (FP_gen_0 + FP_gen_1)
2026-01-29 13:58:55,303 - Experiment_exp0_baseline - INFO - === SFinge ===
2026-01-29 13:58:55,303 - Experiment_exp0_baseline - INFO - Total de imagens: 84000
2026-01-29 13:58:55,303 - Experiment_exp0_baseline - INFO - Total de origens únicas: 8000
2026-01-29 13:58:55,303 - Experiment_exp0_baseline - INFO - Versões por origem: min=10, max=12, média=10.5
2026-01-29 13:58:55,303 - Experiment_exp0_baseline - INFO - Dataset dividido: train=60000, val=12000, test=12000
2026-01-29 13:58:55,304 - Experiment_exp0_baseline - INFO - Criando modelo: baseline com 96+96=192 dimensões
2026-01-29 13:58:56,085 - Experiment_exp0_baseline - INFO - Iniciando treinamento...
2026-01-29 14:02:58,429 - Experiment_exp0_baseline - INFO - Iniciando experimento: DeepPrint Baseline
2026-01-29 14:02:58,431 - Experiment_exp0_baseline - INFO - Modo: prod
2026-01-29 14:02:58,432 - Experiment_exp0_baseline - INFO - ================================================================================
2026-01-29 14:02:58,432 - Experiment_exp0_baseline - INFO - Experimento: DeepPrint Baseline
2026-01-29 14:02:58,432 - Experiment_exp0_baseline - INFO - Descrição: DeepPrint original completo (LocTexMinu): STN + 2 branches, 192 dims total
2026-01-29 14:02:58,432 - Experiment_exp0_baseline - INFO - ================================================================================
2026-01-29 14:02:58,432 - Experiment_exp0_baseline - INFO - Carregando bases de dados...
2026-01-29 14:02:58,432 - Experiment_exp0_baseline - INFO - Modo SFinge-only: treinando apenas com base SFinge (FP_gen_0 + FP_gen_1)
2026-01-29 14:02:59,696 - Experiment_exp0_baseline - INFO - === SFinge ===
2026-01-29 14:02:59,696 - Experiment_exp0_baseline - INFO - Total de imagens: 84000
2026-01-29 14:02:59,696 - Experiment_exp0_baseline - INFO - Total de origens únicas: 8000
2026-01-29 14:02:59,696 - Experiment_exp0_baseline - INFO - Versões por origem: min=10, max=12, média=10.5
2026-01-29 14:02:59,696 - Experiment_exp0_baseline - INFO - Dataset dividido: train=60000, val=12000, test=12000
2026-01-29 14:02:59,696 - Experiment_exp0_baseline - INFO - Criando modelo: baseline com 96+96=192 dimensões
2026-01-29 14:03:00,409 - Experiment_exp0_baseline - INFO - Iniciando treinamento...
2026-01-29 17:04:05,247 - Experiment_exp0_baseline - INFO - Iniciando experimento: DeepPrint Baseline
2026-01-29 17:04:05,247 - Experiment_exp0_baseline - INFO - Modo: prod
2026-01-29 17:04:05,247 - Experiment_exp0_baseline - INFO - ================================================================================
2026-01-29 17:04:05,247 - Experiment_exp0_baseline - INFO - Experimento: DeepPrint Baseline
2026-01-29 17:04:05,247 - Experiment_exp0_baseline - INFO - Descrição: DeepPrint original completo (LocTexMinu): STN + 2 branches, 192 dims total
2026-01-29 17:04:05,247 - Experiment_exp0_baseline - INFO - ================================================================================
2026-01-29 17:04:05,247 - Experiment_exp0_baseline - INFO - Carregando bases de dados...
2026-01-29 17:04:05,247 - Experiment_exp0_baseline - INFO - Modo SFinge-only: treinando apenas com base SFinge (FP_gen_0 + FP_gen_1)
2026-01-29 17:04:07,016 - Experiment_exp0_baseline - INFO - === SFinge ===
2026-01-29 17:04:07,016 - Experiment_exp0_baseline - INFO - Total de imagens: 84000
2026-01-29 17:04:07,016 - Experiment_exp0_baseline - INFO - Total de origens únicas: 8000
2026-01-29 17:04:07,017 - Experiment_exp0_baseline - INFO - Versões por origem: min=10, max=12, média=10.5
2026-01-29 17:04:07,017 - Experiment_exp0_baseline - INFO - Dataset dividido: train=60000, val=12000, test=12000
2026-01-29 17:04:07,017 - Experiment_exp0_baseline - INFO - Criando modelo: baseline com 96+96=192 dimensões
2026-01-29 17:04:07,777 - Experiment_exp0_baseline - INFO - Iniciando treinamento...
2026-01-29 17:04:20,151 - Experiment_exp0_baseline - INFO - Iniciando experimento: DeepPrint Baseline
2026-01-29 17:04:20,152 - Experiment_exp0_baseline - INFO - Modo: prod
2026-01-29 17:04:20,152 - Experiment_exp0_baseline - INFO - ================================================================================
2026-01-29 17:04:20,152 - Experiment_exp0_baseline - INFO - Experimento: DeepPrint Baseline
2026-01-29 17:04:20,152 - Experiment_exp0_baseline - INFO - Descrição: DeepPrint original completo (LocTexMinu): STN + 2 branches, 192 dims total
2026-01-29 17:04:20,152 - Experiment_exp0_baseline - INFO - ================================================================================
2026-01-29 17:04:20,152 - Experiment_exp0_baseline - INFO - Carregando bases de dados...
2026-01-29 17:04:20,152 - Experiment_exp0_baseline - INFO - Modo SFinge-only: treinando apenas com base SFinge (FP_gen_0 + FP_gen_1)
2026-01-29 17:04:21,564 - Experiment_exp0_baseline - INFO - === SFinge ===
2026-01-29 17:04:21,565 - Experiment_exp0_baseline - INFO - Total de imagens: 84000
2026-01-29 17:04:21,565 - Experiment_exp0_baseline - INFO - Total de origens únicas: 8000
2026-01-29 17:04:21,565 - Experiment_exp0_baseline - INFO - Versões por origem: min=10, max=12, média=10.5
2026-01-29 17:04:21,565 - Experiment_exp0_baseline - INFO - Dataset dividido: train=60000, val=12000, test=12000
2026-01-29 17:04:21,565 - Experiment_exp0_baseline - INFO - Criando modelo: baseline com 96+96=192 dimensões
2026-01-29 17:04:22,293 - Experiment_exp0_baseline - INFO - Iniciando treinamento...
2026-01-29 17:06:01,322 - Experiment_exp0_baseline - INFO - Iniciando experimento: DeepPrint Baseline
2026-01-29 17:06:01,323 - Experiment_exp0_baseline - INFO - Modo: prod
2026-01-29 17:06:01,323 - Experiment_exp0_baseline - INFO - ================================================================================
2026-01-29 17:06:01,323 - Experiment_exp0_baseline - INFO - Experimento: DeepPrint Baseline
2026-01-29 17:06:01,323 - Experiment_exp0_baseline - INFO - Descrição: DeepPrint original completo (LocTexMinu): STN + 2 branches, 192 dims total
2026-01-29 17:06:01,323 - Experiment_exp0_baseline - INFO - ================================================================================
2026-01-29 17:06:01,323 - Experiment_exp0_baseline - INFO - Carregando bases de dados...
2026-01-29 17:06:01,323 - Experiment_exp0_baseline - INFO - Modo SFinge-only: treinando apenas com base SFinge (FP_gen_0 + FP_gen_1)
2026-01-29 17:06:02,696 - Experiment_exp0_baseline - INFO - === SFinge ===
2026-01-29 17:06:02,696 - Experiment_exp0_baseline - INFO - Total de imagens: 84000
2026-01-29 17:06:02,696 - Experiment_exp0_baseline - INFO - Total de origens únicas: 8000
2026-01-29 17:06:02,696 - Experiment_exp0_baseline - INFO - Versões por origem: min=10, max=12, média=10.5
2026-01-29 17:06:02,696 - Experiment_exp0_baseline - INFO - Dataset dividido: train=60000, val=12000, test=12000
2026-01-29 17:06:02,697 - Experiment_exp0_baseline - INFO - Criando modelo: baseline com 96+96=192 dimensões
2026-01-29 17:06:03,499 - Experiment_exp0_baseline - INFO - Iniciando treinamento...
2026-01-29 17:06:38,955 - Experiment_exp0_baseline - INFO - Iniciando experimento: DeepPrint Baseline
2026-01-29 17:06:38,955 - Experiment_exp0_baseline - INFO - Modo: prod
2026-01-29 17:06:38,955 - Experiment_exp0_baseline - INFO - ================================================================================
2026-01-29 17:06:38,955 - Experiment_exp0_baseline - INFO - Experimento: DeepPrint Baseline
2026-01-29 17:06:38,955 - Experiment_exp0_baseline - INFO - Descrição: DeepPrint original completo (LocTexMinu): STN + 2 branches, 192 dims total
2026-01-29 17:06:38,955 - Experiment_exp0_baseline - INFO - ================================================================================
2026-01-29 17:06:38,955 - Experiment_exp0_baseline - INFO - Carregando bases de dados...
2026-01-29 17:06:38,955 - Experiment_exp0_baseline - INFO - Modo SFinge-only: treinando apenas com base SFinge (FP_gen_0 + FP_gen_1)
2026-01-29 17:06:40,289 - Experiment_exp0_baseline - INFO - === SFinge ===
2026-01-29 17:06:40,289 - Experiment_exp0_baseline - INFO - Total de imagens: 84000
2026-01-29 17:06:40,289 - Experiment_exp0_baseline - INFO - Total de origens únicas: 8000
2026-01-29 17:06:40,289 - Experiment_exp0_baseline - INFO - Versões por origem: min=10, max=12, média=10.5
2026-01-29 17:06:40,289 - Experiment_exp0_baseline - INFO - Dataset dividido: train=60000, val=12000, test=12000
2026-01-29 17:06:40,289 - Experiment_exp0_baseline - INFO - Criando modelo: baseline com 96+96=192 dimensões
2026-01-29 17:06:41,049 - Experiment_exp0_baseline - INFO - Iniciando treinamento...
2026-01-29 17:07:37,041 - Experiment_exp0_baseline - INFO - Iniciando experimento: DeepPrint Baseline
2026-01-29 17:07:37,041 - Experiment_exp0_baseline - INFO - Modo: prod
2026-01-29 17:07:37,041 - Experiment_exp0_baseline - INFO - ================================================================================
2026-01-29 17:07:37,041 - Experiment_exp0_baseline - INFO - Experimento: DeepPrint Baseline
2026-01-29 17:07:37,041 - Experiment_exp0_baseline - INFO - Descrição: DeepPrint original completo (LocTexMinu): STN + 2 branches, 192 dims total
2026-01-29 17:07:37,041 - Experiment_exp0_baseline - INFO - ================================================================================
2026-01-29 17:07:37,041 - Experiment_exp0_baseline - INFO - Carregando bases de dados...
2026-01-29 17:07:37,041 - Experiment_exp0_baseline - INFO - Modo SFinge-only: treinando apenas com base SFinge (FP_gen_0 + FP_gen_1)
2026-01-29 17:07:38,481 - Experiment_exp0_baseline - INFO - === SFinge ===
2026-01-29 17:07:38,481 - Experiment_exp0_baseline - INFO - Total de imagens: 84000
2026-01-29 17:07:38,481 - Experiment_exp0_baseline - INFO - Total de origens únicas: 8000
2026-01-29 17:07:38,481 - Experiment_exp0_baseline - INFO - Versões por origem: min=10, max=12, média=10.5
2026-01-29 17:07:38,481 - Experiment_exp0_baseline - INFO - Dataset dividido: train=60000, val=12000, test=12000
2026-01-29 17:07:38,481 - Experiment_exp0_baseline - INFO - Criando modelo: baseline com 96+96=192 dimensões
2026-01-29 17:07:39,410 - Experiment_exp0_baseline - INFO - Iniciando treinamento...
2026-01-29 17:11:31,961 - Experiment_exp0_baseline - INFO - Iniciando experimento: DeepPrint Baseline
2026-01-29 17:11:31,961 - Experiment_exp0_baseline - INFO - Modo: prod
2026-01-29 17:11:31,961 - Experiment_exp0_baseline - INFO - ================================================================================
2026-01-29 17:11:31,961 - Experiment_exp0_baseline - INFO - Experimento: DeepPrint Baseline
2026-01-29 17:11:31,961 - Experiment_exp0_baseline - INFO - Descrição: DeepPrint original completo (LocTexMinu): STN + 2 branches, 192 dims total
2026-01-29 17:11:31,961 - Experiment_exp0_baseline - INFO - ================================================================================
2026-01-29 17:11:31,961 - Experiment_exp0_baseline - INFO - Carregando bases de dados...
2026-01-29 17:11:31,961 - Experiment_exp0_baseline - INFO - Modo SFinge-only: treinando apenas com base SFinge (FP_gen_0 + FP_gen_1)
2026-01-29 17:11:33,399 - Experiment_exp0_baseline - INFO - === SFinge ===
2026-01-29 17:11:33,399 - Experiment_exp0_baseline - INFO - Total de imagens: 84000
2026-01-29 17:11:33,399 - Experiment_exp0_baseline - INFO - Total de origens únicas: 8000
2026-01-29 17:11:33,399 - Experiment_exp0_baseline - INFO - Versões por origem: min=10, max=12, média=10.5
2026-01-29 17:11:33,399 - Experiment_exp0_baseline - INFO - Dataset dividido: train=60000, val=12000, test=12000
2026-01-29 17:11:33,399 - Experiment_exp0_baseline - INFO - Criando modelo: baseline com 96+96=192 dimensões
2026-01-29 17:11:34,262 - Experiment_exp0_baseline - INFO - Iniciando treinamento...
2026-01-29 17:13:26,267 - Experiment_exp0_baseline - INFO - Iniciando experimento: DeepPrint Baseline
2026-01-29 17:13:26,267 - Experiment_exp0_baseline - INFO - Modo: prod
2026-01-29 17:13:26,267 - Experiment_exp0_baseline - INFO - ================================================================================
2026-01-29 17:13:26,267 - Experiment_exp0_baseline - INFO - Experimento: DeepPrint Baseline
2026-01-29 17:13:26,267 - Experiment_exp0_baseline - INFO - Descrição: DeepPrint original completo (LocTexMinu): STN + 2 branches, 192 dims total
2026-01-29 17:13:26,267 - Experiment_exp0_baseline - INFO - ================================================================================
2026-01-29 17:13:26,268 - Experiment_exp0_baseline - INFO - Carregando bases de dados...
2026-01-29 17:13:26,268 - Experiment_exp0_baseline - INFO - Modo SFinge-only: treinando apenas com base SFinge (FP_gen_0 + FP_gen_1)
2026-01-29 17:13:27,617 - Experiment_exp0_baseline - INFO - === SFinge ===
2026-01-29 17:13:27,617 - Experiment_exp0_baseline - INFO - Total de imagens: 84000
2026-01-29 17:13:27,617 - Experiment_exp0_baseline - INFO - Total de origens únicas: 8000
2026-01-29 17:13:27,617 - Experiment_exp0_baseline - INFO - Versões por origem: min=10, max=12, média=10.5
2026-01-29 17:13:27,617 - Experiment_exp0_baseline - INFO - Dataset dividido: train=60000, val=12000, test=12000
2026-01-29 17:13:27,617 - Experiment_exp0_baseline - INFO - Criando modelo: baseline com 96+96=192 dimensões
2026-01-29 17:13:28,410 - Experiment_exp0_baseline - INFO - Iniciando treinamento...
2026-01-29 17:13:42,324 - Experiment_exp0_baseline - INFO - Iniciando experimento: DeepPrint Baseline
2026-01-29 17:13:42,324 - Experiment_exp0_baseline - INFO - Modo: prod
2026-01-29 17:13:42,326 - Experiment_exp0_baseline - INFO - ================================================================================
2026-01-29 17:13:42,326 - Experiment_exp0_baseline - INFO - Experimento: DeepPrint Baseline
2026-01-29 17:13:42,326 - Experiment_exp0_baseline - INFO - Descrição: DeepPrint original completo (LocTexMinu): STN + 2 branches, 192 dims total
2026-01-29 17:13:42,326 - Experiment_exp0_baseline - INFO - ================================================================================
2026-01-29 17:13:42,326 - Experiment_exp0_baseline - INFO - Carregando bases de dados...
2026-01-29 17:13:42,326 - Experiment_exp0_baseline - INFO - Modo SFinge-only: treinando apenas com base SFinge (FP_gen_0 + FP_gen_1)
2026-01-29 17:13:43,771 - Experiment_exp0_baseline - INFO - === SFinge ===
2026-01-29 17:13:43,772 - Experiment_exp0_baseline - INFO - Total de imagens: 84000
2026-01-29 17:13:43,772 - Experiment_exp0_baseline - INFO - Total de origens únicas: 8000
2026-01-29 17:13:43,772 - Experiment_exp0_baseline - INFO - Versões por origem: min=10, max=12, média=10.5
2026-01-29 17:13:43,772 - Experiment_exp0_baseline - INFO - Dataset dividido: train=60000, val=12000, test=12000
2026-01-29 17:13:43,772 - Experiment_exp0_baseline - INFO - Criando modelo: baseline com 96+96=192 dimensões
2026-01-29 17:13:44,604 - Experiment_exp0_baseline - INFO - Iniciando treinamento...
2026-01-29 17:13:56,016 - Experiment_exp0_baseline - INFO - Iniciando experimento: DeepPrint Baseline
2026-01-29 17:13:56,016 - Experiment_exp0_baseline - INFO - Modo: prod
2026-01-29 17:13:56,016 - Experiment_exp0_baseline - INFO - ================================================================================
2026-01-29 17:13:56,016 - Experiment_exp0_baseline - INFO - Experimento: DeepPrint Baseline
2026-01-29 17:13:56,016 - Experiment_exp0_baseline - INFO - Descrição: DeepPrint original completo (LocTexMinu): STN + 2 branches, 192 dims total
2026-01-29 17:13:56,016 - Experiment_exp0_baseline - INFO - ================================================================================
2026-01-29 17:13:56,016 - Experiment_exp0_baseline - INFO - Carregando bases de dados...
2026-01-29 17:13:56,016 - Experiment_exp0_baseline - INFO - Modo SFinge-only: treinando apenas com base SFinge (FP_gen_0 + FP_gen_1)
2026-01-29 17:13:57,408 - Experiment_exp0_baseline - INFO - === SFinge ===
2026-01-29 17:13:57,409 - Experiment_exp0_baseline - INFO - Total de imagens: 84000
2026-01-29 17:13:57,409 - Experiment_exp0_baseline - INFO - Total de origens únicas: 8000
2026-01-29 17:13:57,409 - Experiment_exp0_baseline - INFO - Versões por origem: min=10, max=12, média=10.5
2026-01-29 17:13:57,409 - Experiment_exp0_baseline - INFO - Dataset dividido: train=60000, val=12000, test=12000
2026-01-29 17:13:57,409 - Experiment_exp0_baseline - INFO - Criando modelo: baseline com 96+96=192 dimensões
2026-01-29 17:13:58,129 - Experiment_exp0_baseline - INFO - Iniciando treinamento...
2026-01-29 17:14:53,509 - Experiment_exp0_baseline - INFO - Iniciando experimento: DeepPrint Baseline
2026-01-29 17:14:53,509 - Experiment_exp0_baseline - INFO - Modo: prod
2026-01-29 17:14:53,509 - Experiment_exp0_baseline - INFO - ================================================================================
2026-01-29 17:14:53,509 - Experiment_exp0_baseline - INFO - Experimento: DeepPrint Baseline
2026-01-29 17:14:53,509 - Experiment_exp0_baseline - INFO - Descrição: DeepPrint original completo (LocTexMinu): STN + 2 branches, 192 dims total
2026-01-29 17:14:53,509 - Experiment_exp0_baseline - INFO - ================================================================================
2026-01-29 17:14:53,509 - Experiment_exp0_baseline - INFO - Carregando bases de dados...
2026-01-29 17:14:53,510 - Experiment_exp0_baseline - INFO - Modo SFinge-only: treinando apenas com base SFinge (FP_gen_0 + FP_gen_1)
2026-01-29 17:14:54,962 - Experiment_exp0_baseline - INFO - === SFinge ===
2026-01-29 17:14:54,963 - Experiment_exp0_baseline - INFO - Total de imagens: 84000
2026-01-29 17:14:54,963 - Experiment_exp0_baseline - INFO - Total de origens únicas: 8000
2026-01-29 17:14:54,963 - Experiment_exp0_baseline - INFO - Versões por origem: min=10, max=12, média=10.5
2026-01-29 17:14:54,963 - Experiment_exp0_baseline - INFO - Dataset dividido: train=60000, val=12000, test=12000
2026-01-29 17:14:54,963 - Experiment_exp0_baseline - INFO - Criando modelo: baseline com 96+96=192 dimensões
2026-01-29 17:14:55,988 - Experiment_exp0_baseline - INFO - Iniciando treinamento...
