2026-01-20 08:54:46,564 - DeepPrint_prod - INFO - Iniciando treinamento em modo prod
2026-01-20 08:54:46,695 - DeepPrint_prod - INFO - GPU disponível: NVIDIA GeForce RTX 2070
2026-01-20 08:54:46,696 - DeepPrint_prod - INFO - Dispositivo: cuda:0
2026-01-20 08:54:48,277 - DeepPrint_prod - INFO - Número total de classes (origens únicas): 1860
2026-01-20 08:54:48,284 - DeepPrint_prod - INFO - Classificador configurado com 1860 classes
2026-01-20 08:54:48,296 - DeepPrint_prod - INFO - Center Loss inicializado com 1860 classes
2026-01-20 08:54:57,061 - DeepPrint_prod - INFO - Epoch 1 Batch 10/402 - Loss: 15.4455 - Mem: 1524.7MB
2026-01-20 08:55:04,607 - DeepPrint_prod - INFO - Epoch 1 Batch 20/402 - Loss: 15.4139 - Mem: 1524.7MB
2026-01-20 08:55:12,172 - DeepPrint_prod - INFO - Epoch 1 Batch 30/402 - Loss: 15.3836 - Mem: 1524.7MB
2026-01-20 08:55:19,821 - DeepPrint_prod - INFO - Epoch 1 Batch 40/402 - Loss: 15.3589 - Mem: 1524.6MB
2026-01-20 08:55:27,575 - DeepPrint_prod - INFO - Epoch 1 Batch 50/402 - Loss: 15.3310 - Mem: 1524.4MB
2026-01-20 08:55:35,868 - DeepPrint_prod - INFO - Epoch 1 Batch 60/402 - Loss: 15.3060 - Mem: 1524.4MB
2026-01-20 08:55:43,845 - DeepPrint_prod - INFO - Epoch 1 Batch 70/402 - Loss: 15.2877 - Mem: 1524.4MB
2026-01-20 08:55:51,810 - DeepPrint_prod - INFO - Epoch 1 Batch 80/402 - Loss: 15.2618 - Mem: 1524.4MB
2026-01-20 08:55:59,913 - DeepPrint_prod - INFO - Epoch 1 Batch 90/402 - Loss: 15.2445 - Mem: 1524.4MB
2026-01-20 08:56:07,870 - DeepPrint_prod - INFO - Epoch 1 Batch 100/402 - Loss: 15.2207 - Mem: 1524.4MB
2026-01-20 08:56:15,553 - DeepPrint_prod - INFO - Epoch 1 Batch 110/402 - Loss: 15.2035 - Mem: 1524.5MB
2026-01-20 08:56:23,224 - DeepPrint_prod - INFO - Epoch 1 Batch 120/402 - Loss: 15.1858 - Mem: 1524.8MB
2026-01-20 08:56:31,039 - DeepPrint_prod - INFO - Epoch 1 Batch 130/402 - Loss: 15.1701 - Mem: 1524.8MB
2026-01-20 08:56:39,055 - DeepPrint_prod - INFO - Epoch 1 Batch 140/402 - Loss: 15.1475 - Mem: 1524.8MB
2026-01-20 08:56:47,295 - DeepPrint_prod - INFO - Epoch 1 Batch 150/402 - Loss: 15.1301 - Mem: 1524.8MB
2026-01-20 08:56:55,224 - DeepPrint_prod - INFO - Epoch 1 Batch 160/402 - Loss: 15.1122 - Mem: 1524.8MB
2026-01-20 08:57:03,020 - DeepPrint_prod - INFO - Epoch 1 Batch 170/402 - Loss: 15.0943 - Mem: 1524.8MB
2026-01-20 08:57:10,797 - DeepPrint_prod - INFO - Epoch 1 Batch 180/402 - Loss: 15.0745 - Mem: 1524.8MB
2026-01-20 08:57:18,555 - DeepPrint_prod - INFO - Epoch 1 Batch 190/402 - Loss: 15.0576 - Mem: 1524.8MB
2026-01-20 08:57:26,091 - DeepPrint_prod - INFO - Epoch 1 Batch 200/402 - Loss: 15.0401 - Mem: 1524.8MB
2026-01-20 08:57:33,879 - DeepPrint_prod - INFO - Epoch 1 Batch 210/402 - Loss: 15.0215 - Mem: 1524.8MB
2026-01-20 08:57:41,680 - DeepPrint_prod - INFO - Epoch 1 Batch 220/402 - Loss: 15.0019 - Mem: 1524.8MB
2026-01-20 08:57:49,628 - DeepPrint_prod - INFO - Epoch 1 Batch 230/402 - Loss: 14.9842 - Mem: 1524.8MB
2026-01-20 08:57:57,672 - DeepPrint_prod - INFO - Epoch 1 Batch 240/402 - Loss: 14.9642 - Mem: 1524.8MB
2026-01-20 08:58:06,101 - DeepPrint_prod - INFO - Epoch 1 Batch 250/402 - Loss: 14.9446 - Mem: 1524.8MB
2026-01-20 08:58:14,359 - DeepPrint_prod - INFO - Epoch 1 Batch 260/402 - Loss: 14.9278 - Mem: 1524.7MB
2026-01-20 08:58:22,677 - DeepPrint_prod - INFO - Epoch 1 Batch 270/402 - Loss: 14.9121 - Mem: 1524.6MB
2026-01-20 08:58:30,728 - DeepPrint_prod - INFO - Epoch 1 Batch 280/402 - Loss: 14.8944 - Mem: 1524.6MB
2026-01-20 08:58:38,803 - DeepPrint_prod - INFO - Epoch 1 Batch 290/402 - Loss: 14.8767 - Mem: 1524.6MB
2026-01-20 08:58:46,728 - DeepPrint_prod - INFO - Epoch 1 Batch 300/402 - Loss: 14.8594 - Mem: 1524.6MB
2026-01-20 08:58:54,450 - DeepPrint_prod - INFO - Epoch 1 Batch 310/402 - Loss: 14.8412 - Mem: 1524.6MB
2026-01-20 08:59:02,219 - DeepPrint_prod - INFO - Epoch 1 Batch 320/402 - Loss: 14.8237 - Mem: 1524.6MB
2026-01-20 08:59:10,047 - DeepPrint_prod - INFO - Epoch 1 Batch 330/402 - Loss: 14.8066 - Mem: 1524.6MB
2026-01-20 08:59:17,872 - DeepPrint_prod - INFO - Epoch 1 Batch 340/402 - Loss: 14.7905 - Mem: 1524.6MB
2026-01-20 08:59:25,706 - DeepPrint_prod - INFO - Epoch 1 Batch 350/402 - Loss: 14.7735 - Mem: 1524.6MB
2026-01-20 08:59:33,692 - DeepPrint_prod - INFO - Epoch 1 Batch 360/402 - Loss: 14.7560 - Mem: 1524.6MB
2026-01-20 08:59:41,773 - DeepPrint_prod - INFO - Epoch 1 Batch 370/402 - Loss: 14.7395 - Mem: 1524.6MB
2026-01-20 08:59:49,721 - DeepPrint_prod - INFO - Epoch 1 Batch 380/402 - Loss: 14.7227 - Mem: 1524.6MB
2026-01-20 08:59:57,699 - DeepPrint_prod - INFO - Epoch 1 Batch 390/402 - Loss: 14.7057 - Mem: 1524.6MB
2026-01-20 09:00:05,770 - DeepPrint_prod - INFO - Epoch 1 Batch 400/402 - Loss: 14.6894 - Mem: 1532.6MB
2026-01-20 09:00:30,668 - DeepPrint_prod - INFO - Melhor modelo salvo em /media/DRAGONSTONE/MEGAsync/Forense/Papiloscopia/Compara_Metodos_Automaticos/Plataformas/Experimento/exp0_baseline/models/best_model.pt
2026-01-20 09:00:30,669 - DeepPrint_prod - INFO - Epoch 1 - Train Loss: 14.6802 - Val Loss: 15.9390
2026-01-20 09:00:39,135 - DeepPrint_prod - INFO - Epoch 2 Batch 10/402 - Loss: 13.8131 - Mem: 1565.5MB
2026-01-20 09:00:47,228 - DeepPrint_prod - INFO - Epoch 2 Batch 20/402 - Loss: 13.8153 - Mem: 1565.5MB
2026-01-20 09:00:55,302 - DeepPrint_prod - INFO - Epoch 2 Batch 30/402 - Loss: 13.8025 - Mem: 1565.5MB
2026-01-20 09:01:03,400 - DeepPrint_prod - INFO - Epoch 2 Batch 40/402 - Loss: 13.7911 - Mem: 1565.5MB
2026-01-20 09:01:11,588 - DeepPrint_prod - INFO - Epoch 2 Batch 50/402 - Loss: 13.7712 - Mem: 1565.5MB
2026-01-20 09:01:19,780 - DeepPrint_prod - INFO - Epoch 2 Batch 60/402 - Loss: 13.7522 - Mem: 1565.5MB
2026-01-20 09:01:27,974 - DeepPrint_prod - INFO - Epoch 2 Batch 70/402 - Loss: 13.7396 - Mem: 1565.5MB
2026-01-20 09:01:36,102 - DeepPrint_prod - INFO - Epoch 2 Batch 80/402 - Loss: 13.7290 - Mem: 1565.5MB
2026-01-20 09:01:44,262 - DeepPrint_prod - INFO - Epoch 2 Batch 90/402 - Loss: 13.7190 - Mem: 1565.5MB
2026-01-20 09:01:52,606 - DeepPrint_prod - INFO - Epoch 2 Batch 100/402 - Loss: 13.7052 - Mem: 1565.5MB
2026-01-20 09:02:00,843 - DeepPrint_prod - INFO - Epoch 2 Batch 110/402 - Loss: 13.6913 - Mem: 1565.5MB
2026-01-20 09:02:08,987 - DeepPrint_prod - INFO - Epoch 2 Batch 120/402 - Loss: 13.6770 - Mem: 1565.5MB
2026-01-20 09:02:17,185 - DeepPrint_prod - INFO - Epoch 2 Batch 130/402 - Loss: 13.6666 - Mem: 1565.5MB
2026-01-20 09:02:25,377 - DeepPrint_prod - INFO - Epoch 2 Batch 140/402 - Loss: 13.6503 - Mem: 1565.5MB
2026-01-20 09:02:33,544 - DeepPrint_prod - INFO - Epoch 2 Batch 150/402 - Loss: 13.6356 - Mem: 1565.5MB
2026-01-20 09:02:41,720 - DeepPrint_prod - INFO - Epoch 2 Batch 160/402 - Loss: 13.6220 - Mem: 1565.5MB
2026-01-20 09:02:49,864 - DeepPrint_prod - INFO - Epoch 2 Batch 170/402 - Loss: 13.6072 - Mem: 1565.5MB
2026-01-20 09:02:58,004 - DeepPrint_prod - INFO - Epoch 2 Batch 180/402 - Loss: 13.5933 - Mem: 1565.5MB
2026-01-20 09:03:06,113 - DeepPrint_prod - INFO - Epoch 2 Batch 190/402 - Loss: 13.5809 - Mem: 1565.5MB
2026-01-20 09:03:14,353 - DeepPrint_prod - INFO - Epoch 2 Batch 200/402 - Loss: 13.5699 - Mem: 1565.5MB
2026-01-20 09:03:22,883 - DeepPrint_prod - INFO - Epoch 2 Batch 210/402 - Loss: 13.5593 - Mem: 1565.5MB
2026-01-20 09:03:31,122 - DeepPrint_prod - INFO - Epoch 2 Batch 220/402 - Loss: 13.5458 - Mem: 1565.5MB
