2026-01-24 18:10:44,319 - DeepPrint_prod - INFO - Iniciando treinamento em modo prod
2026-01-24 18:10:44,398 - DeepPrint_prod - INFO - GPU disponível: NVIDIA GeForce RTX 2070
2026-01-24 18:10:44,398 - DeepPrint_prod - INFO - Dispositivo: cuda:0
2026-01-24 18:10:45,063 - DeepPrint_prod - INFO - Scheduler ativado: Cosine Annealing com 5 épocas de warmup
2026-01-24 18:10:45,063 - DeepPrint_prod - INFO - Número total de classes (origens únicas): 801
2026-01-24 18:10:45,065 - DeepPrint_prod - INFO - Classificador configurado com 801 classes
2026-01-24 18:10:45,065 - DeepPrint_prod - INFO - Inicializando Center Loss (Texture) com 801 classes e 96 dims
2026-01-24 18:10:45,069 - DeepPrint_prod - INFO - Inicializando Center Loss (Minutiae) com 801 classes e 96 dims
2026-01-24 18:10:45,075 - DeepPrint_prod - INFO - Center Loss inicializado com 801 classes
2026-01-24 18:10:51,930 - DeepPrint_prod - INFO - Epoch 1 Batch 10/3663 - Loss: 21.2894 - Mem: 1590.7MB
2026-01-24 18:10:57,868 - DeepPrint_prod - INFO - Epoch 1 Batch 20/3663 - Loss: 21.2043 - Mem: 1590.7MB
2026-01-24 18:11:03,828 - DeepPrint_prod - INFO - Epoch 1 Batch 30/3663 - Loss: 21.1441 - Mem: 1590.7MB
2026-01-24 18:11:09,785 - DeepPrint_prod - INFO - Epoch 1 Batch 40/3663 - Loss: 21.1068 - Mem: 1590.7MB
2026-01-24 18:11:15,771 - DeepPrint_prod - INFO - Epoch 1 Batch 50/3663 - Loss: 21.0622 - Mem: 1590.8MB
2026-01-24 18:11:21,795 - DeepPrint_prod - INFO - Epoch 1 Batch 60/3663 - Loss: 21.0341 - Mem: 1590.8MB
2026-01-24 18:11:27,816 - DeepPrint_prod - INFO - Epoch 1 Batch 70/3663 - Loss: 20.9960 - Mem: 1590.8MB
2026-01-24 18:11:33,830 - DeepPrint_prod - INFO - Epoch 1 Batch 80/3663 - Loss: 20.9639 - Mem: 1590.8MB
2026-01-24 18:11:40,114 - DeepPrint_prod - INFO - Epoch 1 Batch 90/3663 - Loss: 20.9316 - Mem: 1590.9MB
2026-01-24 18:11:46,320 - DeepPrint_prod - INFO - Epoch 1 Batch 100/3663 - Loss: 20.8974 - Mem: 1590.9MB
2026-01-24 18:11:52,695 - DeepPrint_prod - INFO - Epoch 1 Batch 110/3663 - Loss: 20.8748 - Mem: 1590.9MB
2026-01-24 18:11:58,948 - DeepPrint_prod - INFO - Epoch 1 Batch 120/3663 - Loss: 20.8490 - Mem: 1590.9MB
2026-01-24 18:12:05,291 - DeepPrint_prod - INFO - Epoch 1 Batch 130/3663 - Loss: 20.8180 - Mem: 1590.9MB
2026-01-24 18:12:11,457 - DeepPrint_prod - INFO - Epoch 1 Batch 140/3663 - Loss: 20.7848 - Mem: 1590.9MB
2026-01-24 18:12:17,556 - DeepPrint_prod - INFO - Epoch 1 Batch 150/3663 - Loss: 20.7526 - Mem: 1590.9MB
2026-01-24 18:12:23,689 - DeepPrint_prod - INFO - Epoch 1 Batch 160/3663 - Loss: 20.7238 - Mem: 1590.9MB
2026-01-24 18:12:29,783 - DeepPrint_prod - INFO - Epoch 1 Batch 170/3663 - Loss: 20.6958 - Mem: 1590.9MB
2026-01-24 18:12:35,862 - DeepPrint_prod - INFO - Epoch 1 Batch 180/3663 - Loss: 20.6722 - Mem: 1590.9MB
2026-01-24 18:12:42,023 - DeepPrint_prod - INFO - Epoch 1 Batch 190/3663 - Loss: 20.6454 - Mem: 1590.9MB
2026-01-24 18:12:48,132 - DeepPrint_prod - INFO - Epoch 1 Batch 200/3663 - Loss: 20.6197 - Mem: 1590.9MB
2026-01-24 18:12:54,406 - DeepPrint_prod - INFO - Epoch 1 Batch 210/3663 - Loss: 20.5916 - Mem: 1590.9MB
2026-01-24 18:13:00,549 - DeepPrint_prod - INFO - Epoch 1 Batch 220/3663 - Loss: 20.5710 - Mem: 1590.9MB
2026-01-24 18:13:06,682 - DeepPrint_prod - INFO - Epoch 1 Batch 230/3663 - Loss: 20.5419 - Mem: 1590.9MB
2026-01-24 18:13:12,886 - DeepPrint_prod - INFO - Epoch 1 Batch 240/3663 - Loss: 20.5165 - Mem: 1590.9MB
2026-01-24 18:13:19,085 - DeepPrint_prod - INFO - Epoch 1 Batch 250/3663 - Loss: 20.4881 - Mem: 1590.9MB
2026-01-24 18:13:25,458 - DeepPrint_prod - INFO - Epoch 1 Batch 260/3663 - Loss: 20.4609 - Mem: 1590.9MB
2026-01-24 18:13:31,826 - DeepPrint_prod - INFO - Epoch 1 Batch 270/3663 - Loss: 20.4352 - Mem: 1590.9MB
2026-01-24 18:13:37,949 - DeepPrint_prod - INFO - Epoch 1 Batch 280/3663 - Loss: 20.4077 - Mem: 1590.9MB
2026-01-24 18:13:44,094 - DeepPrint_prod - INFO - Epoch 1 Batch 290/3663 - Loss: 20.3886 - Mem: 1590.9MB
2026-01-24 18:13:50,242 - DeepPrint_prod - INFO - Epoch 1 Batch 300/3663 - Loss: 20.3676 - Mem: 1590.9MB
2026-01-24 18:13:57,039 - DeepPrint_prod - INFO - Epoch 1 Batch 310/3663 - Loss: 20.3402 - Mem: 1590.9MB
2026-01-24 18:14:03,426 - DeepPrint_prod - INFO - Epoch 1 Batch 320/3663 - Loss: 20.3176 - Mem: 1590.9MB
2026-01-24 18:14:10,016 - DeepPrint_prod - INFO - Epoch 1 Batch 330/3663 - Loss: 20.2926 - Mem: 1590.9MB
2026-01-24 18:14:16,482 - DeepPrint_prod - INFO - Epoch 1 Batch 340/3663 - Loss: 20.2664 - Mem: 1590.9MB
2026-01-24 18:14:22,868 - DeepPrint_prod - INFO - Epoch 1 Batch 350/3663 - Loss: 20.2412 - Mem: 1590.9MB
2026-01-24 18:14:29,215 - DeepPrint_prod - INFO - Epoch 1 Batch 360/3663 - Loss: 20.2132 - Mem: 1591.0MB
2026-01-24 18:14:35,788 - DeepPrint_prod - INFO - Epoch 1 Batch 370/3663 - Loss: 20.1899 - Mem: 1591.0MB
2026-01-24 18:14:42,186 - DeepPrint_prod - INFO - Epoch 1 Batch 380/3663 - Loss: 20.1684 - Mem: 1591.0MB
2026-01-24 18:14:48,427 - DeepPrint_prod - INFO - Epoch 1 Batch 390/3663 - Loss: 20.1445 - Mem: 1591.0MB
2026-01-24 18:14:54,763 - DeepPrint_prod - INFO - Epoch 1 Batch 400/3663 - Loss: 20.1218 - Mem: 1591.0MB
2026-01-24 18:15:00,902 - DeepPrint_prod - INFO - Epoch 1 Batch 410/3663 - Loss: 20.0986 - Mem: 1591.0MB
2026-01-24 18:15:07,205 - DeepPrint_prod - INFO - Epoch 1 Batch 420/3663 - Loss: 20.0779 - Mem: 1591.0MB
2026-01-24 18:15:13,577 - DeepPrint_prod - INFO - Epoch 1 Batch 430/3663 - Loss: 20.0562 - Mem: 1591.0MB
2026-01-24 18:15:19,759 - DeepPrint_prod - INFO - Epoch 1 Batch 440/3663 - Loss: 20.0347 - Mem: 1591.0MB
2026-01-24 18:15:26,108 - DeepPrint_prod - INFO - Epoch 1 Batch 450/3663 - Loss: 20.0128 - Mem: 1591.0MB
2026-01-24 18:15:32,574 - DeepPrint_prod - INFO - Epoch 1 Batch 460/3663 - Loss: 19.9921 - Mem: 1591.0MB
2026-01-24 18:15:38,784 - DeepPrint_prod - INFO - Epoch 1 Batch 470/3663 - Loss: 19.9720 - Mem: 1591.0MB
2026-01-24 18:15:45,069 - DeepPrint_prod - INFO - Epoch 1 Batch 480/3663 - Loss: 19.9501 - Mem: 1591.0MB
2026-01-24 18:15:51,398 - DeepPrint_prod - INFO - Epoch 1 Batch 490/3663 - Loss: 19.9299 - Mem: 1591.0MB
2026-01-24 18:15:57,694 - DeepPrint_prod - INFO - Epoch 1 Batch 500/3663 - Loss: 19.9082 - Mem: 1591.0MB
2026-01-24 18:16:04,112 - DeepPrint_prod - INFO - Epoch 1 Batch 510/3663 - Loss: 19.8875 - Mem: 1591.0MB
2026-01-24 18:16:10,527 - DeepPrint_prod - INFO - Epoch 1 Batch 520/3663 - Loss: 19.8651 - Mem: 1591.0MB
2026-01-24 18:16:16,840 - DeepPrint_prod - INFO - Epoch 1 Batch 530/3663 - Loss: 19.8430 - Mem: 1591.0MB
2026-01-24 18:16:23,420 - DeepPrint_prod - INFO - Epoch 1 Batch 540/3663 - Loss: 19.8213 - Mem: 1591.0MB
2026-01-24 18:16:29,914 - DeepPrint_prod - INFO - Epoch 1 Batch 550/3663 - Loss: 19.8001 - Mem: 1591.0MB
2026-01-24 18:16:36,363 - DeepPrint_prod - INFO - Epoch 1 Batch 560/3663 - Loss: 19.7811 - Mem: 1591.0MB
2026-01-24 18:16:42,897 - DeepPrint_prod - INFO - Epoch 1 Batch 570/3663 - Loss: 19.7608 - Mem: 1591.0MB
2026-01-24 18:16:49,520 - DeepPrint_prod - INFO - Epoch 1 Batch 580/3663 - Loss: 19.7411 - Mem: 1591.0MB
2026-01-24 18:16:55,821 - DeepPrint_prod - INFO - Epoch 1 Batch 590/3663 - Loss: 19.7226 - Mem: 1591.0MB
2026-01-24 18:17:02,136 - DeepPrint_prod - INFO - Epoch 1 Batch 600/3663 - Loss: 19.7019 - Mem: 1591.0MB
2026-01-24 18:17:08,409 - DeepPrint_prod - INFO - Epoch 1 Batch 610/3663 - Loss: 19.6813 - Mem: 1591.0MB
2026-01-24 18:17:14,771 - DeepPrint_prod - INFO - Epoch 1 Batch 620/3663 - Loss: 19.6618 - Mem: 1591.0MB
2026-01-24 18:17:21,004 - DeepPrint_prod - INFO - Epoch 1 Batch 630/3663 - Loss: 19.6417 - Mem: 1591.0MB
2026-01-24 18:17:27,343 - DeepPrint_prod - INFO - Epoch 1 Batch 640/3663 - Loss: 19.6216 - Mem: 1590.8MB
2026-01-24 18:17:33,687 - DeepPrint_prod - INFO - Epoch 1 Batch 650/3663 - Loss: 19.6022 - Mem: 1590.8MB
2026-01-24 18:17:40,026 - DeepPrint_prod - INFO - Epoch 1 Batch 660/3663 - Loss: 19.5856 - Mem: 1590.8MB
2026-01-24 18:17:46,320 - DeepPrint_prod - INFO - Epoch 1 Batch 670/3663 - Loss: 19.5672 - Mem: 1590.8MB
2026-01-24 18:17:52,663 - DeepPrint_prod - INFO - Epoch 1 Batch 680/3663 - Loss: 19.5490 - Mem: 1590.8MB
2026-01-24 18:17:59,011 - DeepPrint_prod - INFO - Epoch 1 Batch 690/3663 - Loss: 19.5292 - Mem: 1590.8MB
2026-01-24 18:18:05,548 - DeepPrint_prod - INFO - Epoch 1 Batch 700/3663 - Loss: 19.5105 - Mem: 1590.8MB
2026-01-24 18:18:12,119 - DeepPrint_prod - INFO - Epoch 1 Batch 710/3663 - Loss: 19.4910 - Mem: 1590.8MB
2026-01-24 18:18:18,643 - DeepPrint_prod - INFO - Epoch 1 Batch 720/3663 - Loss: 19.4718 - Mem: 1590.8MB
2026-01-24 18:18:25,195 - DeepPrint_prod - INFO - Epoch 1 Batch 730/3663 - Loss: 19.4533 - Mem: 1590.8MB
2026-01-24 18:18:31,918 - DeepPrint_prod - INFO - Epoch 1 Batch 740/3663 - Loss: 19.4342 - Mem: 1590.8MB
2026-01-24 18:18:38,565 - DeepPrint_prod - INFO - Epoch 1 Batch 750/3663 - Loss: 19.4164 - Mem: 1590.8MB
2026-01-24 18:18:45,211 - DeepPrint_prod - INFO - Epoch 1 Batch 760/3663 - Loss: 19.3970 - Mem: 1590.8MB
2026-01-24 18:18:51,804 - DeepPrint_prod - INFO - Epoch 1 Batch 770/3663 - Loss: 19.3793 - Mem: 1590.8MB
2026-01-24 18:18:58,236 - DeepPrint_prod - INFO - Epoch 1 Batch 780/3663 - Loss: 19.3610 - Mem: 1590.8MB
2026-01-24 18:19:04,656 - DeepPrint_prod - INFO - Epoch 1 Batch 790/3663 - Loss: 19.3434 - Mem: 1590.8MB
2026-01-24 18:19:11,516 - DeepPrint_prod - INFO - Epoch 1 Batch 800/3663 - Loss: 19.3251 - Mem: 1590.8MB
2026-01-24 18:19:18,996 - DeepPrint_prod - INFO - Epoch 1 Batch 810/3663 - Loss: 19.3065 - Mem: 1590.8MB
2026-01-24 18:19:26,591 - DeepPrint_prod - INFO - Epoch 1 Batch 820/3663 - Loss: 19.2883 - Mem: 1590.8MB
2026-01-24 18:19:33,874 - DeepPrint_prod - INFO - Epoch 1 Batch 830/3663 - Loss: 19.2701 - Mem: 1590.8MB
2026-01-24 18:19:40,605 - DeepPrint_prod - INFO - Epoch 1 Batch 840/3663 - Loss: 19.2530 - Mem: 1590.8MB
2026-01-24 18:19:47,136 - DeepPrint_prod - INFO - Epoch 1 Batch 850/3663 - Loss: 19.2349 - Mem: 1590.8MB
2026-01-24 18:19:53,537 - DeepPrint_prod - INFO - Epoch 1 Batch 860/3663 - Loss: 19.2188 - Mem: 1590.8MB
2026-01-24 18:19:59,858 - DeepPrint_prod - INFO - Epoch 1 Batch 870/3663 - Loss: 19.2021 - Mem: 1590.8MB
2026-01-24 18:20:06,273 - DeepPrint_prod - INFO - Epoch 1 Batch 880/3663 - Loss: 19.1840 - Mem: 1590.8MB
2026-01-24 18:20:12,691 - DeepPrint_prod - INFO - Epoch 1 Batch 890/3663 - Loss: 19.1677 - Mem: 1590.8MB
2026-01-24 18:20:19,123 - DeepPrint_prod - INFO - Epoch 1 Batch 900/3663 - Loss: 19.1515 - Mem: 1590.8MB
2026-01-24 18:20:25,490 - DeepPrint_prod - INFO - Epoch 1 Batch 910/3663 - Loss: 19.1345 - Mem: 1590.8MB
2026-01-24 18:20:31,912 - DeepPrint_prod - INFO - Epoch 1 Batch 920/3663 - Loss: 19.1177 - Mem: 1590.8MB
2026-01-24 18:20:38,354 - DeepPrint_prod - INFO - Epoch 1 Batch 930/3663 - Loss: 19.1004 - Mem: 1590.8MB
2026-01-24 18:20:44,764 - DeepPrint_prod - INFO - Epoch 1 Batch 940/3663 - Loss: 19.0829 - Mem: 1590.8MB
2026-01-24 18:20:51,228 - DeepPrint_prod - INFO - Epoch 1 Batch 950/3663 - Loss: 19.0652 - Mem: 1590.8MB
2026-01-24 18:20:57,602 - DeepPrint_prod - INFO - Epoch 1 Batch 960/3663 - Loss: 19.0479 - Mem: 1590.8MB
2026-01-24 18:21:04,125 - DeepPrint_prod - INFO - Epoch 1 Batch 970/3663 - Loss: 19.0307 - Mem: 1590.8MB
2026-01-24 18:21:10,793 - DeepPrint_prod - INFO - Epoch 1 Batch 980/3663 - Loss: 19.0133 - Mem: 1590.8MB
2026-01-24 18:21:17,887 - DeepPrint_prod - INFO - Epoch 1 Batch 990/3663 - Loss: 18.9971 - Mem: 1590.8MB
2026-01-24 18:21:25,065 - DeepPrint_prod - INFO - Epoch 1 Batch 1000/3663 - Loss: 18.9805 - Mem: 1590.8MB
2026-01-24 18:21:32,315 - DeepPrint_prod - INFO - Epoch 1 Batch 1010/3663 - Loss: 18.9646 - Mem: 1590.8MB
2026-01-24 18:21:39,608 - DeepPrint_prod - INFO - Epoch 1 Batch 1020/3663 - Loss: 18.9485 - Mem: 1590.8MB
2026-01-24 18:21:46,839 - DeepPrint_prod - INFO - Epoch 1 Batch 1030/3663 - Loss: 18.9324 - Mem: 1590.8MB
2026-01-24 18:21:54,004 - DeepPrint_prod - INFO - Epoch 1 Batch 1040/3663 - Loss: 18.9166 - Mem: 1590.8MB
2026-01-24 18:22:01,352 - DeepPrint_prod - INFO - Epoch 1 Batch 1050/3663 - Loss: 18.8996 - Mem: 1590.8MB
2026-01-24 18:22:08,553 - DeepPrint_prod - INFO - Epoch 1 Batch 1060/3663 - Loss: 18.8834 - Mem: 1590.8MB
2026-01-24 18:22:15,644 - DeepPrint_prod - INFO - Epoch 1 Batch 1070/3663 - Loss: 18.8671 - Mem: 1590.8MB
2026-01-24 18:22:22,818 - DeepPrint_prod - INFO - Epoch 1 Batch 1080/3663 - Loss: 18.8505 - Mem: 1590.8MB
2026-01-24 18:22:29,978 - DeepPrint_prod - INFO - Epoch 1 Batch 1090/3663 - Loss: 18.8352 - Mem: 1590.8MB
2026-01-24 18:22:37,217 - DeepPrint_prod - INFO - Epoch 1 Batch 1100/3663 - Loss: 18.8187 - Mem: 1590.8MB
2026-01-24 18:22:44,421 - DeepPrint_prod - INFO - Epoch 1 Batch 1110/3663 - Loss: 18.8038 - Mem: 1590.8MB
2026-01-24 18:22:51,569 - DeepPrint_prod - INFO - Epoch 1 Batch 1120/3663 - Loss: 18.7891 - Mem: 1590.8MB
2026-01-24 18:22:58,659 - DeepPrint_prod - INFO - Epoch 1 Batch 1130/3663 - Loss: 18.7732 - Mem: 1590.8MB
2026-01-24 18:23:05,782 - DeepPrint_prod - INFO - Epoch 1 Batch 1140/3663 - Loss: 18.7579 - Mem: 1590.8MB
2026-01-24 18:23:12,884 - DeepPrint_prod - INFO - Epoch 1 Batch 1150/3663 - Loss: 18.7421 - Mem: 1590.8MB
2026-01-24 18:23:20,015 - DeepPrint_prod - INFO - Epoch 1 Batch 1160/3663 - Loss: 18.7269 - Mem: 1590.8MB
2026-01-24 18:23:27,224 - DeepPrint_prod - INFO - Epoch 1 Batch 1170/3663 - Loss: 18.7116 - Mem: 1590.8MB
2026-01-24 18:23:34,579 - DeepPrint_prod - INFO - Epoch 1 Batch 1180/3663 - Loss: 18.6971 - Mem: 1590.8MB
2026-01-24 18:23:41,902 - DeepPrint_prod - INFO - Epoch 1 Batch 1190/3663 - Loss: 18.6824 - Mem: 1590.8MB
2026-01-24 18:23:49,155 - DeepPrint_prod - INFO - Epoch 1 Batch 1200/3663 - Loss: 18.6671 - Mem: 1590.8MB
2026-01-24 18:23:56,278 - DeepPrint_prod - INFO - Epoch 1 Batch 1210/3663 - Loss: 18.6526 - Mem: 1590.8MB
2026-01-24 18:24:03,647 - DeepPrint_prod - INFO - Epoch 1 Batch 1220/3663 - Loss: 18.6376 - Mem: 1590.8MB
2026-01-24 18:24:10,999 - DeepPrint_prod - INFO - Epoch 1 Batch 1230/3663 - Loss: 18.6215 - Mem: 1590.8MB
2026-01-24 18:24:18,345 - DeepPrint_prod - INFO - Epoch 1 Batch 1240/3663 - Loss: 18.6061 - Mem: 1590.8MB
2026-01-24 18:24:25,819 - DeepPrint_prod - INFO - Epoch 1 Batch 1250/3663 - Loss: 18.5906 - Mem: 1590.8MB
2026-01-24 18:24:33,163 - DeepPrint_prod - INFO - Epoch 1 Batch 1260/3663 - Loss: 18.5749 - Mem: 1590.8MB
2026-01-24 18:24:40,460 - DeepPrint_prod - INFO - Epoch 1 Batch 1270/3663 - Loss: 18.5604 - Mem: 1590.8MB
2026-01-24 18:24:47,846 - DeepPrint_prod - INFO - Epoch 1 Batch 1280/3663 - Loss: 18.5461 - Mem: 1590.8MB
2026-01-24 18:24:55,299 - DeepPrint_prod - INFO - Epoch 1 Batch 1290/3663 - Loss: 18.5315 - Mem: 1590.8MB
2026-01-24 18:25:02,668 - DeepPrint_prod - INFO - Epoch 1 Batch 1300/3663 - Loss: 18.5173 - Mem: 1590.8MB
2026-01-24 18:25:09,855 - DeepPrint_prod - INFO - Epoch 1 Batch 1310/3663 - Loss: 18.5028 - Mem: 1590.8MB
2026-01-24 18:25:17,118 - DeepPrint_prod - INFO - Epoch 1 Batch 1320/3663 - Loss: 18.4884 - Mem: 1590.8MB
2026-01-24 18:25:24,378 - DeepPrint_prod - INFO - Epoch 1 Batch 1330/3663 - Loss: 18.4740 - Mem: 1590.8MB
2026-01-24 18:25:31,751 - DeepPrint_prod - INFO - Epoch 1 Batch 1340/3663 - Loss: 18.4602 - Mem: 1590.8MB
2026-01-24 18:25:39,268 - DeepPrint_prod - INFO - Epoch 1 Batch 1350/3663 - Loss: 18.4463 - Mem: 1590.8MB
2026-01-24 18:25:46,573 - DeepPrint_prod - INFO - Epoch 1 Batch 1360/3663 - Loss: 18.4322 - Mem: 1590.8MB
2026-01-24 18:25:53,877 - DeepPrint_prod - INFO - Epoch 1 Batch 1370/3663 - Loss: 18.4187 - Mem: 1590.8MB
2026-01-24 18:26:01,248 - DeepPrint_prod - INFO - Epoch 1 Batch 1380/3663 - Loss: 18.4047 - Mem: 1590.8MB
2026-01-24 18:26:08,627 - DeepPrint_prod - INFO - Epoch 1 Batch 1390/3663 - Loss: 18.3903 - Mem: 1590.8MB
2026-01-24 18:26:16,259 - DeepPrint_prod - INFO - Epoch 1 Batch 1400/3663 - Loss: 18.3775 - Mem: 1590.8MB
2026-01-24 18:26:23,675 - DeepPrint_prod - INFO - Epoch 1 Batch 1410/3663 - Loss: 18.3640 - Mem: 1590.8MB
2026-01-24 18:26:31,095 - DeepPrint_prod - INFO - Epoch 1 Batch 1420/3663 - Loss: 18.3504 - Mem: 1590.7MB
2026-01-24 18:26:38,550 - DeepPrint_prod - INFO - Epoch 1 Batch 1430/3663 - Loss: 18.3373 - Mem: 1590.7MB
2026-01-24 18:26:46,017 - DeepPrint_prod - INFO - Epoch 1 Batch 1440/3663 - Loss: 18.3238 - Mem: 1590.7MB
2026-01-24 18:26:53,418 - DeepPrint_prod - INFO - Epoch 1 Batch 1450/3663 - Loss: 18.3108 - Mem: 1590.7MB
2026-01-24 18:27:00,835 - DeepPrint_prod - INFO - Epoch 1 Batch 1460/3663 - Loss: 18.2969 - Mem: 1590.7MB
2026-01-24 18:27:08,288 - DeepPrint_prod - INFO - Epoch 1 Batch 1470/3663 - Loss: 18.2835 - Mem: 1590.7MB
2026-01-24 18:27:15,505 - DeepPrint_prod - INFO - Epoch 1 Batch 1480/3663 - Loss: 18.2699 - Mem: 1590.7MB
2026-01-24 18:27:22,663 - DeepPrint_prod - INFO - Epoch 1 Batch 1490/3663 - Loss: 18.2567 - Mem: 1590.6MB
2026-01-24 18:27:29,833 - DeepPrint_prod - INFO - Epoch 1 Batch 1500/3663 - Loss: 18.2437 - Mem: 1590.6MB
2026-01-24 18:27:36,969 - DeepPrint_prod - INFO - Epoch 1 Batch 1510/3663 - Loss: 18.2307 - Mem: 1590.6MB
2026-01-24 18:27:44,166 - DeepPrint_prod - INFO - Epoch 1 Batch 1520/3663 - Loss: 18.2174 - Mem: 1590.6MB
2026-01-24 18:27:51,346 - DeepPrint_prod - INFO - Epoch 1 Batch 1530/3663 - Loss: 18.2040 - Mem: 1590.6MB
2026-01-24 18:27:58,573 - DeepPrint_prod - INFO - Epoch 1 Batch 1540/3663 - Loss: 18.1906 - Mem: 1590.6MB
2026-01-24 18:28:05,763 - DeepPrint_prod - INFO - Epoch 1 Batch 1550/3663 - Loss: 18.1781 - Mem: 1590.6MB
2026-01-24 18:28:12,920 - DeepPrint_prod - INFO - Epoch 1 Batch 1560/3663 - Loss: 18.1654 - Mem: 1590.5MB
2026-01-24 18:28:20,093 - DeepPrint_prod - INFO - Epoch 1 Batch 1570/3663 - Loss: 18.1523 - Mem: 1590.5MB
2026-01-24 18:28:27,390 - DeepPrint_prod - INFO - Epoch 1 Batch 1580/3663 - Loss: 18.1394 - Mem: 1590.4MB
2026-01-24 18:28:34,553 - DeepPrint_prod - INFO - Epoch 1 Batch 1590/3663 - Loss: 18.1263 - Mem: 1590.4MB
2026-01-24 18:28:41,821 - DeepPrint_prod - INFO - Epoch 1 Batch 1600/3663 - Loss: 18.1134 - Mem: 1590.3MB
2026-01-24 18:28:49,064 - DeepPrint_prod - INFO - Epoch 1 Batch 1610/3663 - Loss: 18.1005 - Mem: 1590.3MB
2026-01-24 18:28:56,219 - DeepPrint_prod - INFO - Epoch 1 Batch 1620/3663 - Loss: 18.0875 - Mem: 1590.3MB
2026-01-24 18:29:03,289 - DeepPrint_prod - INFO - Epoch 1 Batch 1630/3663 - Loss: 18.0741 - Mem: 1590.3MB
2026-01-24 18:29:10,430 - DeepPrint_prod - INFO - Epoch 1 Batch 1640/3663 - Loss: 18.0612 - Mem: 1590.3MB
2026-01-24 18:29:17,632 - DeepPrint_prod - INFO - Epoch 1 Batch 1650/3663 - Loss: 18.0485 - Mem: 1590.3MB
2026-01-24 18:29:24,766 - DeepPrint_prod - INFO - Epoch 1 Batch 1660/3663 - Loss: 18.0358 - Mem: 1590.3MB
2026-01-24 18:29:31,898 - DeepPrint_prod - INFO - Epoch 1 Batch 1670/3663 - Loss: 18.0233 - Mem: 1590.3MB
2026-01-24 18:29:39,033 - DeepPrint_prod - INFO - Epoch 1 Batch 1680/3663 - Loss: 18.0109 - Mem: 1590.3MB
2026-01-24 18:29:46,524 - DeepPrint_prod - INFO - Epoch 1 Batch 1690/3663 - Loss: 17.9982 - Mem: 1590.3MB
2026-01-24 18:29:53,899 - DeepPrint_prod - INFO - Epoch 1 Batch 1700/3663 - Loss: 17.9860 - Mem: 1590.3MB
2026-01-24 18:30:01,078 - DeepPrint_prod - INFO - Epoch 1 Batch 1710/3663 - Loss: 17.9740 - Mem: 1590.3MB
2026-01-24 18:30:08,289 - DeepPrint_prod - INFO - Epoch 1 Batch 1720/3663 - Loss: 17.9616 - Mem: 1590.3MB
2026-01-24 18:30:15,561 - DeepPrint_prod - INFO - Epoch 1 Batch 1730/3663 - Loss: 17.9496 - Mem: 1590.3MB
2026-01-24 18:30:22,770 - DeepPrint_prod - INFO - Epoch 1 Batch 1740/3663 - Loss: 17.9371 - Mem: 1590.3MB
2026-01-24 18:30:30,050 - DeepPrint_prod - INFO - Epoch 1 Batch 1750/3663 - Loss: 17.9250 - Mem: 1590.3MB
2026-01-24 18:30:37,330 - DeepPrint_prod - INFO - Epoch 1 Batch 1760/3663 - Loss: 17.9132 - Mem: 1590.2MB
2026-01-24 18:30:44,498 - DeepPrint_prod - INFO - Epoch 1 Batch 1770/3663 - Loss: 17.9007 - Mem: 1590.2MB
2026-01-24 18:30:51,806 - DeepPrint_prod - INFO - Epoch 1 Batch 1780/3663 - Loss: 17.8887 - Mem: 1590.2MB
2026-01-24 18:30:59,031 - DeepPrint_prod - INFO - Epoch 1 Batch 1790/3663 - Loss: 17.8770 - Mem: 1590.2MB
2026-01-24 18:31:06,302 - DeepPrint_prod - INFO - Epoch 1 Batch 1800/3663 - Loss: 17.8650 - Mem: 1590.2MB
2026-01-24 18:31:13,516 - DeepPrint_prod - INFO - Epoch 1 Batch 1810/3663 - Loss: 17.8530 - Mem: 1590.2MB
2026-01-24 18:31:20,791 - DeepPrint_prod - INFO - Epoch 1 Batch 1820/3663 - Loss: 17.8417 - Mem: 1590.2MB
2026-01-24 18:31:28,129 - DeepPrint_prod - INFO - Epoch 1 Batch 1830/3663 - Loss: 17.8298 - Mem: 1590.2MB
2026-01-24 18:31:35,494 - DeepPrint_prod - INFO - Epoch 1 Batch 1840/3663 - Loss: 17.8176 - Mem: 1590.2MB
2026-01-24 18:31:42,807 - DeepPrint_prod - INFO - Epoch 1 Batch 1850/3663 - Loss: 17.8054 - Mem: 1590.1MB
2026-01-24 18:31:50,178 - DeepPrint_prod - INFO - Epoch 1 Batch 1860/3663 - Loss: 17.7935 - Mem: 1590.0MB
2026-01-24 18:31:57,417 - DeepPrint_prod - INFO - Epoch 1 Batch 1870/3663 - Loss: 17.7818 - Mem: 1590.0MB
2026-01-24 18:32:04,820 - DeepPrint_prod - INFO - Epoch 1 Batch 1880/3663 - Loss: 17.7702 - Mem: 1590.0MB
2026-01-24 18:32:12,064 - DeepPrint_prod - INFO - Epoch 1 Batch 1890/3663 - Loss: 17.7586 - Mem: 1590.0MB
2026-01-24 18:32:19,243 - DeepPrint_prod - INFO - Epoch 1 Batch 1900/3663 - Loss: 17.7469 - Mem: 1590.0MB
2026-01-24 18:32:26,405 - DeepPrint_prod - INFO - Epoch 1 Batch 1910/3663 - Loss: 17.7351 - Mem: 1590.0MB
2026-01-24 18:32:33,436 - DeepPrint_prod - INFO - Epoch 1 Batch 1920/3663 - Loss: 17.7238 - Mem: 1590.0MB
2026-01-24 18:32:40,140 - DeepPrint_prod - INFO - Epoch 1 Batch 1930/3663 - Loss: 17.7124 - Mem: 1590.0MB
2026-01-24 18:32:46,778 - DeepPrint_prod - INFO - Epoch 1 Batch 1940/3663 - Loss: 17.7014 - Mem: 1590.0MB
2026-01-24 18:32:53,395 - DeepPrint_prod - INFO - Epoch 1 Batch 1950/3663 - Loss: 17.6896 - Mem: 1590.0MB
2026-01-24 18:33:00,055 - DeepPrint_prod - INFO - Epoch 1 Batch 1960/3663 - Loss: 17.6784 - Mem: 1590.0MB
2026-01-24 18:33:06,618 - DeepPrint_prod - INFO - Epoch 1 Batch 1970/3663 - Loss: 17.6671 - Mem: 1590.0MB
2026-01-24 18:33:13,286 - DeepPrint_prod - INFO - Epoch 1 Batch 1980/3663 - Loss: 17.6558 - Mem: 1590.0MB
2026-01-24 18:33:19,780 - DeepPrint_prod - INFO - Epoch 1 Batch 1990/3663 - Loss: 17.6444 - Mem: 1590.0MB
2026-01-24 18:33:26,347 - DeepPrint_prod - INFO - Epoch 1 Batch 2000/3663 - Loss: 17.6329 - Mem: 1590.0MB
2026-01-24 18:33:32,825 - DeepPrint_prod - INFO - Epoch 1 Batch 2010/3663 - Loss: 17.6222 - Mem: 1590.0MB
2026-01-24 18:33:39,333 - DeepPrint_prod - INFO - Epoch 1 Batch 2020/3663 - Loss: 17.6108 - Mem: 1590.0MB
2026-01-24 18:33:45,836 - DeepPrint_prod - INFO - Epoch 1 Batch 2030/3663 - Loss: 17.5996 - Mem: 1590.0MB
2026-01-24 18:33:52,380 - DeepPrint_prod - INFO - Epoch 1 Batch 2040/3663 - Loss: 17.5884 - Mem: 1590.0MB
2026-01-24 18:33:58,867 - DeepPrint_prod - INFO - Epoch 1 Batch 2050/3663 - Loss: 17.5773 - Mem: 1590.0MB
2026-01-24 18:34:05,398 - DeepPrint_prod - INFO - Epoch 1 Batch 2060/3663 - Loss: 17.5666 - Mem: 1590.0MB
2026-01-24 18:34:12,365 - DeepPrint_prod - INFO - Epoch 1 Batch 2070/3663 - Loss: 17.5560 - Mem: 1589.9MB
2026-01-24 18:34:19,633 - DeepPrint_prod - INFO - Epoch 1 Batch 2080/3663 - Loss: 17.5450 - Mem: 1589.9MB
2026-01-24 18:34:26,908 - DeepPrint_prod - INFO - Epoch 1 Batch 2090/3663 - Loss: 17.5340 - Mem: 1589.8MB
2026-01-24 18:34:34,219 - DeepPrint_prod - INFO - Epoch 1 Batch 2100/3663 - Loss: 17.5230 - Mem: 1589.8MB
