2026-01-17 04:27:21,271 - Experiment_exp2_atencao_espacial - INFO - Iniciando experimento: DeepPrint com Atenção Espacial
2026-01-17 04:27:21,271 - Experiment_exp2_atencao_espacial - INFO - Modo: prod
2026-01-17 04:27:21,271 - Experiment_exp2_atencao_espacial - INFO - ================================================================================
2026-01-17 04:27:21,271 - Experiment_exp2_atencao_espacial - INFO - Experimento: DeepPrint com Atenção Espacial
2026-01-17 04:27:21,271 - Experiment_exp2_atencao_espacial - INFO - Descrição: Adicionar mecanismos de atenção espacial para focar em regiões de alta qualidade
2026-01-17 04:27:21,271 - Experiment_exp2_atencao_espacial - INFO - ================================================================================
2026-01-17 04:27:21,271 - Experiment_exp2_atencao_espacial - INFO - Carregando bases de dados...
2026-01-17 04:27:21,406 - Experiment_exp2_atencao_espacial - INFO - === FVC ===
2026-01-17 04:27:21,406 - Experiment_exp2_atencao_espacial - INFO - Total de imagens: 960
2026-01-17 04:27:21,406 - Experiment_exp2_atencao_espacial - INFO - Total de origens únicas: 120
2026-01-17 04:27:21,406 - Experiment_exp2_atencao_espacial - INFO - Imagens por dataset: {'FVC2000': 320, 'FVC2002': 320, 'FVC2004': 320}
2026-01-17 04:27:21,406 - Experiment_exp2_atencao_espacial - INFO - Versões por origem: min=8, max=8, média=8.0
2026-01-17 04:27:21,434 - Experiment_exp2_atencao_espacial - INFO - === SD302 ===
2026-01-17 04:27:21,434 - Experiment_exp2_atencao_espacial - INFO - Total de imagens: 13630
2026-01-17 04:27:21,434 - Experiment_exp2_atencao_espacial - INFO - Total de origens únicas: 2000
2026-01-17 04:27:21,434 - Experiment_exp2_atencao_espacial - INFO - Imagens por device: {'A': 1960, 'B': 1956, 'C': 1998, 'D': 1987, 'E': 1887, 'F': 2000, 'G': 700, 'H': 1142}
2026-01-17 04:27:21,434 - Experiment_exp2_atencao_espacial - INFO - Versões por origem: min=4, max=8, média=6.8
2026-01-17 04:27:21,434 - Experiment_exp2_atencao_espacial - INFO - Dataset dividido: train=10210, val=2189, test=2191
2026-01-17 04:27:21,435 - Experiment_exp2_atencao_espacial - INFO - Criando modelo: spatial_attention com 512 dimensões
2026-01-17 04:27:23,036 - Experiment_exp2_atencao_espacial - INFO - Iniciando treinamento...
2026-01-17 07:16:25,987 - Experiment_exp2_atencao_espacial - INFO - ================================================================================
2026-01-17 07:16:25,987 - Experiment_exp2_atencao_espacial - INFO - Avaliação no conjunto de teste:
2026-01-17 07:16:25,987 - Experiment_exp2_atencao_espacial - INFO - ================================================================================
2026-01-17 07:16:38,028 - Experiment_exp2_atencao_espacial - INFO - Embeddings extraídos: (2191, 512)
2026-01-17 07:16:41,828 - Experiment_exp2_atencao_espacial - INFO - Pares genuínos: 6563
2026-01-17 07:16:41,828 - Experiment_exp2_atencao_espacial - INFO - Pares impostores: 2392582
2026-01-17 07:16:41,838 - Experiment_exp2_atencao_espacial - INFO - EER: 0.5000
2026-01-17 07:16:41,839 - Experiment_exp2_atencao_espacial - INFO - FAR@FRR=0.1: 1.0000
2026-01-17 07:16:41,839 - Experiment_exp2_atencao_espacial - INFO - FAR@FRR=0.01: 1.0000
2026-01-17 07:16:41,839 - Experiment_exp2_atencao_espacial - INFO - Scores genuínos: média=1.0000, std=0.0000
2026-01-17 07:16:41,843 - Experiment_exp2_atencao_espacial - INFO - Scores impostores: média=1.0000, std=0.0000
2026-01-17 07:16:41,844 - Experiment_exp2_atencao_espacial - INFO - Resultados salvos em /media/DRAGONSTONE/MEGAsync/Forense/Papiloscopia/Compara_Metodos_Automaticos/Plataformas/Experimento/exp2_atencao_espacial/results/test_results_prod.json
2026-01-17 07:16:41,844 - Experiment_exp2_atencao_espacial - INFO - Iniciando validação cruzada...
2026-01-17 07:16:45,718 - Experiment_exp2_atencao_espacial - WARNING - Reduzindo n_splits de 5 para 4 devido ao tamanho do dataset (2191 amostras, 318 classes, min 4 amostras/classe)
2026-01-17 07:16:45,722 - Experiment_exp2_atencao_espacial - INFO - Fold 1/4
2026-01-17 07:16:57,620 - Experiment_exp2_atencao_espacial - INFO - Fold 1 - EER: 0.5000
2026-01-17 07:16:57,620 - Experiment_exp2_atencao_espacial - INFO - Fold 1 - Rank-1: 0.0073
2026-01-17 07:16:57,620 - Experiment_exp2_atencao_espacial - INFO - Fold 2/4
2026-01-17 07:17:09,803 - Experiment_exp2_atencao_espacial - INFO - Fold 2 - EER: 0.5000
2026-01-17 07:17:09,803 - Experiment_exp2_atencao_espacial - INFO - Fold 2 - Rank-1: 0.0091
2026-01-17 07:17:09,803 - Experiment_exp2_atencao_espacial - INFO - Fold 3/4
2026-01-17 07:17:22,155 - Experiment_exp2_atencao_espacial - INFO - Fold 3 - EER: 0.5000
2026-01-17 07:17:22,156 - Experiment_exp2_atencao_espacial - INFO - Fold 3 - Rank-1: 0.0146
2026-01-17 07:17:22,156 - Experiment_exp2_atencao_espacial - INFO - Fold 4/4
2026-01-17 07:17:34,627 - Experiment_exp2_atencao_espacial - INFO - Fold 4 - EER: 0.5000
2026-01-17 07:17:34,627 - Experiment_exp2_atencao_espacial - INFO - Fold 4 - Rank-1: 0.0055
2026-01-17 07:17:34,634 - Experiment_exp2_atencao_espacial - INFO - Resultados salvos em /media/DRAGONSTONE/MEGAsync/Forense/Papiloscopia/Compara_Metodos_Automaticos/Plataformas/Experimento/exp2_atencao_espacial/results/cv_results_prod.json
2026-01-17 07:17:34,634 - Experiment_exp2_atencao_espacial - INFO - ================================================================================
2026-01-17 07:17:34,634 - Experiment_exp2_atencao_espacial - INFO - Resultados da Validação Cruzada:
2026-01-17 07:17:34,634 - Experiment_exp2_atencao_espacial - INFO - ================================================================================
2026-01-17 07:17:34,634 - Experiment_exp2_atencao_espacial - INFO - rank_1: 0.0091 (CI: [0.0037, 0.0146])
2026-01-17 07:17:34,634 - Experiment_exp2_atencao_espacial - INFO - rank_5: 0.0214 (CI: [0.0105, 0.0324])
2026-01-17 07:17:34,635 - Experiment_exp2_atencao_espacial - INFO - rank_10: 0.0374 (CI: [0.0241, 0.0508])
2026-01-17 07:17:34,635 - Experiment_exp2_atencao_espacial - INFO - rank_20: 0.0602 (CI: [0.0485, 0.0720])
2026-01-17 07:17:34,635 - Experiment_exp2_atencao_espacial - INFO - eer: 0.5000 (CI: [0.5000, 0.5000])
2026-01-17 07:17:34,635 - Experiment_exp2_atencao_espacial - INFO - far_at_frr_0.1: 1.0000 (CI: [1.0000, 1.0000])
2026-01-17 07:17:34,635 - Experiment_exp2_atencao_espacial - INFO - far_at_frr_0.01: 1.0000 (CI: [1.0000, 1.0000])
2026-01-17 07:17:34,635 - Experiment_exp2_atencao_espacial - INFO - ================================================================================
2026-01-17 07:17:34,635 - Experiment_exp2_atencao_espacial - INFO - Avaliação Pairwise (todas-contra-todas):
2026-01-17 07:17:34,635 - Experiment_exp2_atencao_espacial - INFO - ================================================================================
2026-01-17 07:17:34,637 - Experiment_exp2_atencao_espacial - INFO - Avaliação pairwise com 2191 amostras
2026-01-17 07:17:34,638 - Experiment_exp2_atencao_espacial - INFO - Total de comparações: 2401336
2026-01-17 07:17:34,638 - Experiment_exp2_atencao_espacial - INFO - Carregando qualidades NFIQ2...
2026-01-17 07:17:34,698 - Experiment_exp2_atencao_espacial - INFO - Qualidades carregadas: 240 arquivos
2026-01-17 07:17:34,698 - Experiment_exp2_atencao_espacial - INFO - Qualidade média: 44.5
2026-01-17 07:17:34,707 - Experiment_exp2_atencao_espacial - INFO - Extraindo embeddings...
2026-01-17 07:17:47,122 - Experiment_exp2_atencao_espacial - INFO - Embeddings extraídos: (2191, 512)
2026-01-17 07:17:47,122 - Experiment_exp2_atencao_espacial - INFO - Realizando comparações todas-contra-todas...
2026-01-17 07:17:47,122 - Experiment_exp2_atencao_espacial - INFO - Iniciando 2401336 comparações (2191 amostras)
2026-01-17 07:20:48,349 - Experiment_exp2_atencao_espacial - INFO - Comparações concluídas em 180.64s
2026-01-17 07:20:48,350 - Experiment_exp2_atencao_espacial - INFO - Pares genuínos: 6563, Pares impostores: 2392582
2026-01-17 07:20:48,350 - Experiment_exp2_atencao_espacial - INFO - Memória pico: 1956.1 MB
2026-01-17 07:20:48,350 - Experiment_exp2_atencao_espacial - INFO - Resultados salvos em /media/DRAGONSTONE/MEGAsync/Forense/Papiloscopia/Compara_Metodos_Automaticos/Plataformas/Experimento/exp2_atencao_espacial/results/pairwise_comparisons_prod.csv
2026-01-17 07:20:48,373 - Experiment_exp2_atencao_espacial - INFO - Estatísticas salvas em /media/DRAGONSTONE/MEGAsync/Forense/Papiloscopia/Compara_Metodos_Automaticos/Plataformas/Experimento/exp2_atencao_espacial/results/pairwise_stats_prod.json
2026-01-17 07:20:48,373 - Experiment_exp2_atencao_espacial - INFO - Comparações realizadas: 2401336
2026-01-17 07:20:48,373 - Experiment_exp2_atencao_espacial - INFO - Pares genuínos: 6563
2026-01-17 07:20:48,373 - Experiment_exp2_atencao_espacial - INFO - Pares impostores: 2392582
2026-01-17 07:20:48,373 - Experiment_exp2_atencao_espacial - INFO - Tempo total: 180.64s
2026-01-17 07:20:48,373 - Experiment_exp2_atencao_espacial - INFO - Memória pico: 1956.1 MB
2026-01-17 07:20:48,373 - Experiment_exp2_atencao_espacial - INFO - CSV salvo em: /media/DRAGONSTONE/MEGAsync/Forense/Papiloscopia/Compara_Metodos_Automaticos/Plataformas/Experimento/exp2_atencao_espacial/results/pairwise_comparisons_prod.csv
2026-01-17 07:20:48,373 - Experiment_exp2_atencao_espacial - INFO - ================================================================================
2026-01-17 07:20:48,373 - Experiment_exp2_atencao_espacial - INFO - Experimento concluído com sucesso!
